<?xml version="1.0" encoding="UTF-8" ?>
<testsuites>
  <testsuite errors="0" failures="0" hostname="lab141" id="0" name="ModelControllerSpec" package="blank" tests="7" time="3.771" timestamp="2014-09-02T09:22:00">
      <properties />

      <testcase classname="blank.ModelControllerSpec" name="Test the index action returns the correct model" time="2.98" />

      <testcase classname="blank.ModelControllerSpec" name="Test the create action returns the correct model" time="0.11" />

      <testcase classname="blank.ModelControllerSpec" name="Test the save action correctly persists an instance" time="0.389" />

      <testcase classname="blank.ModelControllerSpec" name="Test that the show action returns the correct model" time="0.036" />

      <testcase classname="blank.ModelControllerSpec" name="Test that the edit action returns the correct model" time="0.033" />

      <testcase classname="blank.ModelControllerSpec" name="Test the update action performs an update on a valid domain instance" time="0.089" />

      <testcase classname="blank.ModelControllerSpec" name="Test that the delete action deletes an instance if it exists" time="0.062" />

      <system-out><![CDATA[--Output from Test the index action returns the correct model--
--Output from Test the create action returns the correct model--
--Output from Test the save action correctly persists an instance--
--Output from Test that the show action returns the correct model--
--Output from Test that the edit action returns the correct model--
--Output from Test the update action performs an update on a valid domain instance--
--Output from Test that the delete action deletes an instance if it exists--
]]></system-out>

      <system-err><![CDATA[]]></system-err>

  </testsuite>
  <testsuite errors="0" failures="0" hostname="lab141" id="1" name="UserControllerSpec" package="blank" tests="7" time="0.458" timestamp="2014-09-02T09:22:04">
      <properties />

      <testcase classname="blank.UserControllerSpec" name="Test the index action returns the correct model" time="0.151" />

      <testcase classname="blank.UserControllerSpec" name="Test the create action returns the correct model" time="0.022" />

      <testcase classname="blank.UserControllerSpec" name="Test the save action correctly persists an instance" time="0.081" />

      <testcase classname="blank.UserControllerSpec" name="Test that the show action returns the correct model" time="0.03" />

      <testcase classname="blank.UserControllerSpec" name="Test that the edit action returns the correct model" time="0.029" />

      <testcase classname="blank.UserControllerSpec" name="Test the update action performs an update on a valid domain instance" time="0.076" />

      <testcase classname="blank.UserControllerSpec" name="Test that the delete action deletes an instance if it exists" time="0.05" />

      <system-out><![CDATA[--Output from Test the index action returns the correct model--
--Output from Test the create action returns the correct model--
--Output from Test the save action correctly persists an instance--
--Output from Test that the show action returns the correct model--
--Output from Test that the edit action returns the correct model--
--Output from Test the update action performs an update on a valid domain instance--
--Output from Test that the delete action deletes an instance if it exists--
]]></system-out>

      <system-err><![CDATA[]]></system-err>

  </testsuite>
</testsuites>
