# JRE version: Java(TM) SE Runtime Environment (8.0_05-b13) (build 1.8.0_05-b13)
# Java VM: Java HotSpot(TM) 64-Bit Server VM (25.5-b02 mixed mode linux-amd64 compressed oops)
Heap:
 PSYoungGen      total 235520K, used 199188K [0x00000000f0000000, 0x0000000100000000, 0x0000000100000000)
  eden space 219136K, 87% used [0x00000000f0000000,0x00000000fba90c10,0x00000000fd600000)
  from space 16384K, 49% used [0x00000000ff000000,0x00000000ff7f4400,0x0000000100000000)
  to   space 21504K, 0% used [0x00000000fd600000,0x00000000fd600000,0x00000000feb00000)
 ParOldGen       total 91648K, used 75086K [0x00000000d0000000, 0x00000000d5980000, 0x00000000f0000000)
  object space 91648K, 81% used [0x00000000d0000000,0x00000000d4953a08,0x00000000d5980000)
 Metaspace       used 56604K, capacity 57932K, committed 58112K, reserved 1099776K
  class space    used 6414K, capacity 6860K, committed 6912K, reserved 1048576K
GC Heap History (10 events):
Event: 24.811 GC heap before
{Heap before GC invocations=60 (full 5):
 PSYoungGen      total 223744K, used 211309K [0x00000000f0000000, 0x00000000fec80000, 0x0000000100000000)
  eden space 209408K, 100% used [0x00000000f0000000,0x00000000fcc80000,0x00000000fcc80000)
  from space 14336K, 13% used [0x00000000fde80000,0x00000000fe05b570,0x00000000fec80000)
  to   space 16384K, 0% used [0x00000000fcc80000,0x00000000fcc80000,0x00000000fdc80000)
 ParOldGen       total 75264K, used 61315K [0x00000000d0000000, 0x00000000d4980000, 0x00000000f0000000)
  object space 75264K, 81% used [0x00000000d0000000,0x00000000d3be0d28,0x00000000d4980000)
 Metaspace       used 50047K, capacity 51306K, committed 51584K, reserved 1095680K
  class space    used 5600K, capacity 6009K, committed 6016K, reserved 1048576K
Event: 24.830 GC heap after
Heap after GC invocations=60 (full 5):
 PSYoungGen      total 225792K, used 3277K [0x00000000f0000000, 0x00000000ffa80000, 0x0000000100000000)
  eden space 209408K, 0% used [0x00000000f0000000,0x00000000f0000000,0x00000000fcc80000)
  from space 16384K, 20% used [0x00000000fcc80000,0x00000000fcfb37a8,0x00000000fdc80000)
  to   space 15872K, 0% used [0x00000000feb00000,0x00000000feb00000,0x00000000ffa80000)
 ParOldGen       total 75264K, used 61323K [0x00000000d0000000, 0x00000000d4980000, 0x00000000f0000000)
  object space 75264K, 81% used [0x00000000d0000000,0x00000000d3be2d28,0x00000000d4980000)
 Metaspace       used 50047K, capacity 51306K, committed 51584K, reserved 1095680K
  class space    used 5600K, capacity 6009K, committed 6016K, reserved 1048576K
}
Event: 26.219 GC heap before
{Heap before GC invocations=61 (full 5):
 PSYoungGen      total 225792K, used 212685K [0x00000000f0000000, 0x00000000ffa80000, 0x0000000100000000)
  eden space 209408K, 100% used [0x00000000f0000000,0x00000000fcc80000,0x00000000fcc80000)
  from space 16384K, 20% used [0x00000000fcc80000,0x00000000fcfb37a8,0x00000000fdc80000)
  to   space 15872K, 0% used [0x00000000feb00000,0x00000000feb00000,0x00000000ffa80000)
 ParOldGen       total 75264K, used 61323K [0x00000000d0000000, 0x00000000d4980000, 0x00000000f0000000)
  object space 75264K, 81% used [0x00000000d0000000,0x00000000d3be2d28,0x00000000d4980000)
 Metaspace       used 51844K, capacity 53046K, committed 53376K, reserved 1095680K
  class space    used 5853K, capacity 6267K, committed 6272K, reserved 1048576K
Event: 26.236 GC heap after
Heap after GC invocations=61 (full 5):
 PSYoungGen      total 235520K, used 6422K [0x00000000f0000000, 0x00000000ff700000, 0x0000000100000000)
  eden space 223232K, 0% used [0x00000000f0000000,0x00000000f0000000,0x00000000fda00000)
  from space 12288K, 52% used [0x00000000feb00000,0x00000000ff1459e8,0x00000000ff700000)
  to   space 14848K, 0% used [0x00000000fda00000,0x00000000fda00000,0x00000000fe880000)
 ParOldGen       total 75264K, used 61331K [0x00000000d0000000, 0x00000000d4980000, 0x00000000f0000000)
  object space 75264K, 81% used [0x00000000d0000000,0x00000000d3be4d28,0x00000000d4980000)
 Metaspace       used 51844K, capacity 53046K, committed 53376K, reserved 1095680K
  class space    used 5853K, capacity 6267K, committed 6272K, reserved 1048576K
}
Event: 27.911 GC heap before
{Heap before GC invocations=62 (full 5):
 PSYoungGen      total 235520K, used 229654K [0x00000000f0000000, 0x00000000ff700000, 0x0000000100000000)
  eden space 223232K, 100% used [0x00000000f0000000,0x00000000fda00000,0x00000000fda00000)
  from space 12288K, 52% used [0x00000000feb00000,0x00000000ff1459e8,0x00000000ff700000)
  to   space 14848K, 0% used [0x00000000fda00000,0x00000000fda00000,0x00000000fe880000)
 ParOldGen       total 75264K, used 61331K [0x00000000d0000000, 0x00000000d4980000, 0x00000000f0000000)
  object space 75264K, 81% used [0x00000000d0000000,0x00000000d3be4d28,0x00000000d4980000)
 Metaspace       used 52965K, capacity 54288K, committed 54656K, reserved 1097728K
  class space    used 5989K, capacity 6412K, committed 6528K, reserved 1048576K
Event: 27.956 GC heap after
Heap after GC invocations=62 (full 5):
 PSYoungGen      total 238080K, used 12545K [0x00000000f0000000, 0x0000000100000000, 0x0000000100000000)
  eden space 223232K, 0% used [0x00000000f0000000,0x00000000f0000000,0x00000000fda00000)
  from space 14848K, 84% used [0x00000000fda00000,0x00000000fe640628,0x00000000fe880000)
  to   space 16384K, 0% used [0x00000000ff000000,0x00000000ff000000,0x0000000100000000)
 ParOldGen       total 75264K, used 61339K [0x00000000d0000000, 0x00000000d4980000, 0x00000000f0000000)
  object space 75264K, 81% used [0x00000000d0000000,0x00000000d3be6d28,0x00000000d4980000)
 Metaspace       used 52965K, capacity 54288K, committed 54656K, reserved 1097728K
  class space    used 5989K, capacity 6412K, committed 6528K, reserved 1048576K
}
Event: 30.507 GC heap before
{Heap before GC invocations=63 (full 5):
 PSYoungGen      total 238080K, used 229669K [0x00000000f0000000, 0x0000000100000000, 0x0000000100000000)
  eden space 223232K, 97% used [0x00000000f0000000,0x00000000fd408f38,0x00000000fda00000)
  from space 14848K, 84% used [0x00000000fda00000,0x00000000fe640628,0x00000000fe880000)
  to   space 16384K, 0% used [0x00000000ff000000,0x00000000ff000000,0x0000000100000000)
 ParOldGen       total 75264K, used 61339K [0x00000000d0000000, 0x00000000d4980000, 0x00000000f0000000)
  object space 75264K, 81% used [0x00000000d0000000,0x00000000d3be6d28,0x00000000d4980000)
 Metaspace       used 54826K, capacity 56138K, committed 56320K, reserved 1099776K
  class space    used 6155K, capacity 6579K, committed 6656K, reserved 1048576K
Event: 30.556 GC heap after
Heap after GC invocations=63 (full 5):
 PSYoungGen      total 235520K, used 16364K [0x00000000f0000000, 0x0000000100000000, 0x0000000100000000)
  eden space 219136K, 0% used [0x00000000f0000000,0x00000000f0000000,0x00000000fd600000)
  from space 16384K, 99% used [0x00000000ff000000,0x00000000ffffb2e0,0x0000000100000000)
  to   space 21504K, 0% used [0x00000000fd600000,0x00000000fd600000,0x00000000feb00000)
 ParOldGen       total 75264K, used 68009K [0x00000000d0000000, 0x00000000d4980000, 0x00000000f0000000)
  object space 75264K, 90% used [0x00000000d0000000,0x00000000d426a718,0x00000000d4980000)
 Metaspace       used 54826K, capacity 56138K, committed 56320K, reserved 1099776K
  class space    used 6155K, capacity 6579K, committed 6656K, reserved 1048576K
}
Event: 30.556 GC heap before
{Heap before GC invocations=64 (full 6):
 PSYoungGen      total 235520K, used 16364K [0x00000000f0000000, 0x0000000100000000, 0x0000000100000000)
  eden space 219136K, 0% used [0x00000000f0000000,0x00000000f0000000,0x00000000fd600000)
  from space 16384K, 99% used [0x00000000ff000000,0x00000000ffffb2e0,0x0000000100000000)
  to   space 21504K, 0% used [0x00000000fd600000,0x00000000fd600000,0x00000000feb00000)
 ParOldGen       total 75264K, used 68009K [0x00000000d0000000, 0x00000000d4980000, 0x00000000f0000000)
  object space 75264K, 90% used [0x00000000d0000000,0x00000000d426a718,0x00000000d4980000)
 Metaspace       used 54826K, capacity 56138K, committed 56320K, reserved 1099776K
  class space    used 6155K, capacity 6579K, committed 6656K, reserved 1048576K
Event: 32.034 GC heap after
Heap after GC invocations=64 (full 6):
 PSYoungGen      total 235520K, used 8145K [0x00000000f0000000, 0x0000000100000000, 0x0000000100000000)
  eden space 219136K, 0% used [0x00000000f0000000,0x00000000f0000000,0x00000000fd600000)
  from space 16384K, 49% used [0x00000000ff000000,0x00000000ff7f4400,0x0000000100000000)
  to   space 21504K, 0% used [0x00000000fd600000,0x00000000fd600000,0x00000000feb00000)
 ParOldGen       total 91648K, used 75086K [0x00000000d0000000, 0x00000000d5980000, 0x00000000f0000000)
  object space 91648K, 81% used [0x00000000d0000000,0x00000000d4953a08,0x00000000d5980000)
 Metaspace       used 54826K, capacity 56138K, committed 56320K, reserved 1099776K
  class space    used 6155K, capacity 6579K, committed 6656K, reserved 1048576K
}

