# JRE version: Java(TM) SE Runtime Environment (8.0_05-b13) (build 1.8.0_05-b13)
# Java VM: Java HotSpot(TM) 64-Bit Server VM (25.5-b02 mixed mode linux-amd64 compressed oops)
Heap:
 PSYoungGen      total 237056K, used 24866K [0x00000000f0000000, 0x0000000100000000, 0x0000000100000000)
  eden space 211968K, 3% used [0x00000000f0000000,0x00000000f076b830,0x00000000fcf00000)
  from space 25088K, 68% used [0x00000000fcf00000,0x00000000fdfdd198,0x00000000fe780000)
  to   space 25088K, 0% used [0x00000000fe780000,0x00000000fe780000,0x0000000100000000)
 ParOldGen       total 90112K, used 73965K [0x00000000d0000000, 0x00000000d5800000, 0x00000000f0000000)
  object space 90112K, 82% used [0x00000000d0000000,0x00000000d483b468,0x00000000d5800000)
 Metaspace       used 57059K, capacity 58436K, committed 58608K, reserved 1101824K
  class space    used 6441K, capacity 6881K, committed 6912K, reserved 1048576K
GC Heap History (10 events):
Event: 7,779 GC heap before
{Heap before GC invocations=59 (full 5):
 PSYoungGen      total 238592K, used 218622K [0x00000000f0000000, 0x0000000100000000, 0x0000000100000000)
  eden space 216064K, 100% used [0x00000000f0000000,0x00000000fd300000,0x00000000fd300000)
  from space 22528K, 11% used [0x00000000fd300000,0x00000000fd57f9c0,0x00000000fe900000)
  to   space 22016K, 0% used [0x00000000fea80000,0x00000000fea80000,0x0000000100000000)
 ParOldGen       total 74240K, used 60781K [0x00000000d0000000, 0x00000000d4880000, 0x00000000f0000000)
  object space 74240K, 81% used [0x00000000d0000000,0x00000000d3b5b700,0x00000000d4880000)
 Metaspace       used 51667K, capacity 52942K, committed 53104K, reserved 1095680K
  class space    used 5840K, capacity 6236K, committed 6272K, reserved 1048576K
Event: 7,786 GC heap after
Heap after GC invocations=59 (full 5):
 PSYoungGen      total 237056K, used 6541K [0x00000000f0000000, 0x00000000ffd80000, 0x0000000100000000)
  eden space 217600K, 0% used [0x00000000f0000000,0x00000000f0000000,0x00000000fd480000)
  from space 19456K, 33% used [0x00000000fea80000,0x00000000ff0e3770,0x00000000ffd80000)
  to   space 20992K, 0% used [0x00000000fd480000,0x00000000fd480000,0x00000000fe900000)
 ParOldGen       total 74240K, used 60789K [0x00000000d0000000, 0x00000000d4880000, 0x00000000f0000000)
  object space 74240K, 81% used [0x00000000d0000000,0x00000000d3b5d700,0x00000000d4880000)
 Metaspace       used 51667K, capacity 52942K, committed 53104K, reserved 1095680K
  class space    used 5840K, capacity 6236K, committed 6272K, reserved 1048576K
}
Event: 8,259 GC heap before
{Heap before GC invocations=60 (full 5):
 PSYoungGen      total 237056K, used 224141K [0x00000000f0000000, 0x00000000ffd80000, 0x0000000100000000)
  eden space 217600K, 100% used [0x00000000f0000000,0x00000000fd480000,0x00000000fd480000)
  from space 19456K, 33% used [0x00000000fea80000,0x00000000ff0e3770,0x00000000ffd80000)
  to   space 20992K, 0% used [0x00000000fd480000,0x00000000fd480000,0x00000000fe900000)
 ParOldGen       total 74240K, used 60789K [0x00000000d0000000, 0x00000000d4880000, 0x00000000f0000000)
  object space 74240K, 81% used [0x00000000d0000000,0x00000000d3b5d700,0x00000000d4880000)
 Metaspace       used 52671K, capacity 54058K, committed 54256K, reserved 1097728K
  class space    used 5970K, capacity 6383K, committed 6400K, reserved 1048576K
Event: 8,273 GC heap after
Heap after GC invocations=60 (full 5):
 PSYoungGen      total 238592K, used 11818K [0x00000000f0000000, 0x0000000100000000, 0x0000000100000000)
  eden space 217600K, 0% used [0x00000000f0000000,0x00000000f0000000,0x00000000fd480000)
  from space 20992K, 56% used [0x00000000fd480000,0x00000000fe00ab08,0x00000000fe900000)
  to   space 20992K, 0% used [0x00000000feb80000,0x00000000feb80000,0x0000000100000000)
 ParOldGen       total 74240K, used 60797K [0x00000000d0000000, 0x00000000d4880000, 0x00000000f0000000)
  object space 74240K, 81% used [0x00000000d0000000,0x00000000d3b5f700,0x00000000d4880000)
 Metaspace       used 52671K, capacity 54058K, committed 54256K, reserved 1097728K
  class space    used 5970K, capacity 6383K, committed 6400K, reserved 1048576K
}
Event: 8,889 GC heap before
{Heap before GC invocations=61 (full 5):
 PSYoungGen      total 238592K, used 225100K [0x00000000f0000000, 0x0000000100000000, 0x0000000100000000)
  eden space 217600K, 98% used [0x00000000f0000000,0x00000000fd048648,0x00000000fd480000)
  from space 20992K, 56% used [0x00000000fd480000,0x00000000fe00ab08,0x00000000fe900000)
  to   space 20992K, 0% used [0x00000000feb80000,0x00000000feb80000,0x0000000100000000)
 ParOldGen       total 74240K, used 60797K [0x00000000d0000000, 0x00000000d4880000, 0x00000000f0000000)
  object space 74240K, 81% used [0x00000000d0000000,0x00000000d3b5f700,0x00000000d4880000)
 Metaspace       used 54538K, capacity 55938K, committed 56304K, reserved 1099776K
  class space    used 6131K, capacity 6580K, committed 6656K, reserved 1048576K
Event: 8,907 GC heap after
Heap after GC invocations=61 (full 5):
 PSYoungGen      total 232960K, used 20986K [0x00000000f0000000, 0x0000000100000000, 0x0000000100000000)
  eden space 211968K, 0% used [0x00000000f0000000,0x00000000f0000000,0x00000000fcf00000)
  from space 20992K, 99% used [0x00000000feb80000,0x00000000ffffea38,0x0000000100000000)
  to   space 25088K, 0% used [0x00000000fcf00000,0x00000000fcf00000,0x00000000fe780000)
 ParOldGen       total 74240K, used 62287K [0x00000000d0000000, 0x00000000d4880000, 0x00000000f0000000)
  object space 74240K, 83% used [0x00000000d0000000,0x00000000d3cd3e60,0x00000000d4880000)
 Metaspace       used 54538K, capacity 55938K, committed 56304K, reserved 1099776K
  class space    used 6131K, capacity 6580K, committed 6656K, reserved 1048576K
}
Event: 9,349 GC heap before
{Heap before GC invocations=62 (full 5):
 PSYoungGen      total 232960K, used 232954K [0x00000000f0000000, 0x0000000100000000, 0x0000000100000000)
  eden space 211968K, 100% used [0x00000000f0000000,0x00000000fcf00000,0x00000000fcf00000)
  from space 20992K, 99% used [0x00000000feb80000,0x00000000ffffea38,0x0000000100000000)
  to   space 25088K, 0% used [0x00000000fcf00000,0x00000000fcf00000,0x00000000fe780000)
 ParOldGen       total 74240K, used 62287K [0x00000000d0000000, 0x00000000d4880000, 0x00000000f0000000)
  object space 74240K, 83% used [0x00000000d0000000,0x00000000d3cd3e60,0x00000000d4880000)
 Metaspace       used 56946K, capacity 58332K, committed 58608K, reserved 1101824K
  class space    used 6432K, capacity 6846K, committed 6912K, reserved 1048576K
Event: 9,370 GC heap after
Heap after GC invocations=62 (full 5):
 PSYoungGen      total 237056K, used 25086K [0x00000000f0000000, 0x0000000100000000, 0x0000000100000000)
  eden space 211968K, 0% used [0x00000000f0000000,0x00000000f0000000,0x00000000fcf00000)
  from space 25088K, 99% used [0x00000000fcf00000,0x00000000fe77fb40,0x00000000fe780000)
  to   space 25088K, 0% used [0x00000000fe780000,0x00000000fe780000,0x0000000100000000)
 ParOldGen       total 74240K, used 68684K [0x00000000d0000000, 0x00000000d4880000, 0x00000000f0000000)
  object space 74240K, 92% used [0x00000000d0000000,0x00000000d43131e0,0x00000000d4880000)
 Metaspace       used 56946K, capacity 58332K, committed 58608K, reserved 1101824K
  class space    used 6432K, capacity 6846K, committed 6912K, reserved 1048576K
}
Event: 9,370 GC heap before
{Heap before GC invocations=63 (full 6):
 PSYoungGen      total 237056K, used 25086K [0x00000000f0000000, 0x0000000100000000, 0x0000000100000000)
  eden space 211968K, 0% used [0x00000000f0000000,0x00000000f0000000,0x00000000fcf00000)
  from space 25088K, 99% used [0x00000000fcf00000,0x00000000fe77fb40,0x00000000fe780000)
  to   space 25088K, 0% used [0x00000000fe780000,0x00000000fe780000,0x0000000100000000)
 ParOldGen       total 74240K, used 68684K [0x00000000d0000000, 0x00000000d4880000, 0x00000000f0000000)
  object space 74240K, 92% used [0x00000000d0000000,0x00000000d43131e0,0x00000000d4880000)
 Metaspace       used 56946K, capacity 58332K, committed 58608K, reserved 1101824K
  class space    used 6432K, capacity 6846K, committed 6912K, reserved 1048576K
Event: 9,871 GC heap after
Heap after GC invocations=63 (full 6):
 PSYoungGen      total 237056K, used 17268K [0x00000000f0000000, 0x0000000100000000, 0x0000000100000000)
  eden space 211968K, 0% used [0x00000000f0000000,0x00000000f0000000,0x00000000fcf00000)
  from space 25088K, 68% used [0x00000000fcf00000,0x00000000fdfdd198,0x00000000fe780000)
  to   space 25088K, 0% used [0x00000000fe780000,0x00000000fe780000,0x0000000100000000)
 ParOldGen       total 90112K, used 73965K [0x00000000d0000000, 0x00000000d5800000, 0x00000000f0000000)
  object space 90112K, 82% used [0x00000000d0000000,0x00000000d483b468,0x00000000d5800000)
 Metaspace       used 56946K, capacity 58332K, committed 58608K, reserved 1101824K
  class space    used 6432K, capacity 6846K, committed 6912K, reserved 1048576K
}

