# JRE version: Java(TM) SE Runtime Environment (8.0_05-b13) (build 1.8.0_05-b13)
# Java VM: Java HotSpot(TM) 64-Bit Server VM (25.5-b02 mixed mode linux-amd64 compressed oops)
Heap:
 PSYoungGen      total 225280K, used 118160K [0x00000000f0000000, 0x0000000100000000, 0x0000000100000000)
  eden space 192512K, 44% used [0x00000000f0000000,0x00000000f5399990,0x00000000fbc00000)
  from space 32768K, 99% used [0x00000000fbc00000,0x00000000fdbca700,0x00000000fdc00000)
  to   space 36864K, 0% used [0x00000000fdc00000,0x00000000fdc00000,0x0000000100000000)
 ParOldGen       total 74752K, used 60817K [0x00000000d0000000, 0x00000000d4900000, 0x00000000f0000000)
  object space 74752K, 81% used [0x00000000d0000000,0x00000000d3b64440,0x00000000d4900000)
 Metaspace       used 58515K, capacity 60074K, committed 60160K, reserved 1101824K
  class space    used 6627K, capacity 7127K, committed 7168K, reserved 1048576K
GC Heap History (10 events):
Event: 36.583 GC heap before
{Heap before GC invocations=64 (full 5):
 PSYoungGen      total 224256K, used 190778K [0x00000000f0000000, 0x00000000fff00000, 0x0000000100000000)
  eden space 188416K, 100% used [0x00000000f0000000,0x00000000fb800000,0x00000000fb800000)
  from space 35840K, 6% used [0x00000000fdc00000,0x00000000fde4ebc8,0x00000000fff00000)
  to   space 36352K, 0% used [0x00000000fb800000,0x00000000fb800000,0x00000000fdb80000)
 ParOldGen       total 74752K, used 60309K [0x00000000d0000000, 0x00000000d4900000, 0x00000000f0000000)
  object space 74752K, 80% used [0x00000000d0000000,0x00000000d3ae5430,0x00000000d4900000)
 Metaspace       used 51322K, capacity 52564K, committed 52864K, reserved 1095680K
  class space    used 5806K, capacity 6170K, committed 6272K, reserved 1048576K
Event: 36.605 GC heap after
Heap after GC invocations=64 (full 5):
 PSYoungGen      total 224768K, used 4026K [0x00000000f0000000, 0x00000000ffd80000, 0x0000000100000000)
  eden space 188416K, 0% used [0x00000000f0000000,0x00000000f0000000,0x00000000fb800000)
  from space 36352K, 11% used [0x00000000fb800000,0x00000000fbbee910,0x00000000fdb80000)
  to   space 34816K, 0% used [0x00000000fdb80000,0x00000000fdb80000,0x00000000ffd80000)
 ParOldGen       total 74752K, used 60785K [0x00000000d0000000, 0x00000000d4900000, 0x00000000f0000000)
  object space 74752K, 81% used [0x00000000d0000000,0x00000000d3b5c440,0x00000000d4900000)
 Metaspace       used 51322K, capacity 52564K, committed 52864K, reserved 1095680K
  class space    used 5806K, capacity 6170K, committed 6272K, reserved 1048576K
}
Event: 38.277 GC heap before
{Heap before GC invocations=65 (full 5):
 PSYoungGen      total 224768K, used 192442K [0x00000000f0000000, 0x00000000ffd80000, 0x0000000100000000)
  eden space 188416K, 100% used [0x00000000f0000000,0x00000000fb800000,0x00000000fb800000)
  from space 36352K, 11% used [0x00000000fb800000,0x00000000fbbee910,0x00000000fdb80000)
  to   space 34816K, 0% used [0x00000000fdb80000,0x00000000fdb80000,0x00000000ffd80000)
 ParOldGen       total 74752K, used 60785K [0x00000000d0000000, 0x00000000d4900000, 0x00000000f0000000)
  object space 74752K, 81% used [0x00000000d0000000,0x00000000d3b5c440,0x00000000d4900000)
 Metaspace       used 52243K, capacity 53484K, committed 53760K, reserved 1097728K
  class space    used 5920K, capacity 6303K, committed 6400K, reserved 1048576K
Event: 38.314 GC heap after
Heap after GC invocations=65 (full 5):
 PSYoungGen      total 223744K, used 8343K [0x00000000f0000000, 0x00000000ffb80000, 0x0000000100000000)
  eden space 190976K, 0% used [0x00000000f0000000,0x00000000f0000000,0x00000000fba80000)
  from space 32768K, 25% used [0x00000000fdb80000,0x00000000fe3a5e50,0x00000000ffb80000)
  to   space 33280K, 0% used [0x00000000fba80000,0x00000000fba80000,0x00000000fdb00000)
 ParOldGen       total 74752K, used 60793K [0x00000000d0000000, 0x00000000d4900000, 0x00000000f0000000)
  object space 74752K, 81% used [0x00000000d0000000,0x00000000d3b5e440,0x00000000d4900000)
 Metaspace       used 52243K, capacity 53484K, committed 53760K, reserved 1097728K
  class space    used 5920K, capacity 6303K, committed 6400K, reserved 1048576K
}
Event: 40.326 GC heap before
{Heap before GC invocations=66 (full 5):
 PSYoungGen      total 223744K, used 199319K [0x00000000f0000000, 0x00000000ffb80000, 0x0000000100000000)
  eden space 190976K, 100% used [0x00000000f0000000,0x00000000fba80000,0x00000000fba80000)
  from space 32768K, 25% used [0x00000000fdb80000,0x00000000fe3a5e50,0x00000000ffb80000)
  to   space 33280K, 0% used [0x00000000fba80000,0x00000000fba80000,0x00000000fdb00000)
 ParOldGen       total 74752K, used 60793K [0x00000000d0000000, 0x00000000d4900000, 0x00000000f0000000)
  object space 74752K, 81% used [0x00000000d0000000,0x00000000d3b5e440,0x00000000d4900000)
 Metaspace       used 53235K, capacity 54518K, committed 54912K, reserved 1097728K
  class space    used 6052K, capacity 6446K, committed 6528K, reserved 1048576K
Event: 40.388 GC heap after
Heap after GC invocations=66 (full 5):
 PSYoungGen      total 224256K, used 14682K [0x00000000f0000000, 0x00000000ffe80000, 0x0000000100000000)
  eden space 190976K, 0% used [0x00000000f0000000,0x00000000f0000000,0x00000000fba80000)
  from space 33280K, 44% used [0x00000000fba80000,0x00000000fc8d6ac0,0x00000000fdb00000)
  to   space 32256K, 0% used [0x00000000fdf00000,0x00000000fdf00000,0x00000000ffe80000)
 ParOldGen       total 74752K, used 60801K [0x00000000d0000000, 0x00000000d4900000, 0x00000000f0000000)
  object space 74752K, 81% used [0x00000000d0000000,0x00000000d3b60440,0x00000000d4900000)
 Metaspace       used 53235K, capacity 54518K, committed 54912K, reserved 1097728K
  class space    used 6052K, capacity 6446K, committed 6528K, reserved 1048576K
}
Event: 42.748 GC heap before
{Heap before GC invocations=67 (full 5):
 PSYoungGen      total 224256K, used 205658K [0x00000000f0000000, 0x00000000ffe80000, 0x0000000100000000)
  eden space 190976K, 100% used [0x00000000f0000000,0x00000000fba80000,0x00000000fba80000)
  from space 33280K, 44% used [0x00000000fba80000,0x00000000fc8d6ac0,0x00000000fdb00000)
  to   space 32256K, 0% used [0x00000000fdf00000,0x00000000fdf00000,0x00000000ffe80000)
 ParOldGen       total 74752K, used 60801K [0x00000000d0000000, 0x00000000d4900000, 0x00000000f0000000)
  object space 74752K, 81% used [0x00000000d0000000,0x00000000d3b60440,0x00000000d4900000)
 Metaspace       used 54737K, capacity 56078K, committed 56320K, reserved 1099776K
  class space    used 6162K, capacity 6579K, committed 6656K, reserved 1048576K
Event: 42.844 GC heap after
Heap after GC invocations=67 (full 5):
 PSYoungGen      total 224768K, used 23231K [0x00000000f0000000, 0x0000000100000000, 0x0000000100000000)
  eden space 192512K, 0% used [0x00000000f0000000,0x00000000f0000000,0x00000000fbc00000)
  from space 32256K, 72% used [0x00000000fdf00000,0x00000000ff5afc70,0x00000000ffe80000)
  to   space 34816K, 0% used [0x00000000fbc00000,0x00000000fbc00000,0x00000000fde00000)
 ParOldGen       total 74752K, used 60809K [0x00000000d0000000, 0x00000000d4900000, 0x00000000f0000000)
  object space 74752K, 81% used [0x00000000d0000000,0x00000000d3b62440,0x00000000d4900000)
 Metaspace       used 54737K, capacity 56078K, committed 56320K, reserved 1099776K
  class space    used 6162K, capacity 6579K, committed 6656K, reserved 1048576K
}
Event: 44.695 GC heap before
{Heap before GC invocations=68 (full 5):
 PSYoungGen      total 224768K, used 215743K [0x00000000f0000000, 0x0000000100000000, 0x0000000100000000)
  eden space 192512K, 100% used [0x00000000f0000000,0x00000000fbc00000,0x00000000fbc00000)
  from space 32256K, 72% used [0x00000000fdf00000,0x00000000ff5afc70,0x00000000ffe80000)
  to   space 34816K, 0% used [0x00000000fbc00000,0x00000000fbc00000,0x00000000fde00000)
 ParOldGen       total 74752K, used 60809K [0x00000000d0000000, 0x00000000d4900000, 0x00000000f0000000)
  object space 74752K, 81% used [0x00000000d0000000,0x00000000d3b62440,0x00000000d4900000)
 Metaspace       used 57095K, capacity 58454K, committed 58752K, reserved 1101824K
  class space    used 6471K, capacity 6927K, committed 7040K, reserved 1048576K
Event: 44.831 GC heap after
Heap after GC invocations=68 (full 5):
 PSYoungGen      total 225280K, used 32553K [0x00000000f0000000, 0x0000000100000000, 0x0000000100000000)
  eden space 192512K, 0% used [0x00000000f0000000,0x00000000f0000000,0x00000000fbc00000)
  from space 32768K, 99% used [0x00000000fbc00000,0x00000000fdbca700,0x00000000fdc00000)
  to   space 36864K, 0% used [0x00000000fdc00000,0x00000000fdc00000,0x0000000100000000)
 ParOldGen       total 74752K, used 60817K [0x00000000d0000000, 0x00000000d4900000, 0x00000000f0000000)
  object space 74752K, 81% used [0x00000000d0000000,0x00000000d3b64440,0x00000000d4900000)
 Metaspace       used 57095K, capacity 58454K, committed 58752K, reserved 1101824K
  class space    used 6471K, capacity 6927K, committed 7040K, reserved 1048576K
}

