# JRE version: Java(TM) SE Runtime Environment (8.0_05-b13) (build 1.8.0_05-b13)
# Java VM: Java HotSpot(TM) 64-Bit Server VM (25.5-b02 mixed mode linux-amd64 compressed oops)
Heap:
 PSYoungGen      total 236544K, used 87803K [0x00000000f0000000, 0x0000000100000000, 0x0000000100000000)
  eden space 210944K, 30% used [0x00000000f0000000,0x00000000f3e82d58,0x00000000fce00000)
  from space 25600K, 92% used [0x00000000fce00000,0x00000000fe53bee0,0x00000000fe700000)
  to   space 25600K, 0% used [0x00000000fe700000,0x00000000fe700000,0x0000000100000000)
 ParOldGen       total 78848K, used 63540K [0x00000000d0000000, 0x00000000d4d00000, 0x00000000f0000000)
  object space 78848K, 80% used [0x00000000d0000000,0x00000000d3e0d3f8,0x00000000d4d00000)
 Metaspace       used 56186K, capacity 57590K, committed 57856K, reserved 1099776K
  class space    used 6392K, capacity 6839K, committed 6912K, reserved 1048576K
GC Heap History (10 events):
Event: 9,897 GC heap before
{Heap before GC invocations=52 (full 4):
 PSYoungGen      total 238592K, used 225775K [0x00000000f0000000, 0x0000000100000000, 0x0000000100000000)
  eden space 215040K, 98% used [0x00000000f0000000,0x00000000fcfcf368,0x00000000fd200000)
  from space 23552K, 55% used [0x00000000fd200000,0x00000000fdeac910,0x00000000fe900000)
  to   space 23040K, 0% used [0x00000000fe980000,0x00000000fe980000,0x0000000100000000)
 ParOldGen       total 64000K, used 49070K [0x00000000d0000000, 0x00000000d3e80000, 0x00000000f0000000)
  object space 64000K, 76% used [0x00000000d0000000,0x00000000d2febb08,0x00000000d3e80000)
 Metaspace       used 51033K, capacity 52298K, committed 52608K, reserved 1095680K
  class space    used 5758K, capacity 6172K, committed 6272K, reserved 1048576K
Event: 9,912 GC heap after
Heap after GC invocations=52 (full 4):
 PSYoungGen      total 236032K, used 10561K [0x00000000f0000000, 0x00000000ffd80000, 0x0000000100000000)
  eden space 215552K, 0% used [0x00000000f0000000,0x00000000f0000000,0x00000000fd280000)
  from space 20480K, 51% used [0x00000000fe980000,0x00000000ff3d05c0,0x00000000ffd80000)
  to   space 22016K, 0% used [0x00000000fd280000,0x00000000fd280000,0x00000000fe800000)
 ParOldGen       total 64000K, used 53642K [0x00000000d0000000, 0x00000000d3e80000, 0x00000000f0000000)
  object space 64000K, 83% used [0x00000000d0000000,0x00000000d3462b08,0x00000000d3e80000)
 Metaspace       used 51033K, capacity 52298K, committed 52608K, reserved 1095680K
  class space    used 5758K, capacity 6172K, committed 6272K, reserved 1048576K
}
Event: 10,255 GC heap before
{Heap before GC invocations=53 (full 4):
 PSYoungGen      total 236032K, used 226113K [0x00000000f0000000, 0x00000000ffd80000, 0x0000000100000000)
  eden space 215552K, 100% used [0x00000000f0000000,0x00000000fd280000,0x00000000fd280000)
  from space 20480K, 51% used [0x00000000fe980000,0x00000000ff3d05c0,0x00000000ffd80000)
  to   space 22016K, 0% used [0x00000000fd280000,0x00000000fd280000,0x00000000fe800000)
 ParOldGen       total 64000K, used 53642K [0x00000000d0000000, 0x00000000d3e80000, 0x00000000f0000000)
  object space 64000K, 83% used [0x00000000d0000000,0x00000000d3462b08,0x00000000d3e80000)
 Metaspace       used 52058K, capacity 53308K, committed 53632K, reserved 1097728K
  class space    used 5890K, capacity 6271K, committed 6272K, reserved 1048576K
Event: 10,268 GC heap after
Heap after GC invocations=53 (full 4):
 PSYoungGen      total 237568K, used 14267K [0x00000000f0000000, 0x0000000100000000, 0x0000000100000000)
  eden space 215552K, 0% used [0x00000000f0000000,0x00000000f0000000,0x00000000fd280000)
  from space 22016K, 64% used [0x00000000fd280000,0x00000000fe06ee90,0x00000000fe800000)
  to   space 22528K, 0% used [0x00000000fea00000,0x00000000fea00000,0x0000000100000000)
 ParOldGen       total 64000K, used 53650K [0x00000000d0000000, 0x00000000d3e80000, 0x00000000f0000000)
  object space 64000K, 83% used [0x00000000d0000000,0x00000000d3464b08,0x00000000d3e80000)
 Metaspace       used 52058K, capacity 53308K, committed 53632K, reserved 1097728K
  class space    used 5890K, capacity 6271K, committed 6272K, reserved 1048576K
}
Event: 10,816 GC heap before
{Heap before GC invocations=54 (full 4):
 PSYoungGen      total 237568K, used 229819K [0x00000000f0000000, 0x0000000100000000, 0x0000000100000000)
  eden space 215552K, 100% used [0x00000000f0000000,0x00000000fd280000,0x00000000fd280000)
  from space 22016K, 64% used [0x00000000fd280000,0x00000000fe06ee90,0x00000000fe800000)
  to   space 22528K, 0% used [0x00000000fea00000,0x00000000fea00000,0x0000000100000000)
 ParOldGen       total 64000K, used 53650K [0x00000000d0000000, 0x00000000d3e80000, 0x00000000f0000000)
  object space 64000K, 83% used [0x00000000d0000000,0x00000000d3464b08,0x00000000d3e80000)
 Metaspace       used 53424K, capacity 54802K, committed 54912K, reserved 1097728K
  class space    used 6045K, capacity 6481K, committed 6528K, reserved 1048576K
Event: 10,836 GC heap after
Heap after GC invocations=54 (full 4):
 PSYoungGen      total 233472K, used 22522K [0x00000000f0000000, 0x0000000100000000, 0x0000000100000000)
  eden space 210944K, 0% used [0x00000000f0000000,0x00000000f0000000,0x00000000fce00000)
  from space 22528K, 99% used [0x00000000fea00000,0x00000000ffffeb78,0x0000000100000000)
  to   space 25600K, 0% used [0x00000000fce00000,0x00000000fce00000,0x00000000fe700000)
 ParOldGen       total 64000K, used 53825K [0x00000000d0000000, 0x00000000d3e80000, 0x00000000f0000000)
  object space 64000K, 84% used [0x00000000d0000000,0x00000000d3490638,0x00000000d3e80000)
 Metaspace       used 53424K, capacity 54802K, committed 54912K, reserved 1097728K
  class space    used 6045K, capacity 6481K, committed 6528K, reserved 1048576K
}
Event: 11,422 GC heap before
{Heap before GC invocations=55 (full 4):
 PSYoungGen      total 233472K, used 230514K [0x00000000f0000000, 0x0000000100000000, 0x0000000100000000)
  eden space 210944K, 98% used [0x00000000f0000000,0x00000000fcb1e028,0x00000000fce00000)
  from space 22528K, 99% used [0x00000000fea00000,0x00000000ffffeb78,0x0000000100000000)
  to   space 25600K, 0% used [0x00000000fce00000,0x00000000fce00000,0x00000000fe700000)
 ParOldGen       total 64000K, used 53825K [0x00000000d0000000, 0x00000000d3e80000, 0x00000000f0000000)
  object space 64000K, 84% used [0x00000000d0000000,0x00000000d3490638,0x00000000d3e80000)
 Metaspace       used 55905K, capacity 57284K, committed 57472K, reserved 1099776K
  class space    used 6334K, capacity 6773K, committed 6784K, reserved 1048576K
Event: 11,456 GC heap after
Heap after GC invocations=55 (full 4):
 PSYoungGen      total 236544K, used 25580K [0x00000000f0000000, 0x0000000100000000, 0x0000000100000000)
  eden space 210944K, 0% used [0x00000000f0000000,0x00000000f0000000,0x00000000fce00000)
  from space 25600K, 99% used [0x00000000fce00000,0x00000000fe6fb078,0x00000000fe700000)
  to   space 25600K, 0% used [0x00000000fe700000,0x00000000fe700000,0x0000000100000000)
 ParOldGen       total 64000K, used 63096K [0x00000000d0000000, 0x00000000d3e80000, 0x00000000f0000000)
  object space 64000K, 98% used [0x00000000d0000000,0x00000000d3d9e2e0,0x00000000d3e80000)
 Metaspace       used 55905K, capacity 57284K, committed 57472K, reserved 1099776K
  class space    used 6334K, capacity 6773K, committed 6784K, reserved 1048576K
}
Event: 11,456 GC heap before
{Heap before GC invocations=56 (full 5):
 PSYoungGen      total 236544K, used 25580K [0x00000000f0000000, 0x0000000100000000, 0x0000000100000000)
  eden space 210944K, 0% used [0x00000000f0000000,0x00000000f0000000,0x00000000fce00000)
  from space 25600K, 99% used [0x00000000fce00000,0x00000000fe6fb078,0x00000000fe700000)
  to   space 25600K, 0% used [0x00000000fe700000,0x00000000fe700000,0x0000000100000000)
 ParOldGen       total 64000K, used 63096K [0x00000000d0000000, 0x00000000d3e80000, 0x00000000f0000000)
  object space 64000K, 98% used [0x00000000d0000000,0x00000000d3d9e2e0,0x00000000d3e80000)
 Metaspace       used 55905K, capacity 57284K, committed 57472K, reserved 1099776K
  class space    used 6334K, capacity 6773K, committed 6784K, reserved 1048576K
Event: 11,971 GC heap after
Heap after GC invocations=56 (full 5):
 PSYoungGen      total 236544K, used 23791K [0x00000000f0000000, 0x0000000100000000, 0x0000000100000000)
  eden space 210944K, 0% used [0x00000000f0000000,0x00000000f0000000,0x00000000fce00000)
  from space 25600K, 92% used [0x00000000fce00000,0x00000000fe53bee0,0x00000000fe700000)
  to   space 25600K, 0% used [0x00000000fe700000,0x00000000fe700000,0x0000000100000000)
 ParOldGen       total 78848K, used 63540K [0x00000000d0000000, 0x00000000d4d00000, 0x00000000f0000000)
  object space 78848K, 80% used [0x00000000d0000000,0x00000000d3e0d3f8,0x00000000d4d00000)
 Metaspace       used 55905K, capacity 57284K, committed 57472K, reserved 1099776K
  class space    used 6334K, capacity 6773K, committed 6784K, reserved 1048576K
}

