# JRE version: Java(TM) SE Runtime Environment (8.0_05-b13) (build 1.8.0_05-b13)
# Java VM: Java HotSpot(TM) 64-Bit Server VM (25.5-b02 mixed mode linux-amd64 compressed oops)
Heap:
 PSYoungGen      total 230912K, used 230898K [0x00000000f0000000, 0x0000000100000000, 0x0000000100000000)
  eden space 207872K, 100% used [0x00000000f0000000,0x00000000fcb00000,0x00000000fcb00000)
  from space 23040K, 99% used [0x00000000fe980000,0x00000000ffffc9e0,0x0000000100000000)
  to   space 27136K, 84% used [0x00000000fcb00000,0x00000000fe15f7d8,0x00000000fe580000)
 ParOldGen       total 75264K, used 61766K [0x00000000d0000000, 0x00000000d4980000, 0x00000000f0000000)
  object space 75264K, 82% used [0x00000000d0000000,0x00000000d3c518c8,0x00000000d4980000)
 Metaspace       used 57041K, capacity 58394K, committed 58624K, reserved 1101824K
  class space    used 6430K, capacity 6869K, committed 6912K, reserved 1048576K
GC Heap History (10 events):
Event: 28.843 GC heap before
{Heap before GC invocations=59 (full 5):
 PSYoungGen      total 222208K, used 198771K [0x00000000f0000000, 0x0000000100000000, 0x0000000100000000)
  eden space 196608K, 100% used [0x00000000f0000000,0x00000000fc000000,0x00000000fc000000)
  from space 25600K, 8% used [0x00000000fc000000,0x00000000fc21cf90,0x00000000fd900000)
  to   space 25088K, 0% used [0x00000000fe780000,0x00000000fe780000,0x0000000100000000)
 ParOldGen       total 75264K, used 60762K [0x00000000d0000000, 0x00000000d4980000, 0x00000000f0000000)
  object space 75264K, 80% used [0x00000000d0000000,0x00000000d3b56b38,0x00000000d4980000)
 Metaspace       used 49016K, capacity 50246K, committed 50432K, reserved 1093632K
  class space    used 5460K, capacity 5865K, committed 5888K, reserved 1048576K
Event: 28.857 GC heap after
Heap after GC invocations=59 (full 5):
 PSYoungGen      total 235008K, used 2559K [0x00000000f0000000, 0x00000000ffe80000, 0x0000000100000000)
  eden space 211456K, 0% used [0x00000000f0000000,0x00000000f0000000,0x00000000fce80000)
  from space 23552K, 10% used [0x00000000fe780000,0x00000000fe9ffe50,0x00000000ffe80000)
  to   space 24576K, 0% used [0x00000000fce80000,0x00000000fce80000,0x00000000fe680000)
 ParOldGen       total 75264K, used 60762K [0x00000000d0000000, 0x00000000d4980000, 0x00000000f0000000)
  object space 75264K, 80% used [0x00000000d0000000,0x00000000d3b56b38,0x00000000d4980000)
 Metaspace       used 49016K, capacity 50246K, committed 50432K, reserved 1093632K
  class space    used 5460K, capacity 5865K, committed 5888K, reserved 1048576K
}
Event: 29.882 GC heap before
{Heap before GC invocations=60 (full 5):
 PSYoungGen      total 235008K, used 213583K [0x00000000f0000000, 0x00000000ffe80000, 0x0000000100000000)
  eden space 211456K, 99% used [0x00000000f0000000,0x00000000fce13fb8,0x00000000fce80000)
  from space 23552K, 10% used [0x00000000fe780000,0x00000000fe9ffe50,0x00000000ffe80000)
  to   space 24576K, 0% used [0x00000000fce80000,0x00000000fce80000,0x00000000fe680000)
 ParOldGen       total 75264K, used 60762K [0x00000000d0000000, 0x00000000d4980000, 0x00000000f0000000)
  object space 75264K, 80% used [0x00000000d0000000,0x00000000d3b56b38,0x00000000d4980000)
 Metaspace       used 50954K, capacity 52266K, committed 52480K, reserved 1095680K
  class space    used 5715K, capacity 6139K, committed 6144K, reserved 1048576K
Event: 29.900 GC heap after
Heap after GC invocations=60 (full 5):
 PSYoungGen      total 236032K, used 4928K [0x00000000f0000000, 0x00000000fff00000, 0x0000000100000000)
  eden space 211456K, 0% used [0x00000000f0000000,0x00000000f0000000,0x00000000fce80000)
  from space 24576K, 20% used [0x00000000fce80000,0x00000000fd350258,0x00000000fe680000)
  to   space 23552K, 0% used [0x00000000fe800000,0x00000000fe800000,0x00000000fff00000)
 ParOldGen       total 75264K, used 60770K [0x00000000d0000000, 0x00000000d4980000, 0x00000000f0000000)
  object space 75264K, 80% used [0x00000000d0000000,0x00000000d3b58b38,0x00000000d4980000)
 Metaspace       used 50954K, capacity 52266K, committed 52480K, reserved 1095680K
  class space    used 5715K, capacity 6139K, committed 6144K, reserved 1048576K
}
Event: 31.386 GC heap before
{Heap before GC invocations=61 (full 5):
 PSYoungGen      total 236032K, used 208240K [0x00000000f0000000, 0x00000000fff00000, 0x0000000100000000)
  eden space 211456K, 96% used [0x00000000f0000000,0x00000000fc68c128,0x00000000fce80000)
  from space 24576K, 20% used [0x00000000fce80000,0x00000000fd350258,0x00000000fe680000)
  to   space 23552K, 0% used [0x00000000fe800000,0x00000000fe800000,0x00000000fff00000)
 ParOldGen       total 75264K, used 60770K [0x00000000d0000000, 0x00000000d4980000, 0x00000000f0000000)
  object space 75264K, 80% used [0x00000000d0000000,0x00000000d3b58b38,0x00000000d4980000)
 Metaspace       used 52101K, capacity 53386K, committed 53760K, reserved 1097728K
  class space    used 5872K, capacity 6299K, committed 6400K, reserved 1048576K
Event: 31.411 GC heap after
Heap after GC invocations=61 (full 5):
 PSYoungGen      total 235520K, used 7270K [0x00000000f0000000, 0x00000000ffd00000, 0x0000000100000000)
  eden space 214016K, 0% used [0x00000000f0000000,0x00000000f0000000,0x00000000fd100000)
  from space 21504K, 33% used [0x00000000fe800000,0x00000000fef199e0,0x00000000ffd00000)
  to   space 22528K, 0% used [0x00000000fd100000,0x00000000fd100000,0x00000000fe700000)
 ParOldGen       total 75264K, used 60778K [0x00000000d0000000, 0x00000000d4980000, 0x00000000f0000000)
  object space 75264K, 80% used [0x00000000d0000000,0x00000000d3b5ab38,0x00000000d4980000)
 Metaspace       used 52101K, capacity 53386K, committed 53760K, reserved 1097728K
  class space    used 5872K, capacity 6299K, committed 6400K, reserved 1048576K
}
Event: 32.717 GC heap before
{Heap before GC invocations=62 (full 5):
 PSYoungGen      total 235520K, used 221286K [0x00000000f0000000, 0x00000000ffd00000, 0x0000000100000000)
  eden space 214016K, 100% used [0x00000000f0000000,0x00000000fd100000,0x00000000fd100000)
  from space 21504K, 33% used [0x00000000fe800000,0x00000000fef199e0,0x00000000ffd00000)
  to   space 22528K, 0% used [0x00000000fd100000,0x00000000fd100000,0x00000000fe700000)
 ParOldGen       total 75264K, used 60778K [0x00000000d0000000, 0x00000000d4980000, 0x00000000f0000000)
  object space 75264K, 80% used [0x00000000d0000000,0x00000000d3b5ab38,0x00000000d4980000)
 Metaspace       used 53022K, capacity 54342K, committed 54656K, reserved 1097728K
  class space    used 5990K, capacity 6414K, committed 6528K, reserved 1048576K
Event: 32.750 GC heap after
Heap after GC invocations=62 (full 5):
 PSYoungGen      total 236544K, used 13262K [0x00000000f0000000, 0x0000000100000000, 0x0000000100000000)
  eden space 214016K, 0% used [0x00000000f0000000,0x00000000f0000000,0x00000000fd100000)
  from space 22528K, 58% used [0x00000000fd100000,0x00000000fddf3b28,0x00000000fe700000)
  to   space 23040K, 0% used [0x00000000fe980000,0x00000000fe980000,0x0000000100000000)
 ParOldGen       total 75264K, used 60786K [0x00000000d0000000, 0x00000000d4980000, 0x00000000f0000000)
  object space 75264K, 80% used [0x00000000d0000000,0x00000000d3b5cb38,0x00000000d4980000)
 Metaspace       used 53022K, capacity 54342K, committed 54656K, reserved 1097728K
  class space    used 5990K, capacity 6414K, committed 6528K, reserved 1048576K
}
Event: 34.495 GC heap before
{Heap before GC invocations=63 (full 5):
 PSYoungGen      total 236544K, used 227278K [0x00000000f0000000, 0x0000000100000000, 0x0000000100000000)
  eden space 214016K, 100% used [0x00000000f0000000,0x00000000fd100000,0x00000000fd100000)
  from space 22528K, 58% used [0x00000000fd100000,0x00000000fddf3b28,0x00000000fe700000)
  to   space 23040K, 0% used [0x00000000fe980000,0x00000000fe980000,0x0000000100000000)
 ParOldGen       total 75264K, used 60786K [0x00000000d0000000, 0x00000000d4980000, 0x00000000f0000000)
  object space 75264K, 80% used [0x00000000d0000000,0x00000000d3b5cb38,0x00000000d4980000)
 Metaspace       used 54842K, capacity 56126K, committed 56320K, reserved 1099776K
  class space    used 6148K, capacity 6579K, committed 6656K, reserved 1048576K
Event: 34.547 GC heap after
Heap after GC invocations=63 (full 5):
 PSYoungGen      total 230912K, used 23026K [0x00000000f0000000, 0x0000000100000000, 0x0000000100000000)
  eden space 207872K, 0% used [0x00000000f0000000,0x00000000f0000000,0x00000000fcb00000)
  from space 23040K, 99% used [0x00000000fe980000,0x00000000ffffc9e0,0x0000000100000000)
  to   space 27136K, 0% used [0x00000000fcb00000,0x00000000fcb00000,0x00000000fe580000)
 ParOldGen       total 75264K, used 61394K [0x00000000d0000000, 0x00000000d4980000, 0x00000000f0000000)
  object space 75264K, 81% used [0x00000000d0000000,0x00000000d3bf48b8,0x00000000d4980000)
 Metaspace       used 54842K, capacity 56126K, committed 56320K, reserved 1099776K
  class space    used 6148K, capacity 6579K, committed 6656K, reserved 1048576K
}

