# JRE version: Java(TM) SE Runtime Environment (8.0_05-b13) (build 1.8.0_05-b13)
# Java VM: Java HotSpot(TM) 64-Bit Server VM (25.5-b02 mixed mode linux-amd64 compressed oops)
Heap:
 PSYoungGen      total 241152K, used 172033K [0x00000000f0000000, 0x0000000100000000, 0x0000000100000000)
  eden space 232448K, 70% used [0x00000000f0000000,0x00000000f9f85710,0x00000000fe300000)
  from space 8704K, 99% used [0x00000000ff780000,0x00000000ffffadd0,0x0000000100000000)
  to   space 14848K, 0% used [0x00000000fe300000,0x00000000fe300000,0x00000000ff180000)
 ParOldGen       total 87040K, used 76909K [0x00000000d0000000, 0x00000000d5500000, 0x00000000f0000000)
  object space 87040K, 88% used [0x00000000d0000000,0x00000000d4b1b5e8,0x00000000d5500000)
 Metaspace       used 57104K, capacity 58502K, committed 58704K, reserved 1101824K
  class space    used 6451K, capacity 6880K, committed 6992K, reserved 1048576K
GC Heap History (10 events):
Event: 8,328 GC heap before
{Heap before GC invocations=53 (full 4):
 PSYoungGen      total 237568K, used 234311K [0x00000000f0000000, 0x00000000ff000000, 0x0000000100000000)
  eden space 230400K, 100% used [0x00000000f0000000,0x00000000fe100000,0x00000000fe100000)
  from space 7168K, 54% used [0x00000000fe900000,0x00000000fecd1c38,0x00000000ff000000)
  to   space 7680K, 0% used [0x00000000fe100000,0x00000000fe100000,0x00000000fe880000)
 ParOldGen       total 72192K, used 59649K [0x00000000d0000000, 0x00000000d4680000, 0x00000000f0000000)
  object space 72192K, 82% used [0x00000000d0000000,0x00000000d3a40798,0x00000000d4680000)
 Metaspace       used 49771K, capacity 51020K, committed 51408K, reserved 1095680K
  class space    used 5578K, capacity 5975K, committed 6096K, reserved 1048576K
Event: 8,333 GC heap after
Heap after GC invocations=53 (full 4):
 PSYoungGen      total 238080K, used 4722K [0x00000000f0000000, 0x00000000fff80000, 0x0000000100000000)
  eden space 230400K, 0% used [0x00000000f0000000,0x00000000f0000000,0x00000000fe100000)
  from space 7680K, 61% used [0x00000000fe100000,0x00000000fe59cb18,0x00000000fe880000)
  to   space 7680K, 0% used [0x00000000ff800000,0x00000000ff800000,0x00000000fff80000)
 ParOldGen       total 72192K, used 59657K [0x00000000d0000000, 0x00000000d4680000, 0x00000000f0000000)
  object space 72192K, 82% used [0x00000000d0000000,0x00000000d3a42798,0x00000000d4680000)
 Metaspace       used 49771K, capacity 51020K, committed 51408K, reserved 1095680K
  class space    used 5578K, capacity 5975K, committed 6096K, reserved 1048576K
}
Event: 8,724 GC heap before
{Heap before GC invocations=54 (full 4):
 PSYoungGen      total 238080K, used 235122K [0x00000000f0000000, 0x00000000fff80000, 0x0000000100000000)
  eden space 230400K, 100% used [0x00000000f0000000,0x00000000fe100000,0x00000000fe100000)
  from space 7680K, 61% used [0x00000000fe100000,0x00000000fe59cb18,0x00000000fe880000)
  to   space 7680K, 0% used [0x00000000ff800000,0x00000000ff800000,0x00000000fff80000)
 ParOldGen       total 72192K, used 59657K [0x00000000d0000000, 0x00000000d4680000, 0x00000000f0000000)
  object space 72192K, 82% used [0x00000000d0000000,0x00000000d3a42798,0x00000000d4680000)
 Metaspace       used 51742K, capacity 53014K, committed 53456K, reserved 1095680K
  class space    used 5843K, capacity 6236K, committed 6352K, reserved 1048576K
Event: 8,732 GC heap after
Heap after GC invocations=54 (full 4):
 PSYoungGen      total 252416K, used 7674K [0x00000000f0000000, 0x0000000100000000, 0x0000000100000000)
  eden space 244736K, 0% used [0x00000000f0000000,0x00000000f0000000,0x00000000fef00000)
  from space 7680K, 99% used [0x00000000ff800000,0x00000000fff7e9b8,0x00000000fff80000)
  to   space 8704K, 0% used [0x00000000fef00000,0x00000000fef00000,0x00000000ff780000)
 ParOldGen       total 72192K, used 60314K [0x00000000d0000000, 0x00000000d4680000, 0x00000000f0000000)
  object space 72192K, 83% used [0x00000000d0000000,0x00000000d3ae6a08,0x00000000d4680000)
 Metaspace       used 51742K, capacity 53014K, committed 53456K, reserved 1095680K
  class space    used 5843K, capacity 6236K, committed 6352K, reserved 1048576K
}
Event: 9,271 GC heap before
{Heap before GC invocations=55 (full 4):
 PSYoungGen      total 252416K, used 252410K [0x00000000f0000000, 0x0000000100000000, 0x0000000100000000)
  eden space 244736K, 100% used [0x00000000f0000000,0x00000000fef00000,0x00000000fef00000)
  from space 7680K, 99% used [0x00000000ff800000,0x00000000fff7e9b8,0x00000000fff80000)
  to   space 8704K, 0% used [0x00000000fef00000,0x00000000fef00000,0x00000000ff780000)
 ParOldGen       total 72192K, used 60314K [0x00000000d0000000, 0x00000000d4680000, 0x00000000f0000000)
  object space 72192K, 83% used [0x00000000d0000000,0x00000000d3ae6a08,0x00000000d4680000)
 Metaspace       used 52911K, capacity 54194K, committed 54608K, reserved 1097728K
  class space    used 5998K, capacity 6383K, committed 6480K, reserved 1048576K
Event: 9,283 GC heap after
Heap after GC invocations=55 (full 4):
 PSYoungGen      total 253440K, used 8676K [0x00000000f0000000, 0x0000000100000000, 0x0000000100000000)
  eden space 244736K, 0% used [0x00000000f0000000,0x00000000f0000000,0x00000000fef00000)
  from space 8704K, 99% used [0x00000000fef00000,0x00000000ff779020,0x00000000ff780000)
  to   space 8704K, 0% used [0x00000000ff780000,0x00000000ff780000,0x0000000100000000)
 ParOldGen       total 72192K, used 66847K [0x00000000d0000000, 0x00000000d4680000, 0x00000000f0000000)
  object space 72192K, 92% used [0x00000000d0000000,0x00000000d4147f90,0x00000000d4680000)
 Metaspace       used 52911K, capacity 54194K, committed 54608K, reserved 1097728K
  class space    used 5998K, capacity 6383K, committed 6480K, reserved 1048576K
}
Event: 9,283 GC heap before
{Heap before GC invocations=56 (full 5):
 PSYoungGen      total 253440K, used 8676K [0x00000000f0000000, 0x0000000100000000, 0x0000000100000000)
  eden space 244736K, 0% used [0x00000000f0000000,0x00000000f0000000,0x00000000fef00000)
  from space 8704K, 99% used [0x00000000fef00000,0x00000000ff779020,0x00000000ff780000)
  to   space 8704K, 0% used [0x00000000ff780000,0x00000000ff780000,0x0000000100000000)
 ParOldGen       total 72192K, used 66847K [0x00000000d0000000, 0x00000000d4680000, 0x00000000f0000000)
  object space 72192K, 92% used [0x00000000d0000000,0x00000000d4147f90,0x00000000d4680000)
 Metaspace       used 52911K, capacity 54194K, committed 54608K, reserved 1097728K
  class space    used 5998K, capacity 6383K, committed 6480K, reserved 1048576K
Event: 9,734 GC heap after
Heap after GC invocations=56 (full 5):
 PSYoungGen      total 253440K, used 1503K [0x00000000f0000000, 0x0000000100000000, 0x0000000100000000)
  eden space 244736K, 0% used [0x00000000f0000000,0x00000000f0000000,0x00000000fef00000)
  from space 8704K, 17% used [0x00000000fef00000,0x00000000ff077fa0,0x00000000ff780000)
  to   space 8704K, 0% used [0x00000000ff780000,0x00000000ff780000,0x0000000100000000)
 ParOldGen       total 87040K, used 71705K [0x00000000d0000000, 0x00000000d5500000, 0x00000000f0000000)
  object space 87040K, 82% used [0x00000000d0000000,0x00000000d4606698,0x00000000d5500000)
 Metaspace       used 52911K, capacity 54194K, committed 54608K, reserved 1097728K
  class space    used 5998K, capacity 6383K, committed 6480K, reserved 1048576K
}
Event: 10,538 GC heap before
{Heap before GC invocations=57 (full 5):
 PSYoungGen      total 253440K, used 246239K [0x00000000f0000000, 0x0000000100000000, 0x0000000100000000)
  eden space 244736K, 100% used [0x00000000f0000000,0x00000000fef00000,0x00000000fef00000)
  from space 8704K, 17% used [0x00000000fef00000,0x00000000ff077fa0,0x00000000ff780000)
  to   space 8704K, 0% used [0x00000000ff780000,0x00000000ff780000,0x0000000100000000)
 ParOldGen       total 87040K, used 71705K [0x00000000d0000000, 0x00000000d5500000, 0x00000000f0000000)
  object space 87040K, 82% used [0x00000000d0000000,0x00000000d4606698,0x00000000d5500000)
 Metaspace       used 54991K, capacity 56368K, committed 56656K, reserved 1099776K
  class space    used 6192K, capacity 6613K, committed 6736K, reserved 1048576K
Event: 10,586 GC heap after
Heap after GC invocations=57 (full 5):
 PSYoungGen      total 241152K, used 8683K [0x00000000f0000000, 0x0000000100000000, 0x0000000100000000)
  eden space 232448K, 0% used [0x00000000f0000000,0x00000000f0000000,0x00000000fe300000)
  from space 8704K, 99% used [0x00000000ff780000,0x00000000ffffadd0,0x0000000100000000)
  to   space 14848K, 0% used [0x00000000fe300000,0x00000000fe300000,0x00000000ff180000)
 ParOldGen       total 87040K, used 76909K [0x00000000d0000000, 0x00000000d5500000, 0x00000000f0000000)
  object space 87040K, 88% used [0x00000000d0000000,0x00000000d4b1b5e8,0x00000000d5500000)
 Metaspace       used 54991K, capacity 56368K, committed 56656K, reserved 1099776K
  class space    used 6192K, capacity 6613K, committed 6736K, reserved 1048576K
}

