# JRE version: Java(TM) SE Runtime Environment (8.0_05-b13) (build 1.8.0_05-b13)
# Java VM: Java HotSpot(TM) 64-Bit Server VM (25.5-b02 mixed mode linux-amd64 compressed oops)
Heap:
 PSYoungGen      total 211456K, used 77197K [0x00000000f0000000, 0x00000000ff400000, 0x0000000100000000)
  eden space 178688K, 28% used [0x00000000f0000000,0x00000000f328aae0,0x00000000fae80000)
  from space 32768K, 77% used [0x00000000fd100000,0x00000000fe9d8978,0x00000000ff100000)
  to   space 35328K, 0% used [0x00000000fae80000,0x00000000fae80000,0x00000000fd100000)
 ParOldGen       total 101376K, used 87835K [0x00000000d0000000, 0x00000000d6300000, 0x00000000f0000000)
  object space 101376K, 86% used [0x00000000d0000000,0x00000000d55c6c08,0x00000000d6300000)
 Metaspace       used 67072K, capacity 69594K, committed 69632K, reserved 1110016K
  class space    used 7659K, capacity 8433K, committed 8448K, reserved 1048576K
GC Heap History (10 events):
Event: 12,843 GC heap before
{Heap before GC invocations=41 (full 4):
 PSYoungGen      total 188416K, used 17224K [0x00000000f0000000, 0x00000000fd900000, 0x0000000100000000)
  eden space 166400K, 0% used [0x00000000f0000000,0x00000000f0000000,0x00000000fa280000)
  from space 22016K, 78% used [0x00000000fa280000,0x00000000fb352108,0x00000000fb800000)
  to   space 23552K, 0% used [0x00000000fc200000,0x00000000fc200000,0x00000000fd900000)
 ParOldGen       total 72704K, used 70428K [0x00000000d0000000, 0x00000000d4700000, 0x00000000f0000000)
  object space 72704K, 96% used [0x00000000d0000000,0x00000000d44c7380,0x00000000d4700000)
 Metaspace       used 59861K, capacity 61802K, committed 62080K, reserved 1103872K
  class space    used 6815K, capacity 7484K, committed 7552K, reserved 1048576K
Event: 13,538 GC heap after
Heap after GC invocations=41 (full 4):
 PSYoungGen      total 188416K, used 11427K [0x00000000f0000000, 0x00000000fd900000, 0x0000000100000000)
  eden space 166400K, 0% used [0x00000000f0000000,0x00000000f0000000,0x00000000fa280000)
  from space 22016K, 51% used [0x00000000fa280000,0x00000000fada8ef8,0x00000000fb800000)
  to   space 23552K, 0% used [0x00000000fc200000,0x00000000fc200000,0x00000000fd900000)
 ParOldGen       total 86016K, used 72288K [0x00000000d0000000, 0x00000000d5400000, 0x00000000f0000000)
  object space 86016K, 84% used [0x00000000d0000000,0x00000000d46983b8,0x00000000d5400000)
 Metaspace       used 59861K, capacity 61802K, committed 62080K, reserved 1103872K
  class space    used 6815K, capacity 7484K, committed 7552K, reserved 1048576K
}
Event: 14,110 GC heap before
{Heap before GC invocations=42 (full 4):
 PSYoungGen      total 188416K, used 177827K [0x00000000f0000000, 0x00000000fd900000, 0x0000000100000000)
  eden space 166400K, 100% used [0x00000000f0000000,0x00000000fa280000,0x00000000fa280000)
  from space 22016K, 51% used [0x00000000fa280000,0x00000000fada8ef8,0x00000000fb800000)
  to   space 23552K, 0% used [0x00000000fc200000,0x00000000fc200000,0x00000000fd900000)
 ParOldGen       total 86016K, used 72288K [0x00000000d0000000, 0x00000000d5400000, 0x00000000f0000000)
  object space 86016K, 84% used [0x00000000d0000000,0x00000000d46983b8,0x00000000d5400000)
 Metaspace       used 61651K, capacity 63548K, committed 64000K, reserved 1105920K
  class space    used 6962K, capacity 7616K, committed 7680K, reserved 1048576K
Event: 14,145 GC heap after
Heap after GC invocations=42 (full 4):
 PSYoungGen      total 195584K, used 21378K [0x00000000f0000000, 0x00000000fde80000, 0x0000000100000000)
  eden space 172032K, 0% used [0x00000000f0000000,0x00000000f0000000,0x00000000fa800000)
  from space 23552K, 90% used [0x00000000fc200000,0x00000000fd6e0930,0x00000000fd900000)
  to   space 26624K, 0% used [0x00000000fa800000,0x00000000fa800000,0x00000000fc200000)
 ParOldGen       total 86016K, used 72296K [0x00000000d0000000, 0x00000000d5400000, 0x00000000f0000000)
  object space 86016K, 84% used [0x00000000d0000000,0x00000000d469a3b8,0x00000000d5400000)
 Metaspace       used 61651K, capacity 63548K, committed 64000K, reserved 1105920K
  class space    used 6962K, capacity 7616K, committed 7680K, reserved 1048576K
}
Event: 14,683 GC heap before
{Heap before GC invocations=43 (full 4):
 PSYoungGen      total 195584K, used 189960K [0x00000000f0000000, 0x00000000fde80000, 0x0000000100000000)
  eden space 172032K, 97% used [0x00000000f0000000,0x00000000fa4a1a90,0x00000000fa800000)
  from space 23552K, 90% used [0x00000000fc200000,0x00000000fd6e0930,0x00000000fd900000)
  to   space 26624K, 0% used [0x00000000fa800000,0x00000000fa800000,0x00000000fc200000)
 ParOldGen       total 86016K, used 72296K [0x00000000d0000000, 0x00000000d5400000, 0x00000000f0000000)
  object space 86016K, 84% used [0x00000000d0000000,0x00000000d469a3b8,0x00000000d5400000)
 Metaspace       used 64118K, capacity 66066K, committed 66304K, reserved 1107968K
  class space    used 7261K, capacity 7903K, committed 7936K, reserved 1048576K
Event: 14,706 GC heap after
Heap after GC invocations=43 (full 4):
 PSYoungGen      total 198656K, used 26622K [0x00000000f0000000, 0x00000000ff100000, 0x0000000100000000)
  eden space 172032K, 0% used [0x00000000f0000000,0x00000000f0000000,0x00000000fa800000)
  from space 26624K, 99% used [0x00000000fa800000,0x00000000fc1ffa50,0x00000000fc200000)
  to   space 32768K, 0% used [0x00000000fd100000,0x00000000fd100000,0x00000000ff100000)
 ParOldGen       total 86016K, used 77439K [0x00000000d0000000, 0x00000000d5400000, 0x00000000f0000000)
  object space 86016K, 90% used [0x00000000d0000000,0x00000000d4b9fc18,0x00000000d5400000)
 Metaspace       used 64118K, capacity 66066K, committed 66304K, reserved 1107968K
  class space    used 7261K, capacity 7903K, committed 7936K, reserved 1048576K
}
Event: 14,706 GC heap before
{Heap before GC invocations=44 (full 5):
 PSYoungGen      total 198656K, used 26622K [0x00000000f0000000, 0x00000000ff100000, 0x0000000100000000)
  eden space 172032K, 0% used [0x00000000f0000000,0x00000000f0000000,0x00000000fa800000)
  from space 26624K, 99% used [0x00000000fa800000,0x00000000fc1ffa50,0x00000000fc200000)
  to   space 32768K, 0% used [0x00000000fd100000,0x00000000fd100000,0x00000000ff100000)
 ParOldGen       total 86016K, used 77439K [0x00000000d0000000, 0x00000000d5400000, 0x00000000f0000000)
  object space 86016K, 90% used [0x00000000d0000000,0x00000000d4b9fc18,0x00000000d5400000)
 Metaspace       used 64118K, capacity 66066K, committed 66304K, reserved 1107968K
  class space    used 7261K, capacity 7903K, committed 7936K, reserved 1048576K
Event: 15,210 GC heap after
Heap after GC invocations=44 (full 5):
 PSYoungGen      total 198656K, used 17778K [0x00000000f0000000, 0x00000000ff100000, 0x0000000100000000)
  eden space 172032K, 0% used [0x00000000f0000000,0x00000000f0000000,0x00000000fa800000)
  from space 26624K, 66% used [0x00000000fa800000,0x00000000fb95cb80,0x00000000fc200000)
  to   space 32768K, 0% used [0x00000000fd100000,0x00000000fd100000,0x00000000ff100000)
 ParOldGen       total 101376K, used 85786K [0x00000000d0000000, 0x00000000d6300000, 0x00000000f0000000)
  object space 101376K, 84% used [0x00000000d0000000,0x00000000d53c6be8,0x00000000d6300000)
 Metaspace       used 64118K, capacity 66066K, committed 66304K, reserved 1107968K
  class space    used 7261K, capacity 7903K, committed 7936K, reserved 1048576K
}
Event: 15,844 GC heap before
{Heap before GC invocations=45 (full 5):
 PSYoungGen      total 198656K, used 189810K [0x00000000f0000000, 0x00000000ff100000, 0x0000000100000000)
  eden space 172032K, 100% used [0x00000000f0000000,0x00000000fa800000,0x00000000fa800000)
  from space 26624K, 66% used [0x00000000fa800000,0x00000000fb95cb80,0x00000000fc200000)
  to   space 32768K, 0% used [0x00000000fd100000,0x00000000fd100000,0x00000000ff100000)
 ParOldGen       total 101376K, used 85786K [0x00000000d0000000, 0x00000000d6300000, 0x00000000f0000000)
  object space 101376K, 84% used [0x00000000d0000000,0x00000000d53c6be8,0x00000000d6300000)
 Metaspace       used 66611K, capacity 69142K, committed 69376K, reserved 1110016K
  class space    used 7593K, capacity 8360K, committed 8448K, reserved 1048576K
Event: 15,885 GC heap after
Heap after GC invocations=45 (full 5):
 PSYoungGen      total 211456K, used 25442K [0x00000000f0000000, 0x00000000ff400000, 0x0000000100000000)
  eden space 178688K, 0% used [0x00000000f0000000,0x00000000f0000000,0x00000000fae80000)
  from space 32768K, 77% used [0x00000000fd100000,0x00000000fe9d8978,0x00000000ff100000)
  to   space 35328K, 0% used [0x00000000fae80000,0x00000000fae80000,0x00000000fd100000)
 ParOldGen       total 101376K, used 87835K [0x00000000d0000000, 0x00000000d6300000, 0x00000000f0000000)
  object space 101376K, 86% used [0x00000000d0000000,0x00000000d55c6c08,0x00000000d6300000)
 Metaspace       used 66611K, capacity 69142K, committed 69376K, reserved 1110016K
  class space    used 7593K, capacity 8360K, committed 8448K, reserved 1048576K
}

