# JRE version: Java(TM) SE Runtime Environment (8.0_05-b13) (build 1.8.0_05-b13)
# Java VM: Java HotSpot(TM) 64-Bit Server VM (25.5-b02 mixed mode linux-amd64 compressed oops)
Heap:
 PSYoungGen      total 107520K, used 10199K [0x00000000f0000000, 0x0000000100000000, 0x0000000100000000)
  eden space 106496K, 8% used [0x00000000f0000000,0x00000000f08f7210,0x00000000f6800000)
  from space 1024K, 99% used [0x00000000f6800000,0x00000000f68fea28,0x00000000f6900000)
  to   space 78848K, 0% used [0x00000000fb300000,0x00000000fb300000,0x0000000100000000)
 ParOldGen       total 132096K, used 116673K [0x00000000d0000000, 0x00000000d8100000, 0x00000000f0000000)
  object space 132096K, 88% used [0x00000000d0000000,0x00000000d71f04e0,0x00000000d8100000)
 Metaspace       used 67033K, capacity 69312K, committed 69460K, reserved 1110016K
  class space    used 7735K, capacity 8471K, committed 8576K, reserved 1048576K
GC Heap History (10 events):
Event: 30.086 GC heap before
{Heap before GC invocations=79 (full 5):
 PSYoungGen      total 183808K, used 183665K [0x00000000f0000000, 0x0000000100000000, 0x0000000100000000)
  eden space 135168K, 100% used [0x00000000f0000000,0x00000000f8400000,0x00000000f8400000)
  from space 48640K, 99% used [0x00000000f8400000,0x00000000fb35c5b0,0x00000000fb380000)
  to   space 68096K, 0% used [0x00000000fbd80000,0x00000000fbd80000,0x0000000100000000)
 ParOldGen       total 75776K, used 61131K [0x00000000d0000000, 0x00000000d4a00000, 0x00000000f0000000)
  object space 75776K, 80% used [0x00000000d0000000,0x00000000d3bb2e80,0x00000000d4a00000)
 Metaspace       used 63946K, capacity 66188K, committed 66260K, reserved 1107968K
  class space    used 7395K, capacity 8142K, committed 8192K, reserved 1048576K
Event: 30.172 GC heap after
Heap after GC invocations=79 (full 5):
 PSYoungGen      total 184832K, used 50969K [0x00000000f0000000, 0x0000000100000000, 0x0000000100000000)
  eden space 116736K, 0% used [0x00000000f0000000,0x00000000f0000000,0x00000000f7200000)
  from space 68096K, 74% used [0x00000000fbd80000,0x00000000fef46650,0x0000000100000000)
  to   space 72704K, 0% used [0x00000000f7200000,0x00000000f7200000,0x00000000fb900000)
 ParOldGen       total 75776K, used 61139K [0x00000000d0000000, 0x00000000d4a00000, 0x00000000f0000000)
  object space 75776K, 80% used [0x00000000d0000000,0x00000000d3bb4e80,0x00000000d4a00000)
 Metaspace       used 63946K, capacity 66188K, committed 66260K, reserved 1107968K
  class space    used 7395K, capacity 8142K, committed 8192K, reserved 1048576K
}
Event: 30.702 GC heap before
{Heap before GC invocations=80 (full 5):
 PSYoungGen      total 184832K, used 167705K [0x00000000f0000000, 0x0000000100000000, 0x0000000100000000)
  eden space 116736K, 100% used [0x00000000f0000000,0x00000000f7200000,0x00000000f7200000)
  from space 68096K, 74% used [0x00000000fbd80000,0x00000000fef46650,0x0000000100000000)
  to   space 72704K, 0% used [0x00000000f7200000,0x00000000f7200000,0x00000000fb900000)
 ParOldGen       total 75776K, used 61139K [0x00000000d0000000, 0x00000000d4a00000, 0x00000000f0000000)
  object space 75776K, 80% used [0x00000000d0000000,0x00000000d3bb4ed0,0x00000000d4a00000)
 Metaspace       used 64942K, capacity 67224K, committed 67412K, reserved 1107968K
  class space    used 7491K, capacity 8274K, committed 8320K, reserved 1048576K
Event: 30.780 GC heap after
Heap after GC invocations=80 (full 5):
 PSYoungGen      total 167936K, used 50884K [0x00000000f0000000, 0x0000000100000000, 0x0000000100000000)
  eden space 116736K, 0% used [0x00000000f0000000,0x00000000f0000000,0x00000000f7200000)
  from space 51200K, 99% used [0x00000000f7200000,0x00000000fa3b11f8,0x00000000fa400000)
  to   space 76288K, 0% used [0x00000000fb580000,0x00000000fb580000,0x0000000100000000)
 ParOldGen       total 75776K, used 62391K [0x00000000d0000000, 0x00000000d4a00000, 0x00000000f0000000)
  object space 75776K, 82% used [0x00000000d0000000,0x00000000d3cedee0,0x00000000d4a00000)
 Metaspace       used 64942K, capacity 67224K, committed 67412K, reserved 1107968K
  class space    used 7491K, capacity 8274K, committed 8320K, reserved 1048576K
}
Event: 32.309 GC heap before
{Heap before GC invocations=81 (full 5):
 PSYoungGen      total 167936K, used 167620K [0x00000000f0000000, 0x0000000100000000, 0x0000000100000000)
  eden space 116736K, 100% used [0x00000000f0000000,0x00000000f7200000,0x00000000f7200000)
  from space 51200K, 99% used [0x00000000f7200000,0x00000000fa3b11f8,0x00000000fa400000)
  to   space 76288K, 0% used [0x00000000fb580000,0x00000000fb580000,0x0000000100000000)
 ParOldGen       total 157696K, used 150284K [0x00000000d0000000, 0x00000000d9a00000, 0x00000000f0000000)
  object space 157696K, 95% used [0x00000000d0000000,0x00000000d92c33b0,0x00000000d9a00000)
 Metaspace       used 66751K, capacity 69058K, committed 69460K, reserved 1110016K
  class space    used 7699K, capacity 8457K, committed 8576K, reserved 1048576K
Event: 32.385 GC heap after
Heap after GC invocations=81 (full 5):
 PSYoungGen      total 182784K, used 47943K [0x00000000f0000000, 0x0000000100000000, 0x0000000100000000)
  eden space 106496K, 0% used [0x00000000f0000000,0x00000000f0000000,0x00000000f6800000)
  from space 76288K, 62% used [0x00000000fb580000,0x00000000fe451dd8,0x0000000100000000)
  to   space 77824K, 0% used [0x00000000f6800000,0x00000000f6800000,0x00000000fb400000)
 ParOldGen       total 157696K, used 157303K [0x00000000d0000000, 0x00000000d9a00000, 0x00000000f0000000)
  object space 157696K, 99% used [0x00000000d0000000,0x00000000d999df40,0x00000000d9a00000)
 Metaspace       used 66751K, capacity 69058K, committed 69460K, reserved 1110016K
  class space    used 7699K, capacity 8457K, committed 8576K, reserved 1048576K
}
Event: 32.385 GC heap before
{Heap before GC invocations=82 (full 6):
 PSYoungGen      total 182784K, used 47943K [0x00000000f0000000, 0x0000000100000000, 0x0000000100000000)
  eden space 106496K, 0% used [0x00000000f0000000,0x00000000f0000000,0x00000000f6800000)
  from space 76288K, 62% used [0x00000000fb580000,0x00000000fe451dd8,0x0000000100000000)
  to   space 77824K, 0% used [0x00000000f6800000,0x00000000f6800000,0x00000000fb400000)
 ParOldGen       total 157696K, used 157303K [0x00000000d0000000, 0x00000000d9a00000, 0x00000000f0000000)
  object space 157696K, 99% used [0x00000000d0000000,0x00000000d999df40,0x00000000d9a00000)
 Metaspace       used 66751K, capacity 69058K, committed 69460K, reserved 1110016K
  class space    used 7699K, capacity 8457K, committed 8576K, reserved 1048576K
Event: 32.872 GC heap after
Heap after GC invocations=82 (full 6):
 PSYoungGen      total 182784K, used 0K [0x00000000f0000000, 0x0000000100000000, 0x0000000100000000)
  eden space 106496K, 0% used [0x00000000f0000000,0x00000000f0000000,0x00000000f6800000)
  from space 76288K, 0% used [0x00000000fb580000,0x00000000fb580000,0x0000000100000000)
  to   space 77824K, 0% used [0x00000000f6800000,0x00000000f6800000,0x00000000fb400000)
 ParOldGen       total 132096K, used 116665K [0x00000000d0000000, 0x00000000d8100000, 0x00000000f0000000)
  object space 132096K, 88% used [0x00000000d0000000,0x00000000d71ee4e0,0x00000000d8100000)
 Metaspace       used 66751K, capacity 69058K, committed 69460K, reserved 1110016K
  class space    used 7699K, capacity 8457K, committed 8576K, reserved 1048576K
}
Event: 33.110 GC heap before
{Heap before GC invocations=83 (full 6):
 PSYoungGen      total 182784K, used 106496K [0x00000000f0000000, 0x0000000100000000, 0x0000000100000000)
  eden space 106496K, 100% used [0x00000000f0000000,0x00000000f6800000,0x00000000f6800000)
  from space 76288K, 0% used [0x00000000fb580000,0x00000000fb580000,0x0000000100000000)
  to   space 77824K, 0% used [0x00000000f6800000,0x00000000f6800000,0x00000000fb400000)
 ParOldGen       total 132096K, used 116665K [0x00000000d0000000, 0x00000000d8100000, 0x00000000f0000000)
  object space 132096K, 88% used [0x00000000d0000000,0x00000000d71ee4e0,0x00000000d8100000)
 Metaspace       used 66963K, capacity 69298K, committed 69460K, reserved 1110016K
  class space    used 7721K, capacity 8465K, committed 8576K, reserved 1048576K
Event: 33.115 GC heap after
Heap after GC invocations=83 (full 6):
 PSYoungGen      total 107520K, used 1018K [0x00000000f0000000, 0x0000000100000000, 0x0000000100000000)
  eden space 106496K, 0% used [0x00000000f0000000,0x00000000f0000000,0x00000000f6800000)
  from space 1024K, 99% used [0x00000000f6800000,0x00000000f68fea28,0x00000000f6900000)
  to   space 78848K, 0% used [0x00000000fb300000,0x00000000fb300000,0x0000000100000000)
 ParOldGen       total 132096K, used 116673K [0x00000000d0000000, 0x00000000d8100000, 0x00000000f0000000)
  object space 132096K, 88% used [0x00000000d0000000,0x00000000d71f04e0,0x00000000d8100000)
 Metaspace       used 66963K, capacity 69298K, committed 69460K, reserved 1110016K
  class space    used 7721K, capacity 8465K, committed 8576K, reserved 1048576K
}

