# JRE version: Java(TM) SE Runtime Environment (8.0_05-b13) (build 1.8.0_05-b13)
# Java VM: Java HotSpot(TM) 64-Bit Server VM (25.5-b02 mixed mode linux-amd64 compressed oops)
Heap:
 PSYoungGen      total 236032K, used 210391K [0x00000000f0000000, 0x0000000100000000, 0x0000000100000000)
  eden space 209920K, 87% used [0x00000000f0000000,0x00000000fb3f9a80,0x00000000fcd00000)
  from space 26112K, 99% used [0x00000000fcd00000,0x00000000fe67c2a8,0x00000000fe680000)
  to   space 26112K, 0% used [0x00000000fe680000,0x00000000fe680000,0x0000000100000000)
 ParOldGen       total 87040K, used 73393K [0x00000000d0000000, 0x00000000d5500000, 0x00000000f0000000)
  object space 87040K, 84% used [0x00000000d0000000,0x00000000d47ac750,0x00000000d5500000)
 Metaspace       used 60350K, capacity 62448K, committed 62716K, reserved 1103872K
  class space    used 6872K, capacity 7591K, committed 7680K, reserved 1048576K
GC Heap History (10 events):
Event: 37.015 GC heap before
{Heap before GC invocations=63 (full 5):
 PSYoungGen      total 224256K, used 211633K [0x00000000f0000000, 0x00000000ff480000, 0x0000000100000000)
  eden space 206848K, 100% used [0x00000000f0000000,0x00000000fca00000,0x00000000fca00000)
  from space 17408K, 27% used [0x00000000fca00000,0x00000000fceac460,0x00000000fdb00000)
  to   space 16384K, 0% used [0x00000000fe480000,0x00000000fe480000,0x00000000ff480000)
 ParOldGen       total 72192K, used 60012K [0x00000000d0000000, 0x00000000d4680000, 0x00000000f0000000)
  object space 72192K, 83% used [0x00000000d0000000,0x00000000d3a9b070,0x00000000d4680000)
 Metaspace       used 52232K, capacity 53458K, committed 53756K, reserved 1097728K
  class space    used 5911K, capacity 6301K, committed 6400K, reserved 1048576K
Event: 37.041 GC heap after
Heap after GC invocations=63 (full 5):
 PSYoungGen      total 233984K, used 8875K [0x00000000f0000000, 0x00000000ff480000, 0x0000000100000000)
  eden space 217600K, 0% used [0x00000000f0000000,0x00000000f0000000,0x00000000fd480000)
  from space 16384K, 54% used [0x00000000fe480000,0x00000000fed2ae60,0x00000000ff480000)
  to   space 16384K, 0% used [0x00000000fd480000,0x00000000fd480000,0x00000000fe480000)
 ParOldGen       total 72192K, used 60020K [0x00000000d0000000, 0x00000000d4680000, 0x00000000f0000000)
  object space 72192K, 83% used [0x00000000d0000000,0x00000000d3a9d070,0x00000000d4680000)
 Metaspace       used 52232K, capacity 53458K, committed 53756K, reserved 1097728K
  class space    used 5911K, capacity 6301K, committed 6400K, reserved 1048576K
}
Event: 39.627 GC heap before
{Heap before GC invocations=64 (full 5):
 PSYoungGen      total 233984K, used 226475K [0x00000000f0000000, 0x00000000ff480000, 0x0000000100000000)
  eden space 217600K, 100% used [0x00000000f0000000,0x00000000fd480000,0x00000000fd480000)
  from space 16384K, 54% used [0x00000000fe480000,0x00000000fed2ae60,0x00000000ff480000)
  to   space 16384K, 0% used [0x00000000fd480000,0x00000000fd480000,0x00000000fe480000)
 ParOldGen       total 72192K, used 60020K [0x00000000d0000000, 0x00000000d4680000, 0x00000000f0000000)
  object space 72192K, 83% used [0x00000000d0000000,0x00000000d3a9d070,0x00000000d4680000)
 Metaspace       used 53791K, capacity 55048K, committed 55420K, reserved 1097728K
  class space    used 6069K, capacity 6479K, committed 6528K, reserved 1048576K
Event: 39.680 GC heap after
Heap after GC invocations=64 (full 5):
 PSYoungGen      total 233984K, used 16357K [0x00000000f0000000, 0x0000000100000000, 0x0000000100000000)
  eden space 217600K, 0% used [0x00000000f0000000,0x00000000f0000000,0x00000000fd480000)
  from space 16384K, 99% used [0x00000000fd480000,0x00000000fe479748,0x00000000fe480000)
  to   space 19456K, 0% used [0x00000000fed00000,0x00000000fed00000,0x0000000100000000)
 ParOldGen       total 72192K, used 61419K [0x00000000d0000000, 0x00000000d4680000, 0x00000000f0000000)
  object space 72192K, 85% used [0x00000000d0000000,0x00000000d3bfae50,0x00000000d4680000)
 Metaspace       used 53791K, capacity 55048K, committed 55420K, reserved 1097728K
  class space    used 6069K, capacity 6479K, committed 6528K, reserved 1048576K
}
Event: 42.187 GC heap before
{Heap before GC invocations=65 (full 5):
 PSYoungGen      total 233984K, used 233403K [0x00000000f0000000, 0x0000000100000000, 0x0000000100000000)
  eden space 217600K, 99% used [0x00000000f0000000,0x00000000fd3f5790,0x00000000fd480000)
  from space 16384K, 99% used [0x00000000fd480000,0x00000000fe479748,0x00000000fe480000)
  to   space 19456K, 0% used [0x00000000fed00000,0x00000000fed00000,0x0000000100000000)
 ParOldGen       total 72192K, used 61419K [0x00000000d0000000, 0x00000000d4680000, 0x00000000f0000000)
  object space 72192K, 85% used [0x00000000d0000000,0x00000000d3bfae50,0x00000000d4680000)
 Metaspace       used 56147K, capacity 57392K, committed 57596K, reserved 1099776K
  class space    used 6372K, capacity 6813K, committed 6912K, reserved 1048576K
Event: 42.266 GC heap after
Heap after GC invocations=65 (full 5):
 PSYoungGen      total 229376K, used 19450K [0x00000000f0000000, 0x0000000100000000, 0x0000000100000000)
  eden space 209920K, 0% used [0x00000000f0000000,0x00000000f0000000,0x00000000fcd00000)
  from space 19456K, 99% used [0x00000000fed00000,0x00000000ffffebc8,0x0000000100000000)
  to   space 26112K, 0% used [0x00000000fcd00000,0x00000000fcd00000,0x00000000fe680000)
 ParOldGen       total 72192K, used 70710K [0x00000000d0000000, 0x00000000d4680000, 0x00000000f0000000)
  object space 72192K, 97% used [0x00000000d0000000,0x00000000d450dbe0,0x00000000d4680000)
 Metaspace       used 56147K, capacity 57392K, committed 57596K, reserved 1099776K
  class space    used 6372K, capacity 6813K, committed 6912K, reserved 1048576K
}
Event: 42.266 GC heap before
{Heap before GC invocations=66 (full 6):
 PSYoungGen      total 229376K, used 19450K [0x00000000f0000000, 0x0000000100000000, 0x0000000100000000)
  eden space 209920K, 0% used [0x00000000f0000000,0x00000000f0000000,0x00000000fcd00000)
  from space 19456K, 99% used [0x00000000fed00000,0x00000000ffffebc8,0x0000000100000000)
  to   space 26112K, 0% used [0x00000000fcd00000,0x00000000fcd00000,0x00000000fe680000)
 ParOldGen       total 72192K, used 70710K [0x00000000d0000000, 0x00000000d4680000, 0x00000000f0000000)
  object space 72192K, 97% used [0x00000000d0000000,0x00000000d450dbe0,0x00000000d4680000)
 Metaspace       used 56147K, capacity 57392K, committed 57596K, reserved 1099776K
  class space    used 6372K, capacity 6813K, committed 6912K, reserved 1048576K
Event: 44.052 GC heap after
Heap after GC invocations=66 (full 6):
 PSYoungGen      total 229376K, used 16748K [0x00000000f0000000, 0x0000000100000000, 0x0000000100000000)
  eden space 209920K, 0% used [0x00000000f0000000,0x00000000f0000000,0x00000000fcd00000)
  from space 19456K, 86% used [0x00000000fed00000,0x00000000ffd5b1c8,0x0000000100000000)
  to   space 26112K, 0% used [0x00000000fcd00000,0x00000000fcd00000,0x00000000fe680000)
 ParOldGen       total 87040K, used 71903K [0x00000000d0000000, 0x00000000d5500000, 0x00000000f0000000)
  object space 87040K, 82% used [0x00000000d0000000,0x00000000d4637db8,0x00000000d5500000)
 Metaspace       used 56147K, capacity 57392K, committed 57596K, reserved 1099776K
  class space    used 6372K, capacity 6813K, committed 6912K, reserved 1048576K
}
Event: 46.836 GC heap before
{Heap before GC invocations=67 (full 6):
 PSYoungGen      total 229376K, used 226668K [0x00000000f0000000, 0x0000000100000000, 0x0000000100000000)
  eden space 209920K, 100% used [0x00000000f0000000,0x00000000fcd00000,0x00000000fcd00000)
  from space 19456K, 86% used [0x00000000fed00000,0x00000000ffd5b1c8,0x0000000100000000)
  to   space 26112K, 0% used [0x00000000fcd00000,0x00000000fcd00000,0x00000000fe680000)
 ParOldGen       total 87040K, used 71903K [0x00000000d0000000, 0x00000000d5500000, 0x00000000f0000000)
  object space 87040K, 82% used [0x00000000d0000000,0x00000000d4637db8,0x00000000d5500000)
 Metaspace       used 59067K, capacity 60866K, committed 61052K, reserved 1103872K
  class space    used 6691K, capacity 7263K, committed 7296K, reserved 1048576K
Event: 46.955 GC heap after
Heap after GC invocations=67 (full 6):
 PSYoungGen      total 236032K, used 26096K [0x00000000f0000000, 0x0000000100000000, 0x0000000100000000)
  eden space 209920K, 0% used [0x00000000f0000000,0x00000000f0000000,0x00000000fcd00000)
  from space 26112K, 99% used [0x00000000fcd00000,0x00000000fe67c2a8,0x00000000fe680000)
  to   space 26112K, 0% used [0x00000000fe680000,0x00000000fe680000,0x0000000100000000)
 ParOldGen       total 87040K, used 73393K [0x00000000d0000000, 0x00000000d5500000, 0x00000000f0000000)
  object space 87040K, 84% used [0x00000000d0000000,0x00000000d47ac750,0x00000000d5500000)
 Metaspace       used 59067K, capacity 60866K, committed 61052K, reserved 1103872K
  class space    used 6691K, capacity 7263K, committed 7296K, reserved 1048576K
}

