# JRE version: Java(TM) SE Runtime Environment (8.0_05-b13) (build 1.8.0_05-b13)
# Java VM: Java HotSpot(TM) 64-Bit Server VM (25.5-b02 mixed mode linux-amd64 compressed oops)
Heap:
 PSYoungGen      total 219648K, used 205631K [0x00000000f0000000, 0x0000000100000000, 0x0000000100000000)
  eden space 196608K, 95% used [0x00000000f0000000,0x00000000fb7724e8,0x00000000fc000000)
  from space 23040K, 77% used [0x00000000fe980000,0x00000000ffadd948,0x0000000100000000)
  to   space 32768K, 0% used [0x00000000fc000000,0x00000000fc000000,0x00000000fe000000)
 ParOldGen       total 90112K, used 74025K [0x00000000d0000000, 0x00000000d5800000, 0x00000000f0000000)
  object space 90112K, 82% used [0x00000000d0000000,0x00000000d484a4a8,0x00000000d5800000)
 Metaspace       used 59463K, capacity 61280K, committed 61440K, reserved 1103872K
  class space    used 6746K, capacity 7332K, committed 7424K, reserved 1048576K
GC Heap History (10 events):
Event: 20.524 GC heap before
{Heap before GC invocations=60 (full 5):
 PSYoungGen      total 237056K, used 219386K [0x00000000f0000000, 0x00000000ffe80000, 0x0000000100000000)
  eden space 215552K, 100% used [0x00000000f0000000,0x00000000fd280000,0x00000000fd280000)
  from space 21504K, 17% used [0x00000000fe980000,0x00000000fed3ebc8,0x00000000ffe80000)
  to   space 22528K, 0% used [0x00000000fd280000,0x00000000fd280000,0x00000000fe880000)
 ParOldGen       total 74240K, used 60663K [0x00000000d0000000, 0x00000000d4880000, 0x00000000f0000000)
  object space 74240K, 81% used [0x00000000d0000000,0x00000000d3b3dd18,0x00000000d4880000)
 Metaspace       used 51855K, capacity 53114K, committed 53376K, reserved 1095680K
  class space    used 5848K, capacity 6267K, committed 6272K, reserved 1048576K
Event: 20.558 GC heap after
Heap after GC invocations=60 (full 5):
 PSYoungGen      total 238080K, used 7409K [0x00000000f0000000, 0x00000000ffe00000, 0x0000000100000000)
  eden space 215552K, 0% used [0x00000000f0000000,0x00000000f0000000,0x00000000fd280000)
  from space 22528K, 32% used [0x00000000fd280000,0x00000000fd9bc4b8,0x00000000fe880000)
  to   space 20992K, 0% used [0x00000000fe980000,0x00000000fe980000,0x00000000ffe00000)
 ParOldGen       total 74240K, used 60671K [0x00000000d0000000, 0x00000000d4880000, 0x00000000f0000000)
  object space 74240K, 81% used [0x00000000d0000000,0x00000000d3b3fd18,0x00000000d4880000)
 Metaspace       used 51855K, capacity 53114K, committed 53376K, reserved 1095680K
  class space    used 5848K, capacity 6267K, committed 6272K, reserved 1048576K
}
Event: 22.305 GC heap before
{Heap before GC invocations=61 (full 5):
 PSYoungGen      total 238080K, used 222961K [0x00000000f0000000, 0x00000000ffe00000, 0x0000000100000000)
  eden space 215552K, 100% used [0x00000000f0000000,0x00000000fd280000,0x00000000fd280000)
  from space 22528K, 32% used [0x00000000fd280000,0x00000000fd9bc4b8,0x00000000fe880000)
  to   space 20992K, 0% used [0x00000000fe980000,0x00000000fe980000,0x00000000ffe00000)
 ParOldGen       total 74240K, used 60671K [0x00000000d0000000, 0x00000000d4880000, 0x00000000f0000000)
  object space 74240K, 81% used [0x00000000d0000000,0x00000000d3b3fd18,0x00000000d4880000)
 Metaspace       used 52886K, capacity 54158K, committed 54400K, reserved 1097728K
  class space    used 5977K, capacity 6410K, committed 6528K, reserved 1048576K
Event: 22.360 GC heap after
Heap after GC invocations=61 (full 5):
 PSYoungGen      total 238080K, used 13173K [0x00000000f0000000, 0x0000000100000000, 0x0000000100000000)
  eden space 217088K, 0% used [0x00000000f0000000,0x00000000f0000000,0x00000000fd400000)
  from space 20992K, 62% used [0x00000000fe980000,0x00000000ff65d618,0x00000000ffe00000)
  to   space 22016K, 0% used [0x00000000fd400000,0x00000000fd400000,0x00000000fe980000)
 ParOldGen       total 74240K, used 60679K [0x00000000d0000000, 0x00000000d4880000, 0x00000000f0000000)
  object space 74240K, 81% used [0x00000000d0000000,0x00000000d3b41d18,0x00000000d4880000)
 Metaspace       used 52886K, capacity 54158K, committed 54400K, reserved 1097728K
  class space    used 5977K, capacity 6410K, committed 6528K, reserved 1048576K
}
Event: 24.269 GC heap before
{Heap before GC invocations=62 (full 5):
 PSYoungGen      total 238080K, used 230261K [0x00000000f0000000, 0x0000000100000000, 0x0000000100000000)
  eden space 217088K, 100% used [0x00000000f0000000,0x00000000fd400000,0x00000000fd400000)
  from space 20992K, 62% used [0x00000000fe980000,0x00000000ff65d618,0x00000000ffe00000)
  to   space 22016K, 0% used [0x00000000fd400000,0x00000000fd400000,0x00000000fe980000)
 ParOldGen       total 74240K, used 60679K [0x00000000d0000000, 0x00000000d4880000, 0x00000000f0000000)
  object space 74240K, 81% used [0x00000000d0000000,0x00000000d3b41d18,0x00000000d4880000)
 Metaspace       used 54742K, capacity 56040K, committed 56320K, reserved 1099776K
  class space    used 6145K, capacity 6546K, committed 6656K, reserved 1048576K
Event: 24.331 GC heap after
Heap after GC invocations=62 (full 5):
 PSYoungGen      total 239104K, used 21996K [0x00000000f0000000, 0x0000000100000000, 0x0000000100000000)
  eden space 217088K, 0% used [0x00000000f0000000,0x00000000f0000000,0x00000000fd400000)
  from space 22016K, 99% used [0x00000000fd400000,0x00000000fe97b0c8,0x00000000fe980000)
  to   space 23040K, 0% used [0x00000000fe980000,0x00000000fe980000,0x0000000100000000)
 ParOldGen       total 74240K, used 62142K [0x00000000d0000000, 0x00000000d4880000, 0x00000000f0000000)
  object space 74240K, 83% used [0x00000000d0000000,0x00000000d3cafb40,0x00000000d4880000)
 Metaspace       used 54742K, capacity 56040K, committed 56320K, reserved 1099776K
  class space    used 6145K, capacity 6546K, committed 6656K, reserved 1048576K
}
Event: 25.955 GC heap before
{Heap before GC invocations=63 (full 5):
 PSYoungGen      total 239104K, used 234551K [0x00000000f0000000, 0x0000000100000000, 0x0000000100000000)
  eden space 217088K, 97% used [0x00000000f0000000,0x00000000fcf92b58,0x00000000fd400000)
  from space 22016K, 99% used [0x00000000fd400000,0x00000000fe97b0c8,0x00000000fe980000)
  to   space 23040K, 0% used [0x00000000fe980000,0x00000000fe980000,0x0000000100000000)
 ParOldGen       total 74240K, used 62142K [0x00000000d0000000, 0x00000000d4880000, 0x00000000f0000000)
  object space 74240K, 83% used [0x00000000d0000000,0x00000000d3cafb40,0x00000000d4880000)
 Metaspace       used 56691K, capacity 58056K, committed 58112K, reserved 1099776K
  class space    used 6448K, capacity 6884K, committed 6912K, reserved 1048576K
Event: 26.040 GC heap after
Heap after GC invocations=63 (full 5):
 PSYoungGen      total 219648K, used 23009K [0x00000000f0000000, 0x0000000100000000, 0x0000000100000000)
  eden space 196608K, 0% used [0x00000000f0000000,0x00000000f0000000,0x00000000fc000000)
  from space 23040K, 99% used [0x00000000fe980000,0x00000000ffff8480,0x0000000100000000)
  to   space 32768K, 0% used [0x00000000fc000000,0x00000000fc000000,0x00000000fe000000)
 ParOldGen       total 74240K, used 71014K [0x00000000d0000000, 0x00000000d4880000, 0x00000000f0000000)
  object space 74240K, 95% used [0x00000000d0000000,0x00000000d4559a70,0x00000000d4880000)
 Metaspace       used 56691K, capacity 58056K, committed 58112K, reserved 1099776K
  class space    used 6448K, capacity 6884K, committed 6912K, reserved 1048576K
}
Event: 26.040 GC heap before
{Heap before GC invocations=64 (full 6):
 PSYoungGen      total 219648K, used 23009K [0x00000000f0000000, 0x0000000100000000, 0x0000000100000000)
  eden space 196608K, 0% used [0x00000000f0000000,0x00000000f0000000,0x00000000fc000000)
  from space 23040K, 99% used [0x00000000fe980000,0x00000000ffff8480,0x0000000100000000)
  to   space 32768K, 0% used [0x00000000fc000000,0x00000000fc000000,0x00000000fe000000)
 ParOldGen       total 74240K, used 71014K [0x00000000d0000000, 0x00000000d4880000, 0x00000000f0000000)
  object space 74240K, 95% used [0x00000000d0000000,0x00000000d4559a70,0x00000000d4880000)
 Metaspace       used 56691K, capacity 58056K, committed 58112K, reserved 1099776K
  class space    used 6448K, capacity 6884K, committed 6912K, reserved 1048576K
Event: 27.730 GC heap after
Heap after GC invocations=64 (full 6):
 PSYoungGen      total 219648K, used 17782K [0x00000000f0000000, 0x0000000100000000, 0x0000000100000000)
  eden space 196608K, 0% used [0x00000000f0000000,0x00000000f0000000,0x00000000fc000000)
  from space 23040K, 77% used [0x00000000fe980000,0x00000000ffadd948,0x0000000100000000)
  to   space 32768K, 0% used [0x00000000fc000000,0x00000000fc000000,0x00000000fe000000)
 ParOldGen       total 90112K, used 74025K [0x00000000d0000000, 0x00000000d5800000, 0x00000000f0000000)
  object space 90112K, 82% used [0x00000000d0000000,0x00000000d484a4a8,0x00000000d5800000)
 Metaspace       used 56691K, capacity 58056K, committed 58112K, reserved 1099776K
  class space    used 6448K, capacity 6884K, committed 6912K, reserved 1048576K
}

