# JRE version: Java(TM) SE Runtime Environment (8.0_05-b13) (build 1.8.0_05-b13)
# Java VM: Java HotSpot(TM) 64-Bit Server VM (25.5-b02 mixed mode linux-amd64 compressed oops)
Heap:
 PSYoungGen      total 210944K, used 86686K [0x00000000f0000000, 0x0000000100000000, 0x0000000100000000)
  eden space 169984K, 27% used [0x00000000f0000000,0x00000000f2cff070,0x00000000fa600000)
  from space 40960K, 99% used [0x00000000fa600000,0x00000000fcda88b8,0x00000000fce00000)
  to   space 51200K, 0% used [0x00000000fce00000,0x00000000fce00000,0x0000000100000000)
 ParOldGen       total 76800K, used 66631K [0x00000000d0000000, 0x00000000d4b00000, 0x00000000f0000000)
  object space 76800K, 86% used [0x00000000d0000000,0x00000000d4111f48,0x00000000d4b00000)
 Metaspace       used 61151K, capacity 63300K, committed 63616K, reserved 1105920K
  class space    used 6956K, capacity 7681K, committed 7808K, reserved 1048576K
GC Heap History (10 events):
Event: 25.222 GC heap before
{Heap before GC invocations=64 (full 5):
 PSYoungGen      total 227840K, used 201007K [0x00000000f0000000, 0x0000000100000000, 0x0000000100000000)
  eden space 193536K, 100% used [0x00000000f0000000,0x00000000fbd00000,0x00000000fbd00000)
  from space 34304K, 21% used [0x00000000fdd80000,0x00000000fe4cbf10,0x00000000fff00000)
  to   space 33280K, 0% used [0x00000000fbd00000,0x00000000fbd00000,0x00000000fdd80000)
 ParOldGen       total 76800K, used 62483K [0x00000000d0000000, 0x00000000d4b00000, 0x00000000f0000000)
  object space 76800K, 81% used [0x00000000d0000000,0x00000000d3d04f58,0x00000000d4b00000)
 Metaspace       used 53339K, capacity 54630K, committed 54912K, reserved 1097728K
  class space    used 6030K, capacity 6446K, committed 6528K, reserved 1048576K
Event: 25.266 GC heap after
Heap after GC invocations=64 (full 5):
 PSYoungGen      total 207872K, used 13914K [0x00000000f0000000, 0x00000000ffc00000, 0x0000000100000000)
  eden space 193536K, 0% used [0x00000000f0000000,0x00000000f0000000,0x00000000fbd00000)
  from space 14336K, 97% used [0x00000000fbd00000,0x00000000fca96ac0,0x00000000fcb00000)
  to   space 31744K, 0% used [0x00000000fdd00000,0x00000000fdd00000,0x00000000ffc00000)
 ParOldGen       total 76800K, used 62491K [0x00000000d0000000, 0x00000000d4b00000, 0x00000000f0000000)
  object space 76800K, 81% used [0x00000000d0000000,0x00000000d3d06f58,0x00000000d4b00000)
 Metaspace       used 53339K, capacity 54630K, committed 54912K, reserved 1097728K
  class space    used 6030K, capacity 6446K, committed 6528K, reserved 1048576K
}
Event: 27.417 GC heap before
{Heap before GC invocations=65 (full 5):
 PSYoungGen      total 207872K, used 207450K [0x00000000f0000000, 0x00000000ffc00000, 0x0000000100000000)
  eden space 193536K, 100% used [0x00000000f0000000,0x00000000fbd00000,0x00000000fbd00000)
  from space 14336K, 97% used [0x00000000fbd00000,0x00000000fca96ac0,0x00000000fcb00000)
  to   space 31744K, 0% used [0x00000000fdd00000,0x00000000fdd00000,0x00000000ffc00000)
 ParOldGen       total 76800K, used 62491K [0x00000000d0000000, 0x00000000d4b00000, 0x00000000f0000000)
  object space 76800K, 81% used [0x00000000d0000000,0x00000000d3d06f58,0x00000000d4b00000)
 Metaspace       used 54992K, capacity 56350K, committed 56576K, reserved 1099776K
  class space    used 6163K, capacity 6611K, committed 6656K, reserved 1048576K
Event: 27.483 GC heap after
Heap after GC invocations=65 (full 5):
 PSYoungGen      total 224256K, used 23012K [0x00000000f0000000, 0x0000000100000000, 0x0000000100000000)
  eden space 192512K, 0% used [0x00000000f0000000,0x00000000f0000000,0x00000000fbc00000)
  from space 31744K, 72% used [0x00000000fdd00000,0x00000000ff379310,0x00000000ffc00000)
  to   space 33792K, 0% used [0x00000000fbc00000,0x00000000fbc00000,0x00000000fdd00000)
 ParOldGen       total 76800K, used 62499K [0x00000000d0000000, 0x00000000d4b00000, 0x00000000f0000000)
  object space 76800K, 81% used [0x00000000d0000000,0x00000000d3d08f58,0x00000000d4b00000)
 Metaspace       used 54992K, capacity 56350K, committed 56576K, reserved 1099776K
  class space    used 6163K, capacity 6611K, committed 6656K, reserved 1048576K
}
Event: 29.628 GC heap before
{Heap before GC invocations=66 (full 5):
 PSYoungGen      total 224256K, used 215524K [0x00000000f0000000, 0x0000000100000000, 0x0000000100000000)
  eden space 192512K, 100% used [0x00000000f0000000,0x00000000fbc00000,0x00000000fbc00000)
  from space 31744K, 72% used [0x00000000fdd00000,0x00000000ff379310,0x00000000ffc00000)
  to   space 33792K, 0% used [0x00000000fbc00000,0x00000000fbc00000,0x00000000fdd00000)
 ParOldGen       total 76800K, used 62499K [0x00000000d0000000, 0x00000000d4b00000, 0x00000000f0000000)
  object space 76800K, 81% used [0x00000000d0000000,0x00000000d3d08f58,0x00000000d4b00000)
 Metaspace       used 57476K, capacity 58818K, committed 58880K, reserved 1101824K
  class space    used 6456K, capacity 6903K, committed 6912K, reserved 1048576K
Event: 29.732 GC heap after
Heap after GC invocations=66 (full 5):
 PSYoungGen      total 225280K, used 32548K [0x00000000f0000000, 0x0000000100000000, 0x0000000100000000)
  eden space 192512K, 0% used [0x00000000f0000000,0x00000000f0000000,0x00000000fbc00000)
  from space 32768K, 99% used [0x00000000fbc00000,0x00000000fdbc9268,0x00000000fdc00000)
  to   space 36864K, 0% used [0x00000000fdc00000,0x00000000fdc00000,0x0000000100000000)
 ParOldGen       total 76800K, used 62507K [0x00000000d0000000, 0x00000000d4b00000, 0x00000000f0000000)
  object space 76800K, 81% used [0x00000000d0000000,0x00000000d3d0af58,0x00000000d4b00000)
 Metaspace       used 57476K, capacity 58818K, committed 58880K, reserved 1101824K
  class space    used 6456K, capacity 6903K, committed 6912K, reserved 1048576K
}
Event: 32.924 GC heap before
{Heap before GC invocations=67 (full 5):
 PSYoungGen      total 225280K, used 225060K [0x00000000f0000000, 0x0000000100000000, 0x0000000100000000)
  eden space 192512K, 100% used [0x00000000f0000000,0x00000000fbc00000,0x00000000fbc00000)
  from space 32768K, 99% used [0x00000000fbc00000,0x00000000fdbc9268,0x00000000fdc00000)
  to   space 36864K, 0% used [0x00000000fdc00000,0x00000000fdc00000,0x0000000100000000)
 ParOldGen       total 76800K, used 62507K [0x00000000d0000000, 0x00000000d4b00000, 0x00000000f0000000)
  object space 76800K, 81% used [0x00000000d0000000,0x00000000d3d0af58,0x00000000d4b00000)
 Metaspace       used 59997K, capacity 62094K, committed 62336K, reserved 1103872K
  class space    used 6795K, capacity 7468K, committed 7552K, reserved 1048576K
Event: 33.016 GC heap after
Heap after GC invocations=67 (full 5):
 PSYoungGen      total 206848K, used 36842K [0x00000000f0000000, 0x0000000100000000, 0x0000000100000000)
  eden space 169984K, 0% used [0x00000000f0000000,0x00000000f0000000,0x00000000fa600000)
  from space 36864K, 99% used [0x00000000fdc00000,0x00000000ffffa810,0x0000000100000000)
  to   space 46080K, 0% used [0x00000000fa600000,0x00000000fa600000,0x00000000fd300000)
 ParOldGen       total 76800K, used 66623K [0x00000000d0000000, 0x00000000d4b00000, 0x00000000f0000000)
  object space 76800K, 86% used [0x00000000d0000000,0x00000000d410ff48,0x00000000d4b00000)
 Metaspace       used 59997K, capacity 62094K, committed 62336K, reserved 1103872K
  class space    used 6795K, capacity 7468K, committed 7552K, reserved 1048576K
}
Event: 34.993 GC heap before
{Heap before GC invocations=68 (full 5):
 PSYoungGen      total 206848K, used 198688K [0x00000000f0000000, 0x0000000100000000, 0x0000000100000000)
  eden space 169984K, 95% used [0x00000000f0000000,0x00000000f9e0d878,0x00000000fa600000)
  from space 36864K, 99% used [0x00000000fdc00000,0x00000000ffffa810,0x0000000100000000)
  to   space 46080K, 0% used [0x00000000fa600000,0x00000000fa600000,0x00000000fd300000)
 ParOldGen       total 76800K, used 66623K [0x00000000d0000000, 0x00000000d4b00000, 0x00000000f0000000)
  object space 76800K, 86% used [0x00000000d0000000,0x00000000d410ff48,0x00000000d4b00000)
 Metaspace       used 60845K, capacity 63014K, committed 63232K, reserved 1105920K
  class space    used 6915K, capacity 7627K, committed 7680K, reserved 1048576K
Event: 35.108 GC heap after
Heap after GC invocations=68 (full 5):
 PSYoungGen      total 210944K, used 40610K [0x00000000f0000000, 0x0000000100000000, 0x0000000100000000)
  eden space 169984K, 0% used [0x00000000f0000000,0x00000000f0000000,0x00000000fa600000)
  from space 40960K, 99% used [0x00000000fa600000,0x00000000fcda88b8,0x00000000fce00000)
  to   space 51200K, 0% used [0x00000000fce00000,0x00000000fce00000,0x0000000100000000)
 ParOldGen       total 76800K, used 66631K [0x00000000d0000000, 0x00000000d4b00000, 0x00000000f0000000)
  object space 76800K, 86% used [0x00000000d0000000,0x00000000d4111f48,0x00000000d4b00000)
 Metaspace       used 60845K, capacity 63014K, committed 63232K, reserved 1105920K
  class space    used 6915K, capacity 7627K, committed 7680K, reserved 1048576K
}

