# JRE version: Java(TM) SE Runtime Environment (8.0_05-b13) (build 1.8.0_05-b13)
# Java VM: Java HotSpot(TM) 64-Bit Server VM (25.5-b02 mixed mode linux-amd64 compressed oops)
Heap:
 PSYoungGen      total 224256K, used 45349K [0x00000000f0000000, 0x0000000100000000, 0x0000000100000000)
  eden space 198656K, 9% used [0x00000000f0000000,0x00000000f1349cc8,0x00000000fc200000)
  from space 25600K, 99% used [0x00000000fe700000,0x00000000fffff8f0,0x0000000100000000)
  to   space 31744K, 0% used [0x00000000fc200000,0x00000000fc200000,0x00000000fe100000)
 ParOldGen       total 73728K, used 64149K [0x00000000d0000000, 0x00000000d4800000, 0x00000000f0000000)
  object space 73728K, 87% used [0x00000000d0000000,0x00000000d3ea55c0,0x00000000d4800000)
 Metaspace       used 56125K, capacity 57504K, committed 57856K, reserved 1099776K
  class space    used 6384K, capacity 6825K, committed 6912K, reserved 1048576K
GC Heap History (10 events):
Event: 7,329 GC heap before
{Heap before GC invocations=59 (full 5):
 PSYoungGen      total 211968K, used 204859K [0x00000000f0000000, 0x00000000fff00000, 0x0000000100000000)
  eden space 209920K, 96% used [0x00000000f0000000,0x00000000fc66a990,0x00000000fcd00000)
  from space 2048K, 82% used [0x00000000fcd00000,0x00000000fcea4288,0x00000000fcf00000)
  to   space 25600K, 0% used [0x00000000fe600000,0x00000000fe600000,0x00000000fff00000)
 ParOldGen       total 73728K, used 60657K [0x00000000d0000000, 0x00000000d4800000, 0x00000000f0000000)
  object space 73728K, 82% used [0x00000000d0000000,0x00000000d3b3c458,0x00000000d4800000)
 Metaspace       used 49392K, capacity 50588K, committed 50816K, reserved 1093632K
  class space    used 5545K, capacity 5935K, committed 6016K, reserved 1048576K
Event: 7,333 GC heap after
Heap after GC invocations=59 (full 5):
 PSYoungGen      total 236032K, used 1766K [0x00000000f0000000, 0x0000000100000000, 0x0000000100000000)
  eden space 210432K, 0% used [0x00000000f0000000,0x00000000f0000000,0x00000000fcd80000)
  from space 25600K, 6% used [0x00000000fe600000,0x00000000fe7b9a90,0x00000000fff00000)
  to   space 25088K, 0% used [0x00000000fcd80000,0x00000000fcd80000,0x00000000fe600000)
 ParOldGen       total 73728K, used 60657K [0x00000000d0000000, 0x00000000d4800000, 0x00000000f0000000)
  object space 73728K, 82% used [0x00000000d0000000,0x00000000d3b3c458,0x00000000d4800000)
 Metaspace       used 49392K, capacity 50588K, committed 50816K, reserved 1093632K
  class space    used 5545K, capacity 5935K, committed 6016K, reserved 1048576K
}
Event: 7,614 GC heap before
{Heap before GC invocations=60 (full 5):
 PSYoungGen      total 236032K, used 212198K [0x00000000f0000000, 0x0000000100000000, 0x0000000100000000)
  eden space 210432K, 100% used [0x00000000f0000000,0x00000000fcd80000,0x00000000fcd80000)
  from space 25600K, 6% used [0x00000000fe600000,0x00000000fe7b9a90,0x00000000fff00000)
  to   space 25088K, 0% used [0x00000000fcd80000,0x00000000fcd80000,0x00000000fe600000)
 ParOldGen       total 73728K, used 60657K [0x00000000d0000000, 0x00000000d4800000, 0x00000000f0000000)
  object space 73728K, 82% used [0x00000000d0000000,0x00000000d3b3c458,0x00000000d4800000)
 Metaspace       used 51159K, capacity 52434K, committed 52864K, reserved 1095680K
  class space    used 5790K, capacity 6172K, committed 6272K, reserved 1048576K
Event: 7,620 GC heap after
Heap after GC invocations=60 (full 5):
 PSYoungGen      total 214528K, used 4059K [0x00000000f0000000, 0x00000000ffc80000, 0x0000000100000000)
  eden space 210432K, 0% used [0x00000000f0000000,0x00000000f0000000,0x00000000fcd80000)
  from space 4096K, 99% used [0x00000000fcd80000,0x00000000fd176f18,0x00000000fd180000)
  to   space 23552K, 0% used [0x00000000fe580000,0x00000000fe580000,0x00000000ffc80000)
 ParOldGen       total 73728K, used 60665K [0x00000000d0000000, 0x00000000d4800000, 0x00000000f0000000)
  object space 73728K, 82% used [0x00000000d0000000,0x00000000d3b3e458,0x00000000d4800000)
 Metaspace       used 51159K, capacity 52434K, committed 52864K, reserved 1095680K
  class space    used 5790K, capacity 6172K, committed 6272K, reserved 1048576K
}
Event: 8,103 GC heap before
{Heap before GC invocations=61 (full 5):
 PSYoungGen      total 214528K, used 214491K [0x00000000f0000000, 0x00000000ffc80000, 0x0000000100000000)
  eden space 210432K, 100% used [0x00000000f0000000,0x00000000fcd80000,0x00000000fcd80000)
  from space 4096K, 99% used [0x00000000fcd80000,0x00000000fd176f18,0x00000000fd180000)
  to   space 23552K, 0% used [0x00000000fe580000,0x00000000fe580000,0x00000000ffc80000)
 ParOldGen       total 73728K, used 60665K [0x00000000d0000000, 0x00000000d4800000, 0x00000000f0000000)
  object space 73728K, 82% used [0x00000000d0000000,0x00000000d3b3e458,0x00000000d4800000)
 Metaspace       used 52215K, capacity 53530K, committed 53760K, reserved 1097728K
  class space    used 5920K, capacity 6313K, committed 6400K, reserved 1048576K
Event: 8,112 GC heap after
Heap after GC invocations=61 (full 5):
 PSYoungGen      total 235520K, used 9231K [0x00000000f0000000, 0x0000000100000000, 0x0000000100000000)
  eden space 211968K, 0% used [0x00000000f0000000,0x00000000f0000000,0x00000000fcf00000)
  from space 23552K, 39% used [0x00000000fe580000,0x00000000fee83f10,0x00000000ffc80000)
  to   space 23040K, 0% used [0x00000000fcf00000,0x00000000fcf00000,0x00000000fe580000)
 ParOldGen       total 73728K, used 60673K [0x00000000d0000000, 0x00000000d4800000, 0x00000000f0000000)
  object space 73728K, 82% used [0x00000000d0000000,0x00000000d3b40458,0x00000000d4800000)
 Metaspace       used 52215K, capacity 53530K, committed 53760K, reserved 1097728K
  class space    used 5920K, capacity 6313K, committed 6400K, reserved 1048576K
}
Event: 8,717 GC heap before
{Heap before GC invocations=62 (full 5):
 PSYoungGen      total 235520K, used 221199K [0x00000000f0000000, 0x0000000100000000, 0x0000000100000000)
  eden space 211968K, 100% used [0x00000000f0000000,0x00000000fcf00000,0x00000000fcf00000)
  from space 23552K, 39% used [0x00000000fe580000,0x00000000fee83f10,0x00000000ffc80000)
  to   space 23040K, 0% used [0x00000000fcf00000,0x00000000fcf00000,0x00000000fe580000)
 ParOldGen       total 73728K, used 60673K [0x00000000d0000000, 0x00000000d4800000, 0x00000000f0000000)
  object space 73728K, 82% used [0x00000000d0000000,0x00000000d3b40458,0x00000000d4800000)
 Metaspace       used 54078K, capacity 55456K, committed 55808K, reserved 1097728K
  class space    used 6091K, capacity 6547K, committed 6656K, reserved 1048576K
Event: 8,733 GC heap after
Heap after GC invocations=62 (full 5):
 PSYoungGen      total 235008K, used 18922K [0x00000000f0000000, 0x0000000100000000, 0x0000000100000000)
  eden space 211968K, 0% used [0x00000000f0000000,0x00000000f0000000,0x00000000fcf00000)
  from space 23040K, 82% used [0x00000000fcf00000,0x00000000fe17abe8,0x00000000fe580000)
  to   space 25600K, 0% used [0x00000000fe700000,0x00000000fe700000,0x0000000100000000)
 ParOldGen       total 73728K, used 60681K [0x00000000d0000000, 0x00000000d4800000, 0x00000000f0000000)
  object space 73728K, 82% used [0x00000000d0000000,0x00000000d3b42458,0x00000000d4800000)
 Metaspace       used 54078K, capacity 55456K, committed 55808K, reserved 1097728K
  class space    used 6091K, capacity 6547K, committed 6656K, reserved 1048576K
}
Event: 9,306 GC heap before
{Heap before GC invocations=63 (full 5):
 PSYoungGen      total 235008K, used 230890K [0x00000000f0000000, 0x0000000100000000, 0x0000000100000000)
  eden space 211968K, 100% used [0x00000000f0000000,0x00000000fcf00000,0x00000000fcf00000)
  from space 23040K, 82% used [0x00000000fcf00000,0x00000000fe17abe8,0x00000000fe580000)
  to   space 25600K, 0% used [0x00000000fe700000,0x00000000fe700000,0x0000000100000000)
 ParOldGen       total 73728K, used 60681K [0x00000000d0000000, 0x00000000d4800000, 0x00000000f0000000)
  object space 73728K, 82% used [0x00000000d0000000,0x00000000d3b42458,0x00000000d4800000)
 Metaspace       used 56040K, capacity 57414K, committed 57600K, reserved 1099776K
  class space    used 6371K, capacity 6815K, committed 6912K, reserved 1048576K
Event: 9,328 GC heap after
Heap after GC invocations=63 (full 5):
 PSYoungGen      total 224256K, used 25598K [0x00000000f0000000, 0x0000000100000000, 0x0000000100000000)
  eden space 198656K, 0% used [0x00000000f0000000,0x00000000f0000000,0x00000000fc200000)
  from space 25600K, 99% used [0x00000000fe700000,0x00000000fffff8f0,0x0000000100000000)
  to   space 31744K, 0% used [0x00000000fc200000,0x00000000fc200000,0x00000000fe100000)
 ParOldGen       total 73728K, used 64149K [0x00000000d0000000, 0x00000000d4800000, 0x00000000f0000000)
  object space 73728K, 87% used [0x00000000d0000000,0x00000000d3ea55c0,0x00000000d4800000)
 Metaspace       used 56040K, capacity 57414K, committed 57600K, reserved 1099776K
  class space    used 6371K, capacity 6815K, committed 6912K, reserved 1048576K
}

