# JRE version: Java(TM) SE Runtime Environment (8.0_05-b13) (build 1.8.0_05-b13)
# Java VM: Java HotSpot(TM) 64-Bit Server VM (25.5-b02 mixed mode linux-amd64 compressed oops)
Heap:
 PSYoungGen      total 232960K, used 123609K [0x00000000f0000000, 0x0000000100000000, 0x0000000100000000)
  eden space 203776K, 50% used [0x00000000f0000000,0x00000000f65676d8,0x00000000fc700000)
  from space 29184K, 67% used [0x00000000fc700000,0x00000000fda4eec0,0x00000000fe380000)
  to   space 29184K, 0% used [0x00000000fe380000,0x00000000fe380000,0x0000000100000000)
 ParOldGen       total 92160K, used 76088K [0x00000000d0000000, 0x00000000d5a00000, 0x00000000f0000000)
  object space 92160K, 82% used [0x00000000d0000000,0x00000000d4a4e268,0x00000000d5a00000)
 Metaspace       used 62442K, capacity 63916K, committed 64128K, reserved 1105920K
  class space    used 7091K, capacity 7548K, committed 7552K, reserved 1048576K
GC Heap History (10 events):
Event: 9,435 GC heap before
{Heap before GC invocations=61 (full 5):
 PSYoungGen      total 237056K, used 223405K [0x00000000f0000000, 0x00000000ffe80000, 0x0000000100000000)
  eden space 215040K, 100% used [0x00000000f0000000,0x00000000fd200000,0x00000000fd200000)
  from space 22016K, 37% used [0x00000000fd200000,0x00000000fda2b4f0,0x00000000fe780000)
  to   space 20992K, 0% used [0x00000000fea00000,0x00000000fea00000,0x00000000ffe80000)
 ParOldGen       total 76288K, used 61625K [0x00000000d0000000, 0x00000000d4a80000, 0x00000000f0000000)
  object space 76288K, 80% used [0x00000000d0000000,0x00000000d3c2e708,0x00000000d4a80000)
 Metaspace       used 55421K, capacity 56742K, committed 56960K, reserved 1099776K
  class space    used 6335K, capacity 6728K, committed 6784K, reserved 1048576K
Event: 9,446 GC heap after
Heap after GC invocations=61 (full 5):
 PSYoungGen      total 239616K, used 11570K [0x00000000f0000000, 0x00000000fff00000, 0x0000000100000000)
  eden space 218624K, 0% used [0x00000000f0000000,0x00000000f0000000,0x00000000fd580000)
  from space 20992K, 55% used [0x00000000fea00000,0x00000000ff54ca18,0x00000000ffe80000)
  to   space 20992K, 0% used [0x00000000fd580000,0x00000000fd580000,0x00000000fea00000)
 ParOldGen       total 76288K, used 61633K [0x00000000d0000000, 0x00000000d4a80000, 0x00000000f0000000)
  object space 76288K, 80% used [0x00000000d0000000,0x00000000d3c30708,0x00000000d4a80000)
 Metaspace       used 55421K, capacity 56742K, committed 56960K, reserved 1099776K
  class space    used 6335K, capacity 6728K, committed 6784K, reserved 1048576K
}
Event: 9,964 GC heap before
{Heap before GC invocations=62 (full 5):
 PSYoungGen      total 239616K, used 230194K [0x00000000f0000000, 0x00000000fff00000, 0x0000000100000000)
  eden space 218624K, 100% used [0x00000000f0000000,0x00000000fd580000,0x00000000fd580000)
  from space 20992K, 55% used [0x00000000fea00000,0x00000000ff54ca18,0x00000000ffe80000)
  to   space 20992K, 0% used [0x00000000fd580000,0x00000000fd580000,0x00000000fea00000)
 ParOldGen       total 76288K, used 61633K [0x00000000d0000000, 0x00000000d4a80000, 0x00000000f0000000)
  object space 76288K, 80% used [0x00000000d0000000,0x00000000d3c30708,0x00000000d4a80000)
 Metaspace       used 57462K, capacity 58778K, committed 59008K, reserved 1101824K
  class space    used 6569K, capacity 6968K, committed 7040K, reserved 1048576K
Event: 9,985 GC heap after
Heap after GC invocations=62 (full 5):
 PSYoungGen      total 237056K, used 18029K [0x00000000f0000000, 0x0000000100000000, 0x0000000100000000)
  eden space 218624K, 0% used [0x00000000f0000000,0x00000000f0000000,0x00000000fd580000)
  from space 18432K, 97% used [0x00000000fd580000,0x00000000fe71b6b8,0x00000000fe780000)
  to   space 23552K, 0% used [0x00000000fe900000,0x00000000fe900000,0x0000000100000000)
 ParOldGen       total 76288K, used 61641K [0x00000000d0000000, 0x00000000d4a80000, 0x00000000f0000000)
  object space 76288K, 80% used [0x00000000d0000000,0x00000000d3c32708,0x00000000d4a80000)
 Metaspace       used 57462K, capacity 58778K, committed 59008K, reserved 1101824K
  class space    used 6569K, capacity 6968K, committed 7040K, reserved 1048576K
}
Event: 10,613 GC heap before
{Heap before GC invocations=63 (full 5):
 PSYoungGen      total 237056K, used 236653K [0x00000000f0000000, 0x0000000100000000, 0x0000000100000000)
  eden space 218624K, 100% used [0x00000000f0000000,0x00000000fd580000,0x00000000fd580000)
  from space 18432K, 97% used [0x00000000fd580000,0x00000000fe71b6b8,0x00000000fe780000)
  to   space 23552K, 0% used [0x00000000fe900000,0x00000000fe900000,0x0000000100000000)
 ParOldGen       total 76288K, used 61641K [0x00000000d0000000, 0x00000000d4a80000, 0x00000000f0000000)
  object space 76288K, 80% used [0x00000000d0000000,0x00000000d3c32708,0x00000000d4a80000)
 Metaspace       used 59333K, capacity 60698K, committed 61056K, reserved 1103872K
  class space    used 6734K, capacity 7201K, committed 7296K, reserved 1048576K
Event: 10,636 GC heap after
Heap after GC invocations=63 (full 5):
 PSYoungGen      total 227328K, used 23536K [0x00000000f0000000, 0x0000000100000000, 0x0000000100000000)
  eden space 203776K, 0% used [0x00000000f0000000,0x00000000f0000000,0x00000000fc700000)
  from space 23552K, 99% used [0x00000000fe900000,0x00000000ffffc0d8,0x0000000100000000)
  to   space 29184K, 0% used [0x00000000fc700000,0x00000000fc700000,0x00000000fe380000)
 ParOldGen       total 76288K, used 65703K [0x00000000d0000000, 0x00000000d4a80000, 0x00000000f0000000)
  object space 76288K, 86% used [0x00000000d0000000,0x00000000d4029e20,0x00000000d4a80000)
 Metaspace       used 59333K, capacity 60698K, committed 61056K, reserved 1103872K
  class space    used 6734K, capacity 7201K, committed 7296K, reserved 1048576K
}
Event: 11,062 GC heap before
{Heap before GC invocations=64 (full 5):
 PSYoungGen      total 227328K, used 227312K [0x00000000f0000000, 0x0000000100000000, 0x0000000100000000)
  eden space 203776K, 100% used [0x00000000f0000000,0x00000000fc700000,0x00000000fc700000)
  from space 23552K, 99% used [0x00000000fe900000,0x00000000ffffc0d8,0x0000000100000000)
  to   space 29184K, 0% used [0x00000000fc700000,0x00000000fc700000,0x00000000fe380000)
 ParOldGen       total 76288K, used 65703K [0x00000000d0000000, 0x00000000d4a80000, 0x00000000f0000000)
  object space 76288K, 86% used [0x00000000d0000000,0x00000000d4029e20,0x00000000d4a80000)
 Metaspace       used 61179K, capacity 62594K, committed 62848K, reserved 1103872K
  class space    used 7005K, capacity 7451K, committed 7552K, reserved 1048576K
Event: 11,090 GC heap after
Heap after GC invocations=64 (full 5):
 PSYoungGen      total 232960K, used 29170K [0x00000000f0000000, 0x0000000100000000, 0x0000000100000000)
  eden space 203776K, 0% used [0x00000000f0000000,0x00000000f0000000,0x00000000fc700000)
  from space 29184K, 99% used [0x00000000fc700000,0x00000000fe37c8c0,0x00000000fe380000)
  to   space 29184K, 0% used [0x00000000fe380000,0x00000000fe380000,0x0000000100000000)
 ParOldGen       total 76288K, used 69806K [0x00000000d0000000, 0x00000000d4a80000, 0x00000000f0000000)
  object space 76288K, 91% used [0x00000000d0000000,0x00000000d442b928,0x00000000d4a80000)
 Metaspace       used 61179K, capacity 62594K, committed 62848K, reserved 1103872K
  class space    used 7005K, capacity 7451K, committed 7552K, reserved 1048576K
}
Event: 11,090 GC heap before
{Heap before GC invocations=65 (full 6):
 PSYoungGen      total 232960K, used 29170K [0x00000000f0000000, 0x0000000100000000, 0x0000000100000000)
  eden space 203776K, 0% used [0x00000000f0000000,0x00000000f0000000,0x00000000fc700000)
  from space 29184K, 99% used [0x00000000fc700000,0x00000000fe37c8c0,0x00000000fe380000)
  to   space 29184K, 0% used [0x00000000fe380000,0x00000000fe380000,0x0000000100000000)
 ParOldGen       total 76288K, used 69806K [0x00000000d0000000, 0x00000000d4a80000, 0x00000000f0000000)
  object space 76288K, 91% used [0x00000000d0000000,0x00000000d442b928,0x00000000d4a80000)
 Metaspace       used 61179K, capacity 62594K, committed 62848K, reserved 1103872K
  class space    used 7005K, capacity 7451K, committed 7552K, reserved 1048576K
Event: 11,557 GC heap after
Heap after GC invocations=65 (full 6):
 PSYoungGen      total 232960K, used 19771K [0x00000000f0000000, 0x0000000100000000, 0x0000000100000000)
  eden space 203776K, 0% used [0x00000000f0000000,0x00000000f0000000,0x00000000fc700000)
  from space 29184K, 67% used [0x00000000fc700000,0x00000000fda4eec0,0x00000000fe380000)
  to   space 29184K, 0% used [0x00000000fe380000,0x00000000fe380000,0x0000000100000000)
 ParOldGen       total 92160K, used 76088K [0x00000000d0000000, 0x00000000d5a00000, 0x00000000f0000000)
  object space 92160K, 82% used [0x00000000d0000000,0x00000000d4a4e268,0x00000000d5a00000)
 Metaspace       used 61179K, capacity 62594K, committed 62848K, reserved 1103872K
  class space    used 7005K, capacity 7451K, committed 7552K, reserved 1048576K
}

