# JRE version: Java(TM) SE Runtime Environment (8.0_05-b13) (build 1.8.0_05-b13)
# Java VM: Java HotSpot(TM) 64-Bit Server VM (25.5-b02 mixed mode linux-amd64 compressed oops)
Heap:
 PSYoungGen      total 197632K, used 70807K [0x00000000f0000000, 0x0000000100000000, 0x0000000100000000)
  eden space 162816K, 25% used [0x00000000f0000000,0x00000000f2808538,0x00000000f9f00000)
  from space 34816K, 85% used [0x00000000fde00000,0x00000000ffb1d850,0x0000000100000000)
  to   space 49664K, 0% used [0x00000000f9f00000,0x00000000f9f00000,0x00000000fcf80000)
 ParOldGen       total 92672K, used 76249K [0x00000000d0000000, 0x00000000d5a80000, 0x00000000f0000000)
  object space 92672K, 82% used [0x00000000d0000000,0x00000000d4a76438,0x00000000d5a80000)
 Metaspace       used 64622K, capacity 66690K, committed 66816K, reserved 1107968K
  class space    used 7403K, capacity 8097K, committed 8192K, reserved 1048576K
GC Heap History (10 events):
Event: 10,103 GC heap before
{Heap before GC invocations=66 (full 5):
 PSYoungGen      total 227328K, used 210559K [0x00000000f0000000, 0x00000000ffd00000, 0x0000000100000000)
  eden space 197120K, 100% used [0x00000000f0000000,0x00000000fc080000,0x00000000fc080000)
  from space 30208K, 44% used [0x00000000fdd80000,0x00000000fea9fd28,0x00000000ffb00000)
  to   space 29696K, 0% used [0x00000000fc080000,0x00000000fc080000,0x00000000fdd80000)
 ParOldGen       total 76288K, used 62024K [0x00000000d0000000, 0x00000000d4a80000, 0x00000000f0000000)
  object space 76288K, 81% used [0x00000000d0000000,0x00000000d3c92120,0x00000000d4a80000)
 Metaspace       used 57854K, capacity 59216K, committed 59648K, reserved 1101824K
  class space    used 6626K, capacity 7069K, committed 7168K, reserved 1048576K
Event: 10,132 GC heap after
Heap after GC invocations=66 (full 5):
 PSYoungGen      total 226816K, used 18456K [0x00000000f0000000, 0x0000000100000000, 0x0000000100000000)
  eden space 197120K, 0% used [0x00000000f0000000,0x00000000f0000000,0x00000000fc080000)
  from space 29696K, 62% used [0x00000000fc080000,0x00000000fd2860f8,0x00000000fdd80000)
  to   space 30720K, 0% used [0x00000000fe200000,0x00000000fe200000,0x0000000100000000)
 ParOldGen       total 76288K, used 62032K [0x00000000d0000000, 0x00000000d4a80000, 0x00000000f0000000)
  object space 76288K, 81% used [0x00000000d0000000,0x00000000d3c94120,0x00000000d4a80000)
 Metaspace       used 57854K, capacity 59216K, committed 59648K, reserved 1101824K
  class space    used 6626K, capacity 7069K, committed 7168K, reserved 1048576K
}
Event: 10,733 GC heap before
{Heap before GC invocations=67 (full 5):
 PSYoungGen      total 226816K, used 215576K [0x00000000f0000000, 0x0000000100000000, 0x0000000100000000)
  eden space 197120K, 100% used [0x00000000f0000000,0x00000000fc080000,0x00000000fc080000)
  from space 29696K, 62% used [0x00000000fc080000,0x00000000fd2860f8,0x00000000fdd80000)
  to   space 30720K, 0% used [0x00000000fe200000,0x00000000fe200000,0x0000000100000000)
 ParOldGen       total 76288K, used 62032K [0x00000000d0000000, 0x00000000d4a80000, 0x00000000f0000000)
  object space 76288K, 81% used [0x00000000d0000000,0x00000000d3c94120,0x00000000d4a80000)
 Metaspace       used 59527K, capacity 60904K, committed 61312K, reserved 1103872K
  class space    used 6765K, capacity 7202K, committed 7296K, reserved 1048576K
Event: 10,762 GC heap after
Heap after GC invocations=67 (full 5):
 PSYoungGen      total 223232K, used 27716K [0x00000000f0000000, 0x0000000100000000, 0x0000000100000000)
  eden space 192512K, 0% used [0x00000000f0000000,0x00000000f0000000,0x00000000fbc00000)
  from space 30720K, 90% used [0x00000000fe200000,0x00000000ffd112d0,0x0000000100000000)
  to   space 34816K, 0% used [0x00000000fbc00000,0x00000000fbc00000,0x00000000fde00000)
 ParOldGen       total 76288K, used 62040K [0x00000000d0000000, 0x00000000d4a80000, 0x00000000f0000000)
  object space 76288K, 81% used [0x00000000d0000000,0x00000000d3c96120,0x00000000d4a80000)
 Metaspace       used 59527K, capacity 60904K, committed 61312K, reserved 1103872K
  class space    used 6765K, capacity 7202K, committed 7296K, reserved 1048576K
}
Event: 11,311 GC heap before
{Heap before GC invocations=68 (full 5):
 PSYoungGen      total 223232K, used 217950K [0x00000000f0000000, 0x0000000100000000, 0x0000000100000000)
  eden space 192512K, 98% used [0x00000000f0000000,0x00000000fb9c68d8,0x00000000fbc00000)
  from space 30720K, 90% used [0x00000000fe200000,0x00000000ffd112d0,0x0000000100000000)
  to   space 34816K, 0% used [0x00000000fbc00000,0x00000000fbc00000,0x00000000fde00000)
 ParOldGen       total 76288K, used 62040K [0x00000000d0000000, 0x00000000d4a80000, 0x00000000f0000000)
  object space 76288K, 81% used [0x00000000d0000000,0x00000000d3c96120,0x00000000d4a80000)
 Metaspace       used 61940K, capacity 63308K, committed 63616K, reserved 1105920K
  class space    used 7052K, capacity 7494K, committed 7552K, reserved 1048576K
Event: 11,341 GC heap after
Heap after GC invocations=68 (full 5):
 PSYoungGen      total 227328K, used 34815K [0x00000000f0000000, 0x0000000100000000, 0x0000000100000000)
  eden space 192512K, 0% used [0x00000000f0000000,0x00000000f0000000,0x00000000fbc00000)
  from space 34816K, 99% used [0x00000000fbc00000,0x00000000fddffc40,0x00000000fde00000)
  to   space 34816K, 0% used [0x00000000fde00000,0x00000000fde00000,0x0000000100000000)
 ParOldGen       total 76288K, used 64821K [0x00000000d0000000, 0x00000000d4a80000, 0x00000000f0000000)
  object space 76288K, 84% used [0x00000000d0000000,0x00000000d3f4d698,0x00000000d4a80000)
 Metaspace       used 61940K, capacity 63308K, committed 63616K, reserved 1105920K
  class space    used 7052K, capacity 7494K, committed 7552K, reserved 1048576K
}
Event: 12,040 GC heap before
{Heap before GC invocations=69 (full 5):
 PSYoungGen      total 227328K, used 227327K [0x00000000f0000000, 0x0000000100000000, 0x0000000100000000)
  eden space 192512K, 100% used [0x00000000f0000000,0x00000000fbc00000,0x00000000fbc00000)
  from space 34816K, 99% used [0x00000000fbc00000,0x00000000fddffc40,0x00000000fde00000)
  to   space 34816K, 0% used [0x00000000fde00000,0x00000000fde00000,0x0000000100000000)
 ParOldGen       total 76288K, used 64821K [0x00000000d0000000, 0x00000000d4a80000, 0x00000000f0000000)
  object space 76288K, 84% used [0x00000000d0000000,0x00000000d3f4d698,0x00000000d4a80000)
 Metaspace       used 64439K, capacity 66536K, committed 66688K, reserved 1107968K
  class space    used 7361K, capacity 8039K, committed 8064K, reserved 1048576K
Event: 12,073 GC heap after
Heap after GC invocations=69 (full 5):
 PSYoungGen      total 197632K, used 34788K [0x00000000f0000000, 0x0000000100000000, 0x0000000100000000)
  eden space 162816K, 0% used [0x00000000f0000000,0x00000000f0000000,0x00000000f9f00000)
  from space 34816K, 99% used [0x00000000fde00000,0x00000000ffff90e0,0x0000000100000000)
  to   space 49664K, 0% used [0x00000000f9f00000,0x00000000f9f00000,0x00000000fcf80000)
 ParOldGen       total 76288K, used 73813K [0x00000000d0000000, 0x00000000d4a80000, 0x00000000f0000000)
  object space 76288K, 96% used [0x00000000d0000000,0x00000000d4815778,0x00000000d4a80000)
 Metaspace       used 64439K, capacity 66536K, committed 66688K, reserved 1107968K
  class space    used 7361K, capacity 8039K, committed 8064K, reserved 1048576K
}
Event: 12,073 GC heap before
{Heap before GC invocations=70 (full 6):
 PSYoungGen      total 197632K, used 34788K [0x00000000f0000000, 0x0000000100000000, 0x0000000100000000)
  eden space 162816K, 0% used [0x00000000f0000000,0x00000000f0000000,0x00000000f9f00000)
  from space 34816K, 99% used [0x00000000fde00000,0x00000000ffff90e0,0x0000000100000000)
  to   space 49664K, 0% used [0x00000000f9f00000,0x00000000f9f00000,0x00000000fcf80000)
 ParOldGen       total 76288K, used 73813K [0x00000000d0000000, 0x00000000d4a80000, 0x00000000f0000000)
  object space 76288K, 96% used [0x00000000d0000000,0x00000000d4815778,0x00000000d4a80000)
 Metaspace       used 64439K, capacity 66536K, committed 66688K, reserved 1107968K
  class space    used 7361K, capacity 8039K, committed 8064K, reserved 1048576K
Event: 12,627 GC heap after
Heap after GC invocations=70 (full 6):
 PSYoungGen      total 197632K, used 29814K [0x00000000f0000000, 0x0000000100000000, 0x0000000100000000)
  eden space 162816K, 0% used [0x00000000f0000000,0x00000000f0000000,0x00000000f9f00000)
  from space 34816K, 85% used [0x00000000fde00000,0x00000000ffb1d850,0x0000000100000000)
  to   space 49664K, 0% used [0x00000000f9f00000,0x00000000f9f00000,0x00000000fcf80000)
 ParOldGen       total 92672K, used 76249K [0x00000000d0000000, 0x00000000d5a80000, 0x00000000f0000000)
  object space 92672K, 82% used [0x00000000d0000000,0x00000000d4a76438,0x00000000d5a80000)
 Metaspace       used 64439K, capacity 66536K, committed 66688K, reserved 1107968K
  class space    used 7361K, capacity 8039K, committed 8064K, reserved 1048576K
}

