# JRE version: Java(TM) SE Runtime Environment (8.0_05-b13) (build 1.8.0_05-b13)
# Java VM: Java HotSpot(TM) 64-Bit Server VM (25.5-b02 mixed mode linux-amd64 compressed oops)
Heap:
 PSYoungGen      total 217600K, used 119183K [0x00000000f0000000, 0x0000000100000000, 0x0000000100000000)
  eden space 193536K, 49% used [0x00000000f0000000,0x00000000f5ceb6e0,0x00000000fbd00000)
  from space 24064K, 99% used [0x00000000fe880000,0x00000000ffff8528,0x0000000100000000)
  to   space 34304K, 0% used [0x00000000fbd00000,0x00000000fbd00000,0x00000000fde80000)
 ParOldGen       total 89600K, used 75526K [0x00000000d0000000, 0x00000000d5780000, 0x00000000f0000000)
  object space 89600K, 84% used [0x00000000d0000000,0x00000000d49c1af8,0x00000000d5780000)
 Metaspace       used 59813K, capacity 61962K, committed 62120K, reserved 1103872K
  class space    used 6813K, capacity 7509K, committed 7592K, reserved 1048576K
GC Heap History (10 events):
Event: 8,906 GC heap before
{Heap before GC invocations=58 (full 5):
 PSYoungGen      total 237568K, used 224669K [0x00000000f0000000, 0x00000000ffd00000, 0x0000000100000000)
  eden space 219136K, 100% used [0x00000000f0000000,0x00000000fd600000,0x00000000fd600000)
  from space 18432K, 30% used [0x00000000feb00000,0x00000000ff0675b8,0x00000000ffd00000)
  to   space 19968K, 0% used [0x00000000fd600000,0x00000000fd600000,0x00000000fe980000)
 ParOldGen       total 74240K, used 59999K [0x00000000d0000000, 0x00000000d4880000, 0x00000000f0000000)
  object space 74240K, 80% used [0x00000000d0000000,0x00000000d3a97e08,0x00000000d4880000)
 Metaspace       used 52189K, capacity 53466K, committed 53800K, reserved 1097728K
  class space    used 5921K, capacity 6313K, committed 6440K, reserved 1048576K
Event: 8,924 GC heap after
Heap after GC invocations=58 (full 5):
 PSYoungGen      total 239104K, used 10996K [0x00000000f0000000, 0x0000000100000000, 0x0000000100000000)
  eden space 219136K, 0% used [0x00000000f0000000,0x00000000f0000000,0x00000000fd600000)
  from space 19968K, 55% used [0x00000000fd600000,0x00000000fe0bd380,0x00000000fe980000)
  to   space 20480K, 0% used [0x00000000fec00000,0x00000000fec00000,0x0000000100000000)
 ParOldGen       total 74240K, used 60007K [0x00000000d0000000, 0x00000000d4880000, 0x00000000f0000000)
  object space 74240K, 80% used [0x00000000d0000000,0x00000000d3a99e08,0x00000000d4880000)
 Metaspace       used 52189K, capacity 53466K, committed 53800K, reserved 1097728K
  class space    used 5921K, capacity 6313K, committed 6440K, reserved 1048576K
}
Event: 9,525 GC heap before
{Heap before GC invocations=59 (full 5):
 PSYoungGen      total 239104K, used 230132K [0x00000000f0000000, 0x0000000100000000, 0x0000000100000000)
  eden space 219136K, 100% used [0x00000000f0000000,0x00000000fd600000,0x00000000fd600000)
  from space 19968K, 55% used [0x00000000fd600000,0x00000000fe0bd380,0x00000000fe980000)
  to   space 20480K, 0% used [0x00000000fec00000,0x00000000fec00000,0x0000000100000000)
 ParOldGen       total 74240K, used 60007K [0x00000000d0000000, 0x00000000d4880000, 0x00000000f0000000)
  object space 74240K, 80% used [0x00000000d0000000,0x00000000d3a99e08,0x00000000d4880000)
 Metaspace       used 54059K, capacity 55456K, committed 55720K, reserved 1097728K
  class space    used 6093K, capacity 6547K, committed 6568K, reserved 1048576K
Event: 9,549 GC heap after
Heap after GC invocations=59 (full 5):
 PSYoungGen      total 234496K, used 20459K [0x00000000f0000000, 0x0000000100000000, 0x0000000100000000)
  eden space 214016K, 0% used [0x00000000f0000000,0x00000000f0000000,0x00000000fd100000)
  from space 20480K, 99% used [0x00000000fec00000,0x00000000ffffae10,0x0000000100000000)
  to   space 24064K, 0% used [0x00000000fd100000,0x00000000fd100000,0x00000000fe880000)
 ParOldGen       total 74240K, used 60811K [0x00000000d0000000, 0x00000000d4880000, 0x00000000f0000000)
  object space 74240K, 81% used [0x00000000d0000000,0x00000000d3b62cc8,0x00000000d4880000)
 Metaspace       used 54059K, capacity 55456K, committed 55720K, reserved 1097728K
  class space    used 6093K, capacity 6547K, committed 6568K, reserved 1048576K
}
Event: 10,077 GC heap before
{Heap before GC invocations=60 (full 5):
 PSYoungGen      total 234496K, used 231406K [0x00000000f0000000, 0x0000000100000000, 0x0000000100000000)
  eden space 214016K, 98% used [0x00000000f0000000,0x00000000fce00b60,0x00000000fd100000)
  from space 20480K, 99% used [0x00000000fec00000,0x00000000ffffae10,0x0000000100000000)
  to   space 24064K, 0% used [0x00000000fd100000,0x00000000fd100000,0x00000000fe880000)
 ParOldGen       total 74240K, used 60811K [0x00000000d0000000, 0x00000000d4880000, 0x00000000f0000000)
  object space 74240K, 81% used [0x00000000d0000000,0x00000000d3b62cc8,0x00000000d4880000)
 Metaspace       used 56121K, capacity 57392K, committed 57512K, reserved 1099776K
  class space    used 6373K, capacity 6789K, committed 6824K, reserved 1048576K
Event: 10,094 GC heap after
Heap after GC invocations=60 (full 5):
 PSYoungGen      total 238080K, used 24033K [0x00000000f0000000, 0x0000000100000000, 0x0000000100000000)
  eden space 214016K, 0% used [0x00000000f0000000,0x00000000f0000000,0x00000000fd100000)
  from space 24064K, 99% used [0x00000000fd100000,0x00000000fe878530,0x00000000fe880000)
  to   space 24064K, 0% used [0x00000000fe880000,0x00000000fe880000,0x0000000100000000)
 ParOldGen       total 74240K, used 67345K [0x00000000d0000000, 0x00000000d4880000, 0x00000000f0000000)
  object space 74240K, 90% used [0x00000000d0000000,0x00000000d41c44a8,0x00000000d4880000)
 Metaspace       used 56121K, capacity 57392K, committed 57512K, reserved 1099776K
  class space    used 6373K, capacity 6789K, committed 6824K, reserved 1048576K
}
Event: 10,094 GC heap before
{Heap before GC invocations=61 (full 6):
 PSYoungGen      total 238080K, used 24033K [0x00000000f0000000, 0x0000000100000000, 0x0000000100000000)
  eden space 214016K, 0% used [0x00000000f0000000,0x00000000f0000000,0x00000000fd100000)
  from space 24064K, 99% used [0x00000000fd100000,0x00000000fe878530,0x00000000fe880000)
  to   space 24064K, 0% used [0x00000000fe880000,0x00000000fe880000,0x0000000100000000)
 ParOldGen       total 74240K, used 67345K [0x00000000d0000000, 0x00000000d4880000, 0x00000000f0000000)
  object space 74240K, 90% used [0x00000000d0000000,0x00000000d41c44a8,0x00000000d4880000)
 Metaspace       used 56121K, capacity 57392K, committed 57512K, reserved 1099776K
  class space    used 6373K, capacity 6789K, committed 6824K, reserved 1048576K
Event: 10,563 GC heap after
Heap after GC invocations=61 (full 6):
 PSYoungGen      total 238080K, used 14191K [0x00000000f0000000, 0x0000000100000000, 0x0000000100000000)
  eden space 214016K, 0% used [0x00000000f0000000,0x00000000f0000000,0x00000000fd100000)
  from space 24064K, 58% used [0x00000000fd100000,0x00000000fdedbcd8,0x00000000fe880000)
  to   space 24064K, 0% used [0x00000000fe880000,0x00000000fe880000,0x0000000100000000)
 ParOldGen       total 89600K, used 74188K [0x00000000d0000000, 0x00000000d5780000, 0x00000000f0000000)
  object space 89600K, 82% used [0x00000000d0000000,0x00000000d4873008,0x00000000d5780000)
 Metaspace       used 56121K, capacity 57392K, committed 57512K, reserved 1099776K
  class space    used 6373K, capacity 6789K, committed 6824K, reserved 1048576K
}
Event: 11,240 GC heap before
{Heap before GC invocations=62 (full 6):
 PSYoungGen      total 238080K, used 228207K [0x00000000f0000000, 0x0000000100000000, 0x0000000100000000)
  eden space 214016K, 100% used [0x00000000f0000000,0x00000000fd100000,0x00000000fd100000)
  from space 24064K, 58% used [0x00000000fd100000,0x00000000fdedbcd8,0x00000000fe880000)
  to   space 24064K, 0% used [0x00000000fe880000,0x00000000fe880000,0x0000000100000000)
 ParOldGen       total 89600K, used 74188K [0x00000000d0000000, 0x00000000d5780000, 0x00000000f0000000)
  object space 89600K, 82% used [0x00000000d0000000,0x00000000d4873008,0x00000000d5780000)
 Metaspace       used 59323K, capacity 61378K, committed 61480K, reserved 1103872K
  class space    used 6731K, capacity 7374K, committed 7464K, reserved 1048576K
Event: 11,272 GC heap after
Heap after GC invocations=62 (full 6):
 PSYoungGen      total 217600K, used 24033K [0x00000000f0000000, 0x0000000100000000, 0x0000000100000000)
  eden space 193536K, 0% used [0x00000000f0000000,0x00000000f0000000,0x00000000fbd00000)
  from space 24064K, 99% used [0x00000000fe880000,0x00000000ffff8528,0x0000000100000000)
  to   space 34304K, 0% used [0x00000000fbd00000,0x00000000fbd00000,0x00000000fde80000)
 ParOldGen       total 89600K, used 75526K [0x00000000d0000000, 0x00000000d5780000, 0x00000000f0000000)
  object space 89600K, 84% used [0x00000000d0000000,0x00000000d49c1af8,0x00000000d5780000)
 Metaspace       used 59323K, capacity 61378K, committed 61480K, reserved 1103872K
  class space    used 6731K, capacity 7374K, committed 7464K, reserved 1048576K
}

