# JRE version: Java(TM) SE Runtime Environment (8.0_05-b13) (build 1.8.0_05-b13)
# Java VM: Java HotSpot(TM) 64-Bit Server VM (25.5-b02 mixed mode linux-amd64 compressed oops)
Heap:
 PSYoungGen      total 233472K, used 211894K [0x00000000f0000000, 0x0000000100000000, 0x0000000100000000)
  eden space 209920K, 91% used [0x00000000f0000000,0x00000000fbae4780,0x00000000fcd00000)
  from space 23552K, 87% used [0x00000000fe900000,0x00000000ffd091f0,0x0000000100000000)
  to   space 26112K, 0% used [0x00000000fcd00000,0x00000000fcd00000,0x00000000fe680000)
 ParOldGen       total 73728K, used 61046K [0x00000000d0000000, 0x00000000d4800000, 0x00000000f0000000)
  object space 73728K, 82% used [0x00000000d0000000,0x00000000d3b9d800,0x00000000d4800000)
 Metaspace       used 56153K, capacity 57582K, committed 57856K, reserved 1099776K
  class space    used 6390K, capacity 6835K, committed 6912K, reserved 1048576K
GC Heap History (10 events):
Event: 9,321 GC heap before
{Heap before GC invocations=57 (full 5):
 PSYoungGen      total 229888K, used 196845K [0x00000000f0000000, 0x00000000fff80000, 0x0000000100000000)
  eden space 204800K, 96% used [0x00000000f0000000,0x00000000fc03b568,0x00000000fc800000)
  from space 25088K, 0% used [0x00000000fc800000,0x00000000fc800000,0x00000000fe080000)
  to   space 25088K, 0% used [0x00000000fe700000,0x00000000fe700000,0x00000000fff80000)
 ParOldGen       total 73728K, used 61022K [0x00000000d0000000, 0x00000000d4800000, 0x00000000f0000000)
  object space 73728K, 82% used [0x00000000d0000000,0x00000000d3b97800,0x00000000d4800000)
 Metaspace       used 48426K, capacity 49612K, committed 49920K, reserved 1093632K
  class space    used 5403K, capacity 5803K, committed 5888K, reserved 1048576K
Event: 9,324 GC heap after
Heap after GC invocations=57 (full 5):
 PSYoungGen      total 236032K, used 1607K [0x00000000f0000000, 0x0000000100000000, 0x0000000100000000)
  eden space 210944K, 0% used [0x00000000f0000000,0x00000000f0000000,0x00000000fce00000)
  from space 25088K, 6% used [0x00000000fe700000,0x00000000fe891c18,0x00000000fff80000)
  to   space 25600K, 0% used [0x00000000fce00000,0x00000000fce00000,0x00000000fe700000)
 ParOldGen       total 73728K, used 61022K [0x00000000d0000000, 0x00000000d4800000, 0x00000000f0000000)
  object space 73728K, 82% used [0x00000000d0000000,0x00000000d3b97800,0x00000000d4800000)
 Metaspace       used 48426K, capacity 49612K, committed 49920K, reserved 1093632K
  class space    used 5403K, capacity 5803K, committed 5888K, reserved 1048576K
}
Event: 9,502 GC heap before
{Heap before GC invocations=58 (full 5):
 PSYoungGen      total 236032K, used 210878K [0x00000000f0000000, 0x0000000100000000, 0x0000000100000000)
  eden space 210944K, 99% used [0x00000000f0000000,0x00000000fcc5dd70,0x00000000fce00000)
  from space 25088K, 6% used [0x00000000fe700000,0x00000000fe891c18,0x00000000fff80000)
  to   space 25600K, 0% used [0x00000000fce00000,0x00000000fce00000,0x00000000fe700000)
 ParOldGen       total 73728K, used 61022K [0x00000000d0000000, 0x00000000d4800000, 0x00000000f0000000)
  object space 73728K, 82% used [0x00000000d0000000,0x00000000d3b97800,0x00000000d4800000)
 Metaspace       used 49612K, capacity 50810K, committed 51072K, reserved 1093632K
  class space    used 5562K, capacity 5969K, committed 6016K, reserved 1048576K
Event: 9,505 GC heap after
Heap after GC invocations=58 (full 5):
 PSYoungGen      total 236544K, used 1975K [0x00000000f0000000, 0x00000000fff80000, 0x0000000100000000)
  eden space 210944K, 0% used [0x00000000f0000000,0x00000000f0000000,0x00000000fce00000)
  from space 25600K, 7% used [0x00000000fce00000,0x00000000fcfeddd0,0x00000000fe700000)
  to   space 25088K, 0% used [0x00000000fe700000,0x00000000fe700000,0x00000000fff80000)
 ParOldGen       total 73728K, used 61030K [0x00000000d0000000, 0x00000000d4800000, 0x00000000f0000000)
  object space 73728K, 82% used [0x00000000d0000000,0x00000000d3b99800,0x00000000d4800000)
 Metaspace       used 49612K, capacity 50810K, committed 51072K, reserved 1093632K
  class space    used 5562K, capacity 5969K, committed 6016K, reserved 1048576K
}
Event: 9,827 GC heap before
{Heap before GC invocations=59 (full 5):
 PSYoungGen      total 236544K, used 212919K [0x00000000f0000000, 0x00000000fff80000, 0x0000000100000000)
  eden space 210944K, 100% used [0x00000000f0000000,0x00000000fce00000,0x00000000fce00000)
  from space 25600K, 7% used [0x00000000fce00000,0x00000000fcfeddd0,0x00000000fe700000)
  to   space 25088K, 0% used [0x00000000fe700000,0x00000000fe700000,0x00000000fff80000)
 ParOldGen       total 73728K, used 61030K [0x00000000d0000000, 0x00000000d4800000, 0x00000000f0000000)
  object space 73728K, 82% used [0x00000000d0000000,0x00000000d3b99800,0x00000000d4800000)
 Metaspace       used 51298K, capacity 52586K, committed 52864K, reserved 1095680K
  class space    used 5804K, capacity 6204K, committed 6272K, reserved 1048576K
Event: 9,832 GC heap after
Heap after GC invocations=59 (full 5):
 PSYoungGen      total 234496K, used 4465K [0x00000000f0000000, 0x00000000ffd80000, 0x0000000100000000)
  eden space 211456K, 0% used [0x00000000f0000000,0x00000000f0000000,0x00000000fce80000)
  from space 23040K, 19% used [0x00000000fe700000,0x00000000feb5c7f8,0x00000000ffd80000)
  to   space 24064K, 0% used [0x00000000fce80000,0x00000000fce80000,0x00000000fe600000)
 ParOldGen       total 73728K, used 61030K [0x00000000d0000000, 0x00000000d4800000, 0x00000000f0000000)
  object space 73728K, 82% used [0x00000000d0000000,0x00000000d3b99800,0x00000000d4800000)
 Metaspace       used 51298K, capacity 52586K, committed 52864K, reserved 1095680K
  class space    used 5804K, capacity 6204K, committed 6272K, reserved 1048576K
}
Event: 10,279 GC heap before
{Heap before GC invocations=60 (full 5):
 PSYoungGen      total 234496K, used 215921K [0x00000000f0000000, 0x00000000ffd80000, 0x0000000100000000)
  eden space 211456K, 100% used [0x00000000f0000000,0x00000000fce80000,0x00000000fce80000)
  from space 23040K, 19% used [0x00000000fe700000,0x00000000feb5c7f8,0x00000000ffd80000)
  to   space 24064K, 0% used [0x00000000fce80000,0x00000000fce80000,0x00000000fe600000)
 ParOldGen       total 73728K, used 61030K [0x00000000d0000000, 0x00000000d4800000, 0x00000000f0000000)
  object space 73728K, 82% used [0x00000000d0000000,0x00000000d3b99800,0x00000000d4800000)
 Metaspace       used 52380K, capacity 53682K, committed 54016K, reserved 1097728K
  class space    used 5936K, capacity 6345K, committed 6400K, reserved 1048576K
Event: 10,290 GC heap after
Heap after GC invocations=60 (full 5):
 PSYoungGen      total 235520K, used 10207K [0x00000000f0000000, 0x0000000100000000, 0x0000000100000000)
  eden space 211456K, 0% used [0x00000000f0000000,0x00000000f0000000,0x00000000fce80000)
  from space 24064K, 42% used [0x00000000fce80000,0x00000000fd877f20,0x00000000fe600000)
  to   space 23552K, 0% used [0x00000000fe900000,0x00000000fe900000,0x0000000100000000)
 ParOldGen       total 73728K, used 61038K [0x00000000d0000000, 0x00000000d4800000, 0x00000000f0000000)
  object space 73728K, 82% used [0x00000000d0000000,0x00000000d3b9b800,0x00000000d4800000)
 Metaspace       used 52380K, capacity 53682K, committed 54016K, reserved 1097728K
  class space    used 5936K, capacity 6345K, committed 6400K, reserved 1048576K
}
Event: 10,898 GC heap before
{Heap before GC invocations=61 (full 5):
 PSYoungGen      total 235520K, used 221663K [0x00000000f0000000, 0x0000000100000000, 0x0000000100000000)
  eden space 211456K, 100% used [0x00000000f0000000,0x00000000fce80000,0x00000000fce80000)
  from space 24064K, 42% used [0x00000000fce80000,0x00000000fd877f20,0x00000000fe600000)
  to   space 23552K, 0% used [0x00000000fe900000,0x00000000fe900000,0x0000000100000000)
 ParOldGen       total 73728K, used 61038K [0x00000000d0000000, 0x00000000d4800000, 0x00000000f0000000)
  object space 73728K, 82% used [0x00000000d0000000,0x00000000d3b9b800,0x00000000d4800000)
 Metaspace       used 54277K, capacity 55640K, committed 55808K, reserved 1097728K
  class space    used 6104K, capacity 6547K, committed 6656K, reserved 1048576K
Event: 10,916 GC heap after
Heap after GC invocations=61 (full 5):
 PSYoungGen      total 233472K, used 20516K [0x00000000f0000000, 0x0000000100000000, 0x0000000100000000)
  eden space 209920K, 0% used [0x00000000f0000000,0x00000000f0000000,0x00000000fcd00000)
  from space 23552K, 87% used [0x00000000fe900000,0x00000000ffd091f0,0x0000000100000000)
  to   space 26112K, 0% used [0x00000000fcd00000,0x00000000fcd00000,0x00000000fe680000)
 ParOldGen       total 73728K, used 61046K [0x00000000d0000000, 0x00000000d4800000, 0x00000000f0000000)
  object space 73728K, 82% used [0x00000000d0000000,0x00000000d3b9d800,0x00000000d4800000)
 Metaspace       used 54277K, capacity 55640K, committed 55808K, reserved 1097728K
  class space    used 6104K, capacity 6547K, committed 6656K, reserved 1048576K
}

