# JRE version: Java(TM) SE Runtime Environment (8.0_05-b13) (build 1.8.0_05-b13)
# Java VM: Java HotSpot(TM) 64-Bit Server VM (25.5-b02 mixed mode linux-amd64 compressed oops)
Heap:
 PSYoungGen      total 228864K, used 227120K [0x00000000f0000000, 0x0000000100000000, 0x0000000100000000)
  eden space 206848K, 99% used [0x00000000f0000000,0x00000000fc84d518,0x00000000fca00000)
  from space 22016K, 99% used [0x00000000fea80000,0x00000000ffffee00,0x0000000100000000)
  to   space 27648K, 0% used [0x00000000fca00000,0x00000000fca00000,0x00000000fe500000)
 ParOldGen       total 74240K, used 65831K [0x00000000d0000000, 0x00000000d4880000, 0x00000000f0000000)
  object space 74240K, 88% used [0x00000000d0000000,0x00000000d4049fb0,0x00000000d4880000)
 Metaspace       used 57593K, capacity 59014K, committed 59264K, reserved 1101824K
  class space    used 6499K, capacity 6966K, committed 7040K, reserved 1048576K
GC Heap History (10 events):
Event: 9,177 GC heap before
{Heap before GC invocations=57 (full 5):
 PSYoungGen      total 227840K, used 200756K [0x00000000f0000000, 0x0000000100000000, 0x0000000100000000)
  eden space 204800K, 97% used [0x00000000f0000000,0x00000000fc2a9af0,0x00000000fc800000)
  from space 23040K, 6% used [0x00000000fc800000,0x00000000fc9635a0,0x00000000fde80000)
  to   space 23040K, 0% used [0x00000000fe980000,0x00000000fe980000,0x0000000100000000)
 ParOldGen       total 74240K, used 60452K [0x00000000d0000000, 0x00000000d4880000, 0x00000000f0000000)
  object space 74240K, 81% used [0x00000000d0000000,0x00000000d3b09268,0x00000000d4880000)
 Metaspace       used 49010K, capacity 50220K, committed 50560K, reserved 1093632K
  class space    used 5478K, capacity 5899K, committed 6016K, reserved 1048576K
Event: 9,180 GC heap after
Heap after GC invocations=57 (full 5):
 PSYoungGen      total 239104K, used 1952K [0x00000000f0000000, 0x0000000100000000, 0x0000000100000000)
  eden space 216064K, 0% used [0x00000000f0000000,0x00000000f0000000,0x00000000fd300000)
  from space 23040K, 8% used [0x00000000fe980000,0x00000000feb680e0,0x0000000100000000)
  to   space 23040K, 0% used [0x00000000fd300000,0x00000000fd300000,0x00000000fe980000)
 ParOldGen       total 74240K, used 60460K [0x00000000d0000000, 0x00000000d4880000, 0x00000000f0000000)
  object space 74240K, 81% used [0x00000000d0000000,0x00000000d3b0b268,0x00000000d4880000)
 Metaspace       used 49010K, capacity 50220K, committed 50560K, reserved 1093632K
  class space    used 5478K, capacity 5899K, committed 6016K, reserved 1048576K
}
Event: 9,880 GC heap before
{Heap before GC invocations=58 (full 5):
 PSYoungGen      total 239104K, used 212126K [0x00000000f0000000, 0x0000000100000000, 0x0000000100000000)
  eden space 216064K, 97% used [0x00000000f0000000,0x00000000fcd3f9b0,0x00000000fd300000)
  from space 23040K, 8% used [0x00000000fe980000,0x00000000feb680e0,0x0000000100000000)
  to   space 23040K, 0% used [0x00000000fd300000,0x00000000fd300000,0x00000000fe980000)
 ParOldGen       total 74240K, used 60460K [0x00000000d0000000, 0x00000000d4880000, 0x00000000f0000000)
  object space 74240K, 81% used [0x00000000d0000000,0x00000000d3b0b268,0x00000000d4880000)
 Metaspace       used 50929K, capacity 52202K, committed 52480K, reserved 1095680K
  class space    used 5743K, capacity 6140K, committed 6144K, reserved 1048576K
Event: 9,885 GC heap after
Heap after GC invocations=58 (full 5):
 PSYoungGen      total 220160K, used 3935K [0x00000000f0000000, 0x00000000fff00000, 0x0000000100000000)
  eden space 216064K, 0% used [0x00000000f0000000,0x00000000f0000000,0x00000000fd300000)
  from space 4096K, 96% used [0x00000000fd300000,0x00000000fd6d7f28,0x00000000fd700000)
  to   space 22528K, 0% used [0x00000000fe900000,0x00000000fe900000,0x00000000fff00000)
 ParOldGen       total 74240K, used 60468K [0x00000000d0000000, 0x00000000d4880000, 0x00000000f0000000)
  object space 74240K, 81% used [0x00000000d0000000,0x00000000d3b0d268,0x00000000d4880000)
 Metaspace       used 50929K, capacity 52202K, committed 52480K, reserved 1095680K
  class space    used 5743K, capacity 6140K, committed 6144K, reserved 1048576K
}
Event: 10,199 GC heap before
{Heap before GC invocations=59 (full 5):
 PSYoungGen      total 220160K, used 219999K [0x00000000f0000000, 0x00000000fff00000, 0x0000000100000000)
  eden space 216064K, 100% used [0x00000000f0000000,0x00000000fd300000,0x00000000fd300000)
  from space 4096K, 96% used [0x00000000fd300000,0x00000000fd6d7f28,0x00000000fd700000)
  to   space 22528K, 0% used [0x00000000fe900000,0x00000000fe900000,0x00000000fff00000)
 ParOldGen       total 74240K, used 60468K [0x00000000d0000000, 0x00000000d4880000, 0x00000000f0000000)
  object space 74240K, 81% used [0x00000000d0000000,0x00000000d3b0d268,0x00000000d4880000)
 Metaspace       used 51945K, capacity 53168K, committed 53376K, reserved 1095680K
  class space    used 5884K, capacity 6269K, committed 6272K, reserved 1048576K
Event: 10,205 GC heap after
Heap after GC invocations=59 (full 5):
 PSYoungGen      total 240128K, used 6703K [0x00000000f0000000, 0x0000000100000000, 0x0000000100000000)
  eden space 217600K, 0% used [0x00000000f0000000,0x00000000f0000000,0x00000000fd480000)
  from space 22528K, 29% used [0x00000000fe900000,0x00000000fef8bf10,0x00000000fff00000)
  to   space 20992K, 0% used [0x00000000fd480000,0x00000000fd480000,0x00000000fe900000)
 ParOldGen       total 74240K, used 60476K [0x00000000d0000000, 0x00000000d4880000, 0x00000000f0000000)
  object space 74240K, 81% used [0x00000000d0000000,0x00000000d3b0f268,0x00000000d4880000)
 Metaspace       used 51945K, capacity 53168K, committed 53376K, reserved 1095680K
  class space    used 5884K, capacity 6269K, committed 6272K, reserved 1048576K
}
Event: 10,740 GC heap before
{Heap before GC invocations=60 (full 5):
 PSYoungGen      total 240128K, used 224303K [0x00000000f0000000, 0x0000000100000000, 0x0000000100000000)
  eden space 217600K, 100% used [0x00000000f0000000,0x00000000fd480000,0x00000000fd480000)
  from space 22528K, 29% used [0x00000000fe900000,0x00000000fef8bf10,0x00000000fff00000)
  to   space 20992K, 0% used [0x00000000fd480000,0x00000000fd480000,0x00000000fe900000)
 ParOldGen       total 74240K, used 60476K [0x00000000d0000000, 0x00000000d4880000, 0x00000000f0000000)
  object space 74240K, 81% used [0x00000000d0000000,0x00000000d3b0f268,0x00000000d4880000)
 Metaspace       used 52994K, capacity 54316K, committed 54656K, reserved 1097728K
  class space    used 6018K, capacity 6448K, committed 6528K, reserved 1048576K
Event: 10,754 GC heap after
Heap after GC invocations=60 (full 5):
 PSYoungGen      total 238592K, used 14138K [0x00000000f0000000, 0x0000000100000000, 0x0000000100000000)
  eden space 217600K, 0% used [0x00000000f0000000,0x00000000f0000000,0x00000000fd480000)
  from space 20992K, 67% used [0x00000000fd480000,0x00000000fe24eac0,0x00000000fe900000)
  to   space 22016K, 0% used [0x00000000fea80000,0x00000000fea80000,0x0000000100000000)
 ParOldGen       total 74240K, used 60484K [0x00000000d0000000, 0x00000000d4880000, 0x00000000f0000000)
  object space 74240K, 81% used [0x00000000d0000000,0x00000000d3b11268,0x00000000d4880000)
 Metaspace       used 52994K, capacity 54316K, committed 54656K, reserved 1097728K
  class space    used 6018K, capacity 6448K, committed 6528K, reserved 1048576K
}
Event: 11,386 GC heap before
{Heap before GC invocations=61 (full 5):
 PSYoungGen      total 238592K, used 228928K [0x00000000f0000000, 0x0000000100000000, 0x0000000100000000)
  eden space 217600K, 98% used [0x00000000f0000000,0x00000000fd1c16c0,0x00000000fd480000)
  from space 20992K, 67% used [0x00000000fd480000,0x00000000fe24eac0,0x00000000fe900000)
  to   space 22016K, 0% used [0x00000000fea80000,0x00000000fea80000,0x0000000100000000)
 ParOldGen       total 74240K, used 60484K [0x00000000d0000000, 0x00000000d4880000, 0x00000000f0000000)
  object space 74240K, 81% used [0x00000000d0000000,0x00000000d3b11268,0x00000000d4880000)
 Metaspace       used 55621K, capacity 56996K, committed 57216K, reserved 1099776K
  class space    used 6306K, capacity 6741K, committed 6784K, reserved 1048576K
Event: 11,407 GC heap after
Heap after GC invocations=61 (full 5):
 PSYoungGen      total 228864K, used 22011K [0x00000000f0000000, 0x0000000100000000, 0x0000000100000000)
  eden space 206848K, 0% used [0x00000000f0000000,0x00000000f0000000,0x00000000fca00000)
  from space 22016K, 99% used [0x00000000fea80000,0x00000000ffffee00,0x0000000100000000)
  to   space 27648K, 0% used [0x00000000fca00000,0x00000000fca00000,0x00000000fe500000)
 ParOldGen       total 74240K, used 65831K [0x00000000d0000000, 0x00000000d4880000, 0x00000000f0000000)
  object space 74240K, 88% used [0x00000000d0000000,0x00000000d4049fb0,0x00000000d4880000)
 Metaspace       used 55621K, capacity 56996K, committed 57216K, reserved 1099776K
  class space    used 6306K, capacity 6741K, committed 6784K, reserved 1048576K
}

