# JRE version: Java(TM) SE Runtime Environment (8.0_05-b13) (build 1.8.0_05-b13)
# Java VM: Java HotSpot(TM) 64-Bit Server VM (25.5-b02 mixed mode linux-amd64 compressed oops)
Heap:
 PSYoungGen      total 243200K, used 201523K [0x00000000f0000000, 0x0000000100000000, 0x0000000100000000)
  eden space 225792K, 81% used [0x00000000f0000000,0x00000000fb3cdbd0,0x00000000fdc80000)
  from space 17408K, 99% used [0x00000000fdc80000,0x00000000fed7f2e0,0x00000000fed80000)
  to   space 18944K, 0% used [0x00000000fed80000,0x00000000fed80000,0x0000000100000000)
 ParOldGen       total 76288K, used 66946K [0x00000000d0000000, 0x00000000d4a80000, 0x00000000f0000000)
  object space 76288K, 87% used [0x00000000d0000000,0x00000000d41609c0,0x00000000d4a80000)
 Metaspace       used 56587K, capacity 57920K, committed 58088K, reserved 1099776K
  class space    used 6409K, capacity 6856K, committed 6888K, reserved 1048576K
GC Heap History (10 events):
Event: 27.674 GC heap before
{Heap before GC invocations=58 (full 5):
 PSYoungGen      total 223744K, used 207872K [0x00000000f0000000, 0x00000000fed00000, 0x0000000100000000)
  eden space 207872K, 100% used [0x00000000f0000000,0x00000000fcb00000,0x00000000fcb00000)
  from space 15872K, 0% used [0x00000000fdd80000,0x00000000fdd80000,0x00000000fed00000)
  to   space 17408K, 0% used [0x00000000fcb00000,0x00000000fcb00000,0x00000000fdc00000)
 ParOldGen       total 76288K, used 62087K [0x00000000d0000000, 0x00000000d4a80000, 0x00000000f0000000)
  object space 76288K, 81% used [0x00000000d0000000,0x00000000d3ca1e60,0x00000000d4a80000)
 Metaspace       used 48715K, capacity 49838K, committed 50152K, reserved 1093632K
  class space    used 5429K, capacity 5833K, committed 5864K, reserved 1048576K
Event: 27.681 GC heap after
Heap after GC invocations=58 (full 5):
 PSYoungGen      total 225280K, used 1607K [0x00000000f0000000, 0x0000000100000000, 0x0000000100000000)
  eden space 207872K, 0% used [0x00000000f0000000,0x00000000f0000000,0x00000000fcb00000)
  from space 17408K, 9% used [0x00000000fcb00000,0x00000000fcc91c18,0x00000000fdc00000)
  to   space 17920K, 0% used [0x00000000fee80000,0x00000000fee80000,0x0000000100000000)
 ParOldGen       total 76288K, used 62087K [0x00000000d0000000, 0x00000000d4a80000, 0x00000000f0000000)
  object space 76288K, 81% used [0x00000000d0000000,0x00000000d3ca1e60,0x00000000d4a80000)
 Metaspace       used 48715K, capacity 49838K, committed 50152K, reserved 1093632K
  class space    used 5429K, capacity 5833K, committed 5864K, reserved 1048576K
}
Event: 28.280 GC heap before
{Heap before GC invocations=59 (full 5):
 PSYoungGen      total 225280K, used 201095K [0x00000000f0000000, 0x0000000100000000, 0x0000000100000000)
  eden space 207872K, 95% used [0x00000000f0000000,0x00000000fc2d0368,0x00000000fcb00000)
  from space 17408K, 9% used [0x00000000fcb00000,0x00000000fcc91c18,0x00000000fdc00000)
  to   space 17920K, 0% used [0x00000000fee80000,0x00000000fee80000,0x0000000100000000)
 ParOldGen       total 76288K, used 62087K [0x00000000d0000000, 0x00000000d4a80000, 0x00000000f0000000)
  object space 76288K, 81% used [0x00000000d0000000,0x00000000d3ca1e60,0x00000000d4a80000)
 Metaspace       used 49865K, capacity 51068K, committed 51304K, reserved 1095680K
  class space    used 5580K, capacity 5967K, committed 5992K, reserved 1048576K
Event: 28.290 GC heap after
Heap after GC invocations=59 (full 5):
 PSYoungGen      total 244224K, used 2006K [0x00000000f0000000, 0x0000000100000000, 0x0000000100000000)
  eden space 226304K, 0% used [0x00000000f0000000,0x00000000f0000000,0x00000000fdd00000)
  from space 17920K, 11% used [0x00000000fee80000,0x00000000ff075878,0x0000000100000000)
  to   space 17920K, 0% used [0x00000000fdd00000,0x00000000fdd00000,0x00000000fee80000)
 ParOldGen       total 76288K, used 62095K [0x00000000d0000000, 0x00000000d4a80000, 0x00000000f0000000)
  object space 76288K, 81% used [0x00000000d0000000,0x00000000d3ca3e60,0x00000000d4a80000)
 Metaspace       used 49865K, capacity 51068K, committed 51304K, reserved 1095680K
  class space    used 5580K, capacity 5967K, committed 5992K, reserved 1048576K
}
Event: 29.893 GC heap before
{Heap before GC invocations=60 (full 5):
 PSYoungGen      total 244224K, used 228310K [0x00000000f0000000, 0x0000000100000000, 0x0000000100000000)
  eden space 226304K, 100% used [0x00000000f0000000,0x00000000fdd00000,0x00000000fdd00000)
  from space 17920K, 11% used [0x00000000fee80000,0x00000000ff075878,0x0000000100000000)
  to   space 17920K, 0% used [0x00000000fdd00000,0x00000000fdd00000,0x00000000fee80000)
 ParOldGen       total 76288K, used 62095K [0x00000000d0000000, 0x00000000d4a80000, 0x00000000f0000000)
  object space 76288K, 81% used [0x00000000d0000000,0x00000000d3ca3e60,0x00000000d4a80000)
 Metaspace       used 51704K, capacity 52882K, committed 53096K, reserved 1095680K
  class space    used 5833K, capacity 6235K, committed 6248K, reserved 1048576K
Event: 29.905 GC heap after
Heap after GC invocations=60 (full 5):
 PSYoungGen      total 231936K, used 5260K [0x00000000f0000000, 0x00000000ffe00000, 0x0000000100000000)
  eden space 226304K, 0% used [0x00000000f0000000,0x00000000f0000000,0x00000000fdd00000)
  from space 5632K, 93% used [0x00000000fdd00000,0x00000000fe223080,0x00000000fe280000)
  to   space 16896K, 0% used [0x00000000fed80000,0x00000000fed80000,0x00000000ffe00000)
 ParOldGen       total 76288K, used 62103K [0x00000000d0000000, 0x00000000d4a80000, 0x00000000f0000000)
  object space 76288K, 81% used [0x00000000d0000000,0x00000000d3ca5e60,0x00000000d4a80000)
 Metaspace       used 51704K, capacity 52882K, committed 53096K, reserved 1095680K
  class space    used 5833K, capacity 6235K, committed 6248K, reserved 1048576K
}
Event: 31.673 GC heap before
{Heap before GC invocations=61 (full 5):
 PSYoungGen      total 231936K, used 231564K [0x00000000f0000000, 0x00000000ffe00000, 0x0000000100000000)
  eden space 226304K, 100% used [0x00000000f0000000,0x00000000fdd00000,0x00000000fdd00000)
  from space 5632K, 93% used [0x00000000fdd00000,0x00000000fe223080,0x00000000fe280000)
  to   space 16896K, 0% used [0x00000000fed80000,0x00000000fed80000,0x00000000ffe00000)
 ParOldGen       total 76288K, used 62103K [0x00000000d0000000, 0x00000000d4a80000, 0x00000000f0000000)
  object space 76288K, 81% used [0x00000000d0000000,0x00000000d3ca5e60,0x00000000d4a80000)
 Metaspace       used 52827K, capacity 54170K, committed 54248K, reserved 1097728K
  class space    used 5967K, capacity 6376K, committed 6376K, reserved 1048576K
Event: 31.717 GC heap after
Heap after GC invocations=61 (full 5):
 PSYoungGen      total 242688K, used 11183K [0x00000000f0000000, 0x0000000100000000, 0x0000000100000000)
  eden space 225792K, 0% used [0x00000000f0000000,0x00000000f0000000,0x00000000fdc80000)
  from space 16896K, 66% used [0x00000000fed80000,0x00000000ff86bf10,0x00000000ffe00000)
  to   space 17408K, 0% used [0x00000000fdc80000,0x00000000fdc80000,0x00000000fed80000)
 ParOldGen       total 76288K, used 62111K [0x00000000d0000000, 0x00000000d4a80000, 0x00000000f0000000)
  object space 76288K, 81% used [0x00000000d0000000,0x00000000d3ca7e60,0x00000000d4a80000)
 Metaspace       used 52827K, capacity 54170K, committed 54248K, reserved 1097728K
  class space    used 5967K, capacity 6376K, committed 6376K, reserved 1048576K
}
Event: 34.390 GC heap before
{Heap before GC invocations=62 (full 5):
 PSYoungGen      total 242688K, used 236975K [0x00000000f0000000, 0x0000000100000000, 0x0000000100000000)
  eden space 225792K, 100% used [0x00000000f0000000,0x00000000fdc80000,0x00000000fdc80000)
  from space 16896K, 66% used [0x00000000fed80000,0x00000000ff86bf10,0x00000000ffe00000)
  to   space 17408K, 0% used [0x00000000fdc80000,0x00000000fdc80000,0x00000000fed80000)
 ParOldGen       total 76288K, used 62111K [0x00000000d0000000, 0x00000000d4a80000, 0x00000000f0000000)
  object space 76288K, 81% used [0x00000000d0000000,0x00000000d3ca7e60,0x00000000d4a80000)
 Metaspace       used 54808K, capacity 56128K, committed 56296K, reserved 1099776K
  class space    used 6141K, capacity 6578K, committed 6632K, reserved 1048576K
Event: 34.480 GC heap after
Heap after GC invocations=62 (full 5):
 PSYoungGen      total 243200K, used 17404K [0x00000000f0000000, 0x0000000100000000, 0x0000000100000000)
  eden space 225792K, 0% used [0x00000000f0000000,0x00000000f0000000,0x00000000fdc80000)
  from space 17408K, 99% used [0x00000000fdc80000,0x00000000fed7f2e0,0x00000000fed80000)
  to   space 18944K, 0% used [0x00000000fed80000,0x00000000fed80000,0x0000000100000000)
 ParOldGen       total 76288K, used 66946K [0x00000000d0000000, 0x00000000d4a80000, 0x00000000f0000000)
  object space 76288K, 87% used [0x00000000d0000000,0x00000000d41609c0,0x00000000d4a80000)
 Metaspace       used 54808K, capacity 56128K, committed 56296K, reserved 1099776K
  class space    used 6141K, capacity 6578K, committed 6632K, reserved 1048576K
}

