# JRE version: Java(TM) SE Runtime Environment (8.0_05-b13) (build 1.8.0_05-b13)
# Java VM: Java HotSpot(TM) 64-Bit Server VM (25.5-b02 mixed mode linux-amd64 compressed oops)
Heap:
 PSYoungGen      total 208384K, used 67462K [0x00000000f0000000, 0x0000000100000000, 0x0000000100000000)
  eden space 161792K, 20% used [0x00000000f0000000,0x00000000f2040538,0x00000000f9e00000)
  from space 46592K, 73% used [0x00000000fd280000,0x00000000ff4212f0,0x0000000100000000)
  to   space 50176K, 0% used [0x00000000f9e00000,0x00000000f9e00000,0x00000000fcf00000)
 ParOldGen       total 90112K, used 74528K [0x00000000d0000000, 0x00000000d5800000, 0x00000000f0000000)
  object space 90112K, 82% used [0x00000000d0000000,0x00000000d48c80b8,0x00000000d5800000)
 Metaspace       used 61737K, capacity 63834K, committed 63872K, reserved 1105920K
  class space    used 7102K, capacity 7786K, committed 7808K, reserved 1048576K
GC Heap History (10 events):
Event: 34.049 GC heap before
{Heap before GC invocations=68 (full 5):
 PSYoungGen      total 229376K, used 226634K [0x00000000f0000000, 0x0000000100000000, 0x0000000100000000)
  eden space 203776K, 100% used [0x00000000f0000000,0x00000000fc700000,0x00000000fc700000)
  from space 25600K, 89% used [0x00000000fe700000,0x00000000ffd52920,0x0000000100000000)
  to   space 29184K, 0% used [0x00000000fc700000,0x00000000fc700000,0x00000000fe380000)
 ParOldGen       total 74240K, used 60524K [0x00000000d0000000, 0x00000000d4880000, 0x00000000f0000000)
  object space 74240K, 81% used [0x00000000d0000000,0x00000000d3b1b198,0x00000000d4880000)
 Metaspace       used 56570K, capacity 57926K, committed 58112K, reserved 1099776K
  class space    used 6394K, capacity 6858K, committed 6912K, reserved 1048576K
Event: 34.108 GC heap after
Heap after GC invocations=68 (full 5):
 PSYoungGen      total 232960K, used 29162K [0x00000000f0000000, 0x0000000100000000, 0x0000000100000000)
  eden space 203776K, 0% used [0x00000000f0000000,0x00000000f0000000,0x00000000fc700000)
  from space 29184K, 99% used [0x00000000fc700000,0x00000000fe37a980,0x00000000fe380000)
  to   space 29184K, 0% used [0x00000000fe380000,0x00000000fe380000,0x0000000100000000)
 ParOldGen       total 74240K, used 62686K [0x00000000d0000000, 0x00000000d4880000, 0x00000000f0000000)
  object space 74240K, 84% used [0x00000000d0000000,0x00000000d3d37978,0x00000000d4880000)
 Metaspace       used 56570K, capacity 57926K, committed 58112K, reserved 1099776K
  class space    used 6394K, capacity 6858K, committed 6912K, reserved 1048576K
}
Event: 36.571 GC heap before
{Heap before GC invocations=69 (full 5):
 PSYoungGen      total 232960K, used 225191K [0x00000000f0000000, 0x0000000100000000, 0x0000000100000000)
  eden space 203776K, 96% used [0x00000000f0000000,0x00000000fbf6f280,0x00000000fc700000)
  from space 29184K, 99% used [0x00000000fc700000,0x00000000fe37a980,0x00000000fe380000)
  to   space 29184K, 0% used [0x00000000fe380000,0x00000000fe380000,0x0000000100000000)
 ParOldGen       total 74240K, used 62686K [0x00000000d0000000, 0x00000000d4880000, 0x00000000f0000000)
  object space 74240K, 84% used [0x00000000d0000000,0x00000000d3d37978,0x00000000d4880000)
 Metaspace       used 59517K, capacity 61502K, committed 61696K, reserved 1103872K
  class space    used 6755K, capacity 7418K, committed 7424K, reserved 1048576K
Event: 36.632 GC heap after
Heap after GC invocations=69 (full 5):
 PSYoungGen      total 206336K, used 29158K [0x00000000f0000000, 0x0000000100000000, 0x0000000100000000)
  eden space 177152K, 0% used [0x00000000f0000000,0x00000000f0000000,0x00000000fad00000)
  from space 29184K, 99% used [0x00000000fe380000,0x00000000ffff9a80,0x0000000100000000)
  to   space 42496K, 0% used [0x00000000fad00000,0x00000000fad00000,0x00000000fd680000)
 ParOldGen       total 74240K, used 72845K [0x00000000d0000000, 0x00000000d4880000, 0x00000000f0000000)
  object space 74240K, 98% used [0x00000000d0000000,0x00000000d4723458,0x00000000d4880000)
 Metaspace       used 59517K, capacity 61502K, committed 61696K, reserved 1103872K
  class space    used 6755K, capacity 7418K, committed 7424K, reserved 1048576K
}
Event: 36.632 GC heap before
{Heap before GC invocations=70 (full 6):
 PSYoungGen      total 206336K, used 29158K [0x00000000f0000000, 0x0000000100000000, 0x0000000100000000)
  eden space 177152K, 0% used [0x00000000f0000000,0x00000000f0000000,0x00000000fad00000)
  from space 29184K, 99% used [0x00000000fe380000,0x00000000ffff9a80,0x0000000100000000)
  to   space 42496K, 0% used [0x00000000fad00000,0x00000000fad00000,0x00000000fd680000)
 ParOldGen       total 74240K, used 72845K [0x00000000d0000000, 0x00000000d4880000, 0x00000000f0000000)
  object space 74240K, 98% used [0x00000000d0000000,0x00000000d4723458,0x00000000d4880000)
 Metaspace       used 59517K, capacity 61502K, committed 61696K, reserved 1103872K
  class space    used 6755K, capacity 7418K, committed 7424K, reserved 1048576K
Event: 38.166 GC heap after
Heap after GC invocations=70 (full 6):
 PSYoungGen      total 206336K, used 25218K [0x00000000f0000000, 0x0000000100000000, 0x0000000100000000)
  eden space 177152K, 0% used [0x00000000f0000000,0x00000000f0000000,0x00000000fad00000)
  from space 29184K, 86% used [0x00000000fe380000,0x00000000ffc20958,0x0000000100000000)
  to   space 42496K, 0% used [0x00000000fad00000,0x00000000fad00000,0x00000000fd680000)
 ParOldGen       total 90112K, used 73864K [0x00000000d0000000, 0x00000000d5800000, 0x00000000f0000000)
  object space 90112K, 81% used [0x00000000d0000000,0x00000000d48220b8,0x00000000d5800000)
 Metaspace       used 59517K, capacity 61502K, committed 61696K, reserved 1103872K
  class space    used 6755K, capacity 7418K, committed 7424K, reserved 1048576K
}
Event: 39.696 GC heap before
{Heap before GC invocations=71 (full 6):
 PSYoungGen      total 206336K, used 202370K [0x00000000f0000000, 0x0000000100000000, 0x0000000100000000)
  eden space 177152K, 100% used [0x00000000f0000000,0x00000000fad00000,0x00000000fad00000)
  from space 29184K, 86% used [0x00000000fe380000,0x00000000ffc20958,0x0000000100000000)
  to   space 42496K, 0% used [0x00000000fad00000,0x00000000fad00000,0x00000000fd680000)
 ParOldGen       total 90112K, used 73864K [0x00000000d0000000, 0x00000000d5800000, 0x00000000f0000000)
  object space 90112K, 81% used [0x00000000d0000000,0x00000000d48220b8,0x00000000d5800000)
 Metaspace       used 60656K, capacity 62730K, committed 62976K, reserved 1103872K
  class space    used 6919K, capacity 7615K, committed 7680K, reserved 1048576K
Event: 39.779 GC heap after
Heap after GC invocations=71 (full 6):
 PSYoungGen      total 209920K, used 32749K [0x00000000f0000000, 0x0000000100000000, 0x0000000100000000)
  eden space 177152K, 0% used [0x00000000f0000000,0x00000000f0000000,0x00000000fad00000)
  from space 32768K, 99% used [0x00000000fad00000,0x00000000fccfb7c0,0x00000000fcd00000)
  to   space 46592K, 0% used [0x00000000fd280000,0x00000000fd280000,0x0000000100000000)
 ParOldGen       total 90112K, used 74520K [0x00000000d0000000, 0x00000000d5800000, 0x00000000f0000000)
  object space 90112K, 82% used [0x00000000d0000000,0x00000000d48c60b8,0x00000000d5800000)
 Metaspace       used 60656K, capacity 62730K, committed 62976K, reserved 1103872K
  class space    used 6919K, capacity 7615K, committed 7680K, reserved 1048576K
}
Event: 41.292 GC heap before
{Heap before GC invocations=72 (full 6):
 PSYoungGen      total 209920K, used 207787K [0x00000000f0000000, 0x0000000100000000, 0x0000000100000000)
  eden space 177152K, 98% used [0x00000000f0000000,0x00000000faaef670,0x00000000fad00000)
  from space 32768K, 99% used [0x00000000fad00000,0x00000000fccfb7c0,0x00000000fcd00000)
  to   space 46592K, 0% used [0x00000000fd280000,0x00000000fd280000,0x0000000100000000)
 ParOldGen       total 90112K, used 74520K [0x00000000d0000000, 0x00000000d5800000, 0x00000000f0000000)
  object space 90112K, 82% used [0x00000000d0000000,0x00000000d48c60b8,0x00000000d5800000)
 Metaspace       used 61564K, capacity 63674K, committed 63872K, reserved 1105920K
  class space    used 7062K, capacity 7754K, committed 7808K, reserved 1048576K
Event: 41.357 GC heap after
Heap after GC invocations=72 (full 6):
 PSYoungGen      total 208384K, used 34436K [0x00000000f0000000, 0x0000000100000000, 0x0000000100000000)
  eden space 161792K, 0% used [0x00000000f0000000,0x00000000f0000000,0x00000000f9e00000)
  from space 46592K, 73% used [0x00000000fd280000,0x00000000ff4212f0,0x0000000100000000)
  to   space 50176K, 0% used [0x00000000f9e00000,0x00000000f9e00000,0x00000000fcf00000)
 ParOldGen       total 90112K, used 74528K [0x00000000d0000000, 0x00000000d5800000, 0x00000000f0000000)
  object space 90112K, 82% used [0x00000000d0000000,0x00000000d48c80b8,0x00000000d5800000)
 Metaspace       used 61564K, capacity 63674K, committed 63872K, reserved 1105920K
  class space    used 7062K, capacity 7754K, committed 7808K, reserved 1048576K
}

