# JRE version: Java(TM) SE Runtime Environment (8.0_05-b13) (build 1.8.0_05-b13)
# Java VM: Java HotSpot(TM) 64-Bit Server VM (25.5-b02 mixed mode linux-amd64 compressed oops)
Heap:
 PSYoungGen      total 217600K, used 62766K [0x00000000f0000000, 0x0000000100000000, 0x0000000100000000)
  eden space 188416K, 19% used [0x00000000f0000000,0x00000000f244e440,0x00000000fb800000)
  from space 29184K, 87% used [0x00000000fe380000,0x00000000ffc7d440,0x0000000100000000)
  to   space 36864K, 0% used [0x00000000fb800000,0x00000000fb800000,0x00000000fdc00000)
 ParOldGen       total 84480K, used 70517K [0x00000000d0000000, 0x00000000d5280000, 0x00000000f0000000)
  object space 84480K, 83% used [0x00000000d0000000,0x00000000d44dd6d0,0x00000000d5280000)
 Metaspace       used 57734K, capacity 59242K, committed 59520K, reserved 1101824K
  class space    used 6767K, capacity 7251K, committed 7296K, reserved 1048576K
GC Heap History (10 events):
Event: 8,510 GC heap before
{Heap before GC invocations=62 (full 5):
 PSYoungGen      total 235520K, used 223151K [0x00000000f0000000, 0x00000000ffd00000, 0x0000000100000000)
  eden space 215040K, 100% used [0x00000000f0000000,0x00000000fd200000,0x00000000fd200000)
  from space 20480K, 39% used [0x00000000fe900000,0x00000000ff0ebf10,0x00000000ffd00000)
  to   space 22016K, 0% used [0x00000000fd200000,0x00000000fd200000,0x00000000fe780000)
 ParOldGen       total 70656K, used 59164K [0x00000000d0000000, 0x00000000d4500000, 0x00000000f0000000)
  object space 70656K, 83% used [0x00000000d0000000,0x00000000d39c7058,0x00000000d4500000)
 Metaspace       used 52872K, capacity 54190K, committed 54400K, reserved 1097728K
  class space    used 6024K, capacity 6448K, committed 6528K, reserved 1048576K
Event: 8,535 GC heap after
Heap after GC invocations=62 (full 5):
 PSYoungGen      total 237056K, used 16803K [0x00000000f0000000, 0x0000000100000000, 0x0000000100000000)
  eden space 215040K, 0% used [0x00000000f0000000,0x00000000f0000000,0x00000000fd200000)
  from space 22016K, 76% used [0x00000000fd200000,0x00000000fe268f98,0x00000000fe780000)
  to   space 23552K, 0% used [0x00000000fe900000,0x00000000fe900000,0x0000000100000000)
 ParOldGen       total 70656K, used 59172K [0x00000000d0000000, 0x00000000d4500000, 0x00000000f0000000)
  object space 70656K, 83% used [0x00000000d0000000,0x00000000d39c9058,0x00000000d4500000)
 Metaspace       used 52872K, capacity 54190K, committed 54400K, reserved 1097728K
  class space    used 6024K, capacity 6448K, committed 6528K, reserved 1048576K
}
Event: 9,082 GC heap before
{Heap before GC invocations=63 (full 5):
 PSYoungGen      total 237056K, used 231843K [0x00000000f0000000, 0x0000000100000000, 0x0000000100000000)
  eden space 215040K, 100% used [0x00000000f0000000,0x00000000fd200000,0x00000000fd200000)
  from space 22016K, 76% used [0x00000000fd200000,0x00000000fe268f98,0x00000000fe780000)
  to   space 23552K, 0% used [0x00000000fe900000,0x00000000fe900000,0x0000000100000000)
 ParOldGen       total 70656K, used 59172K [0x00000000d0000000, 0x00000000d4500000, 0x00000000f0000000)
  object space 70656K, 83% used [0x00000000d0000000,0x00000000d39c9058,0x00000000d4500000)
 Metaspace       used 54960K, capacity 56276K, committed 56448K, reserved 1099776K
  class space    used 6309K, capacity 6716K, committed 6784K, reserved 1048576K
Event: 9,116 GC heap after
Heap after GC invocations=63 (full 5):
 PSYoungGen      total 227328K, used 23548K [0x00000000f0000000, 0x0000000100000000, 0x0000000100000000)
  eden space 203776K, 0% used [0x00000000f0000000,0x00000000f0000000,0x00000000fc700000)
  from space 23552K, 99% used [0x00000000fe900000,0x00000000fffff1f0,0x0000000100000000)
  to   space 29184K, 0% used [0x00000000fc700000,0x00000000fc700000,0x00000000fe380000)
 ParOldGen       total 70656K, used 63260K [0x00000000d0000000, 0x00000000d4500000, 0x00000000f0000000)
  object space 70656K, 89% used [0x00000000d0000000,0x00000000d3dc7390,0x00000000d4500000)
 Metaspace       used 54960K, capacity 56276K, committed 56448K, reserved 1099776K
  class space    used 6309K, capacity 6716K, committed 6784K, reserved 1048576K
}
Event: 9,550 GC heap before
{Heap before GC invocations=64 (full 5):
 PSYoungGen      total 227328K, used 227324K [0x00000000f0000000, 0x0000000100000000, 0x0000000100000000)
  eden space 203776K, 100% used [0x00000000f0000000,0x00000000fc700000,0x00000000fc700000)
  from space 23552K, 99% used [0x00000000fe900000,0x00000000fffff1f0,0x0000000100000000)
  to   space 29184K, 0% used [0x00000000fc700000,0x00000000fc700000,0x00000000fe380000)
 ParOldGen       total 70656K, used 63260K [0x00000000d0000000, 0x00000000d4500000, 0x00000000f0000000)
  object space 70656K, 89% used [0x00000000d0000000,0x00000000d3dc7390,0x00000000d4500000)
 Metaspace       used 56275K, capacity 57740K, committed 57984K, reserved 1099776K
  class space    used 6507K, capacity 6987K, committed 7040K, reserved 1048576K
Event: 9,591 GC heap after
Heap after GC invocations=64 (full 5):
 PSYoungGen      total 232960K, used 29183K [0x00000000f0000000, 0x0000000100000000, 0x0000000100000000)
  eden space 203776K, 0% used [0x00000000f0000000,0x00000000f0000000,0x00000000fc700000)
  from space 29184K, 99% used [0x00000000fc700000,0x00000000fe37ff40,0x00000000fe380000)
  to   space 29184K, 0% used [0x00000000fe380000,0x00000000fe380000,0x0000000100000000)
 ParOldGen       total 70656K, used 65125K [0x00000000d0000000, 0x00000000d4500000, 0x00000000f0000000)
  object space 70656K, 92% used [0x00000000d0000000,0x00000000d3f99470,0x00000000d4500000)
 Metaspace       used 56275K, capacity 57740K, committed 57984K, reserved 1099776K
  class space    used 6507K, capacity 6987K, committed 7040K, reserved 1048576K
}
Event: 9,591 GC heap before
{Heap before GC invocations=65 (full 6):
 PSYoungGen      total 232960K, used 29183K [0x00000000f0000000, 0x0000000100000000, 0x0000000100000000)
  eden space 203776K, 0% used [0x00000000f0000000,0x00000000f0000000,0x00000000fc700000)
  from space 29184K, 99% used [0x00000000fc700000,0x00000000fe37ff40,0x00000000fe380000)
  to   space 29184K, 0% used [0x00000000fe380000,0x00000000fe380000,0x0000000100000000)
 ParOldGen       total 70656K, used 65125K [0x00000000d0000000, 0x00000000d4500000, 0x00000000f0000000)
  object space 70656K, 92% used [0x00000000d0000000,0x00000000d3f99470,0x00000000d4500000)
 Metaspace       used 56275K, capacity 57740K, committed 57984K, reserved 1099776K
  class space    used 6507K, capacity 6987K, committed 7040K, reserved 1048576K
Event: 10,127 GC heap after
Heap after GC invocations=65 (full 6):
 PSYoungGen      total 232960K, used 22394K [0x00000000f0000000, 0x0000000100000000, 0x0000000100000000)
  eden space 203776K, 0% used [0x00000000f0000000,0x00000000f0000000,0x00000000fc700000)
  from space 29184K, 76% used [0x00000000fc700000,0x00000000fdcde8d8,0x00000000fe380000)
  to   space 29184K, 0% used [0x00000000fe380000,0x00000000fe380000,0x0000000100000000)
 ParOldGen       total 84480K, used 70509K [0x00000000d0000000, 0x00000000d5280000, 0x00000000f0000000)
  object space 84480K, 83% used [0x00000000d0000000,0x00000000d44db6d0,0x00000000d5280000)
 Metaspace       used 56275K, capacity 57740K, committed 57984K, reserved 1099776K
  class space    used 6507K, capacity 6987K, committed 7040K, reserved 1048576K
}
Event: 10,329 GC heap before
{Heap before GC invocations=66 (full 6):
 PSYoungGen      total 232960K, used 222764K [0x00000000f0000000, 0x0000000100000000, 0x0000000100000000)
  eden space 203776K, 98% used [0x00000000f0000000,0x00000000fc3aca48,0x00000000fc700000)
  from space 29184K, 76% used [0x00000000fc700000,0x00000000fdcde8d8,0x00000000fe380000)
  to   space 29184K, 0% used [0x00000000fe380000,0x00000000fe380000,0x0000000100000000)
 ParOldGen       total 84480K, used 70509K [0x00000000d0000000, 0x00000000d5280000, 0x00000000f0000000)
  object space 84480K, 83% used [0x00000000d0000000,0x00000000d44db6d0,0x00000000d5280000)
 Metaspace       used 57454K, capacity 58986K, committed 59264K, reserved 1101824K
  class space    used 6721K, capacity 7187K, committed 7296K, reserved 1048576K
Event: 10,363 GC heap after
Heap after GC invocations=66 (full 6):
 PSYoungGen      total 217600K, used 25589K [0x00000000f0000000, 0x0000000100000000, 0x0000000100000000)
  eden space 188416K, 0% used [0x00000000f0000000,0x00000000f0000000,0x00000000fb800000)
  from space 29184K, 87% used [0x00000000fe380000,0x00000000ffc7d440,0x0000000100000000)
  to   space 36864K, 0% used [0x00000000fb800000,0x00000000fb800000,0x00000000fdc00000)
 ParOldGen       total 84480K, used 70517K [0x00000000d0000000, 0x00000000d5280000, 0x00000000f0000000)
  object space 84480K, 83% used [0x00000000d0000000,0x00000000d44dd6d0,0x00000000d5280000)
 Metaspace       used 57454K, capacity 58986K, committed 59264K, reserved 1101824K
  class space    used 6721K, capacity 7187K, committed 7296K, reserved 1048576K
}

