# JRE version: Java(TM) SE Runtime Environment (8.0_05-b13) (build 1.8.0_05-b13)
# Java VM: Java HotSpot(TM) 64-Bit Server VM (25.5-b02 mixed mode linux-amd64 compressed oops)
Heap:
 PSYoungGen      total 230400K, used 32045K [0x00000000f0000000, 0x0000000100000000, 0x0000000100000000)
  eden space 200704K, 1% used [0x00000000f0000000,0x00000000f0264a10,0x00000000fc400000)
  from space 29696K, 99% used [0x00000000fc400000,0x00000000fe0e6a58,0x00000000fe100000)
  to   space 31744K, 0% used [0x00000000fe100000,0x00000000fe100000,0x0000000100000000)
 ParOldGen       total 71168K, used 57969K [0x00000000d0000000, 0x00000000d4580000, 0x00000000f0000000)
  object space 71168K, 81% used [0x00000000d0000000,0x00000000d389c7c8,0x00000000d4580000)
 Metaspace       used 54738K, capacity 56120K, committed 56444K, reserved 1099776K
  class space    used 6303K, capacity 6699K, committed 6784K, reserved 1048576K
GC Heap History (10 events):
Event: 7,128 GC heap before
{Heap before GC invocations=62 (full 5):
 PSYoungGen      total 229376K, used 198656K [0x00000000f0000000, 0x00000000fff00000, 0x0000000100000000)
  eden space 198656K, 100% used [0x00000000f0000000,0x00000000fc200000,0x00000000fc200000)
  from space 30720K, 0% used [0x00000000fe100000,0x00000000fe100000,0x00000000fff00000)
  to   space 31232K, 0% used [0x00000000fc200000,0x00000000fc200000,0x00000000fe080000)
 ParOldGen       total 71168K, used 57929K [0x00000000d0000000, 0x00000000d4580000, 0x00000000f0000000)
  object space 71168K, 81% used [0x00000000d0000000,0x00000000d38927c8,0x00000000d4580000)
 Metaspace       used 48665K, capacity 49924K, committed 50300K, reserved 1093632K
  class space    used 5514K, capacity 5931K, committed 6016K, reserved 1048576K
Event: 7,132 GC heap after
Heap after GC invocations=62 (full 5):
 PSYoungGen      total 229888K, used 2262K [0x00000000f0000000, 0x0000000100000000, 0x0000000100000000)
  eden space 198656K, 0% used [0x00000000f0000000,0x00000000f0000000,0x00000000fc200000)
  from space 31232K, 7% used [0x00000000fc200000,0x00000000fc435a68,0x00000000fe080000)
  to   space 31232K, 0% used [0x00000000fe180000,0x00000000fe180000,0x0000000100000000)
 ParOldGen       total 71168K, used 57937K [0x00000000d0000000, 0x00000000d4580000, 0x00000000f0000000)
  object space 71168K, 81% used [0x00000000d0000000,0x00000000d38947c8,0x00000000d4580000)
 Metaspace       used 48665K, capacity 49924K, committed 50300K, reserved 1093632K
  class space    used 5514K, capacity 5931K, committed 6016K, reserved 1048576K
}
Event: 7,450 GC heap before
{Heap before GC invocations=63 (full 5):
 PSYoungGen      total 229888K, used 200918K [0x00000000f0000000, 0x0000000100000000, 0x0000000100000000)
  eden space 198656K, 100% used [0x00000000f0000000,0x00000000fc200000,0x00000000fc200000)
  from space 31232K, 7% used [0x00000000fc200000,0x00000000fc435a68,0x00000000fe080000)
  to   space 31232K, 0% used [0x00000000fe180000,0x00000000fe180000,0x0000000100000000)
 ParOldGen       total 71168K, used 57937K [0x00000000d0000000, 0x00000000d4580000, 0x00000000f0000000)
  object space 71168K, 81% used [0x00000000d0000000,0x00000000d38947c8,0x00000000d4580000)
 Metaspace       used 50187K, capacity 51402K, committed 51708K, reserved 1095680K
  class space    used 5734K, capacity 6124K, committed 6144K, reserved 1048576K
Event: 7,458 GC heap after
Heap after GC invocations=63 (full 5):
 PSYoungGen      total 228864K, used 5208K [0x00000000f0000000, 0x00000000ffe00000, 0x0000000100000000)
  eden space 199680K, 0% used [0x00000000f0000000,0x00000000f0000000,0x00000000fc300000)
  from space 29184K, 17% used [0x00000000fe180000,0x00000000fe6961e0,0x00000000ffe00000)
  to   space 30208K, 0% used [0x00000000fc300000,0x00000000fc300000,0x00000000fe080000)
 ParOldGen       total 71168K, used 57945K [0x00000000d0000000, 0x00000000d4580000, 0x00000000f0000000)
  object space 71168K, 81% used [0x00000000d0000000,0x00000000d38967c8,0x00000000d4580000)
 Metaspace       used 50187K, capacity 51402K, committed 51708K, reserved 1095680K
  class space    used 5734K, capacity 6124K, committed 6144K, reserved 1048576K
}
Event: 7,909 GC heap before
{Heap before GC invocations=64 (full 5):
 PSYoungGen      total 228864K, used 204888K [0x00000000f0000000, 0x00000000ffe00000, 0x0000000100000000)
  eden space 199680K, 100% used [0x00000000f0000000,0x00000000fc300000,0x00000000fc300000)
  from space 29184K, 17% used [0x00000000fe180000,0x00000000fe6961e0,0x00000000ffe00000)
  to   space 30208K, 0% used [0x00000000fc300000,0x00000000fc300000,0x00000000fe080000)
 ParOldGen       total 71168K, used 57945K [0x00000000d0000000, 0x00000000d4580000, 0x00000000f0000000)
  object space 71168K, 81% used [0x00000000d0000000,0x00000000d38967c8,0x00000000d4580000)
 Metaspace       used 51142K, capacity 52396K, committed 52604K, reserved 1095680K
  class space    used 5848K, capacity 6232K, committed 6272K, reserved 1048576K
Event: 7,920 GC heap after
Heap after GC invocations=64 (full 5):
 PSYoungGen      total 229888K, used 10688K [0x00000000f0000000, 0x00000000ffd00000, 0x0000000100000000)
  eden space 199680K, 0% used [0x00000000f0000000,0x00000000f0000000,0x00000000fc300000)
  from space 30208K, 35% used [0x00000000fc300000,0x00000000fcd70390,0x00000000fe080000)
  to   space 28160K, 0% used [0x00000000fe180000,0x00000000fe180000,0x00000000ffd00000)
 ParOldGen       total 71168K, used 57953K [0x00000000d0000000, 0x00000000d4580000, 0x00000000f0000000)
  object space 71168K, 81% used [0x00000000d0000000,0x00000000d38987c8,0x00000000d4580000)
 Metaspace       used 51142K, capacity 52396K, committed 52604K, reserved 1095680K
  class space    used 5848K, capacity 6232K, committed 6272K, reserved 1048576K
}
Event: 8,478 GC heap before
{Heap before GC invocations=65 (full 5):
 PSYoungGen      total 229888K, used 210368K [0x00000000f0000000, 0x00000000ffd00000, 0x0000000100000000)
  eden space 199680K, 100% used [0x00000000f0000000,0x00000000fc300000,0x00000000fc300000)
  from space 30208K, 35% used [0x00000000fc300000,0x00000000fcd70390,0x00000000fe080000)
  to   space 28160K, 0% used [0x00000000fe180000,0x00000000fe180000,0x00000000ffd00000)
 ParOldGen       total 71168K, used 57953K [0x00000000d0000000, 0x00000000d4580000, 0x00000000f0000000)
  object space 71168K, 81% used [0x00000000d0000000,0x00000000d38987c8,0x00000000d4580000)
 Metaspace       used 52840K, capacity 54214K, committed 54652K, reserved 1097728K
  class space    used 6001K, capacity 6406K, committed 6528K, reserved 1048576K
Event: 8,494 GC heap after
Heap after GC invocations=65 (full 5):
 PSYoungGen      total 228864K, used 20618K [0x00000000f0000000, 0x0000000100000000, 0x0000000100000000)
  eden space 200704K, 0% used [0x00000000f0000000,0x00000000f0000000,0x00000000fc400000)
  from space 28160K, 73% used [0x00000000fe180000,0x00000000ff5a2a60,0x00000000ffd00000)
  to   space 30208K, 0% used [0x00000000fc400000,0x00000000fc400000,0x00000000fe180000)
 ParOldGen       total 71168K, used 57961K [0x00000000d0000000, 0x00000000d4580000, 0x00000000f0000000)
  object space 71168K, 81% used [0x00000000d0000000,0x00000000d389a7c8,0x00000000d4580000)
 Metaspace       used 52840K, capacity 54214K, committed 54652K, reserved 1097728K
  class space    used 6001K, capacity 6406K, committed 6528K, reserved 1048576K
}
Event: 8,961 GC heap before
{Heap before GC invocations=66 (full 5):
 PSYoungGen      total 228864K, used 221322K [0x00000000f0000000, 0x0000000100000000, 0x0000000100000000)
  eden space 200704K, 100% used [0x00000000f0000000,0x00000000fc400000,0x00000000fc400000)
  from space 28160K, 73% used [0x00000000fe180000,0x00000000ff5a2a60,0x00000000ffd00000)
  to   space 30208K, 0% used [0x00000000fc400000,0x00000000fc400000,0x00000000fe180000)
 ParOldGen       total 71168K, used 57961K [0x00000000d0000000, 0x00000000d4580000, 0x00000000f0000000)
  object space 71168K, 81% used [0x00000000d0000000,0x00000000d389a7c8,0x00000000d4580000)
 Metaspace       used 54738K, capacity 56120K, committed 56444K, reserved 1099776K
  class space    used 6303K, capacity 6699K, committed 6784K, reserved 1048576K
Event: 8,983 GC heap after
Heap after GC invocations=66 (full 5):
 PSYoungGen      total 230400K, used 29594K [0x00000000f0000000, 0x0000000100000000, 0x0000000100000000)
  eden space 200704K, 0% used [0x00000000f0000000,0x00000000f0000000,0x00000000fc400000)
  from space 29696K, 99% used [0x00000000fc400000,0x00000000fe0e6a58,0x00000000fe100000)
  to   space 31744K, 0% used [0x00000000fe100000,0x00000000fe100000,0x0000000100000000)
 ParOldGen       total 71168K, used 57969K [0x00000000d0000000, 0x00000000d4580000, 0x00000000f0000000)
  object space 71168K, 81% used [0x00000000d0000000,0x00000000d389c7c8,0x00000000d4580000)
 Metaspace       used 54738K, capacity 56120K, committed 56444K, reserved 1099776K
  class space    used 6303K, capacity 6699K, committed 6784K, reserved 1048576K
}

