# JRE version: Java(TM) SE Runtime Environment (8.0_05-b13) (build 1.8.0_05-b13)
# Java VM: Java HotSpot(TM) 64-Bit Server VM (25.5-b02 mixed mode linux-amd64 compressed oops)
Heap:
 PSYoungGen      total 190464K, used 174804K [0x00000000f0000000, 0x00000000fed80000, 0x0000000100000000)
  eden space 164864K, 97% used [0x00000000f0000000,0x00000000f9ccb9e0,0x00000000fa100000)
  from space 25600K, 55% used [0x00000000fa100000,0x00000000faee98d8,0x00000000fba00000)
  to   space 29184K, 0% used [0x00000000fd100000,0x00000000fd100000,0x00000000fed80000)
 ParOldGen       total 76288K, used 63923K [0x00000000d0000000, 0x00000000d4a80000, 0x00000000f0000000)
  object space 76288K, 83% used [0x00000000d0000000,0x00000000d3e6ce20,0x00000000d4a80000)
 Metaspace       used 56036K, capacity 57424K, committed 57600K, reserved 1099776K
  class space    used 6462K, capacity 6900K, committed 6912K, reserved 1048576K
GC Heap History (10 events):
Event: 7,203 GC heap before
{Heap before GC invocations=34 (full 2):
 PSYoungGen      total 151040K, used 148878K [0x00000000f0000000, 0x00000000fb880000, 0x0000000100000000)
  eden space 135168K, 100% used [0x00000000f0000000,0x00000000f8400000,0x00000000f8400000)
  from space 15872K, 86% used [0x00000000f8400000,0x00000000f9163ae0,0x00000000f9380000)
  to   space 17920K, 0% used [0x00000000fa700000,0x00000000fa700000,0x00000000fb880000)
 ParOldGen       total 64000K, used 48118K [0x00000000d0000000, 0x00000000d3e80000, 0x00000000f0000000)
  object space 64000K, 75% used [0x00000000d0000000,0x00000000d2efd8a8,0x00000000d3e80000)
 Metaspace       used 50147K, capacity 51408K, committed 51712K, reserved 1095680K
  class space    used 5700K, capacity 6105K, committed 6144K, reserved 1048576K
Event: 7,228 GC heap after
Heap after GC invocations=34 (full 2):
 PSYoungGen      total 169472K, used 14483K [0x00000000f0000000, 0x00000000fbc00000, 0x0000000100000000)
  eden space 151552K, 0% used [0x00000000f0000000,0x00000000f0000000,0x00000000f9400000)
  from space 17920K, 80% used [0x00000000fa700000,0x00000000fb524fb8,0x00000000fb880000)
  to   space 19456K, 0% used [0x00000000f9400000,0x00000000f9400000,0x00000000fa700000)
 ParOldGen       total 64000K, used 48126K [0x00000000d0000000, 0x00000000d3e80000, 0x00000000f0000000)
  object space 64000K, 75% used [0x00000000d0000000,0x00000000d2eff8a8,0x00000000d3e80000)
 Metaspace       used 50147K, capacity 51408K, committed 51712K, reserved 1095680K
  class space    used 5700K, capacity 6105K, committed 6144K, reserved 1048576K
}
Event: 7,764 GC heap before
{Heap before GC invocations=35 (full 2):
 PSYoungGen      total 169472K, used 166035K [0x00000000f0000000, 0x00000000fbc00000, 0x0000000100000000)
  eden space 151552K, 100% used [0x00000000f0000000,0x00000000f9400000,0x00000000f9400000)
  from space 17920K, 80% used [0x00000000fa700000,0x00000000fb524fb8,0x00000000fb880000)
  to   space 19456K, 0% used [0x00000000f9400000,0x00000000f9400000,0x00000000fa700000)
 ParOldGen       total 64000K, used 48126K [0x00000000d0000000, 0x00000000d3e80000, 0x00000000f0000000)
  object space 64000K, 75% used [0x00000000d0000000,0x00000000d2eff8a8,0x00000000d3e80000)
 Metaspace       used 51417K, capacity 52616K, committed 52864K, reserved 1095680K
  class space    used 5867K, capacity 6270K, committed 6272K, reserved 1048576K
Event: 7,785 GC heap after
Heap after GC invocations=35 (full 2):
 PSYoungGen      total 171008K, used 17682K [0x00000000f0000000, 0x00000000fcf80000, 0x0000000100000000)
  eden space 151552K, 0% used [0x00000000f0000000,0x00000000f0000000,0x00000000f9400000)
  from space 19456K, 90% used [0x00000000f9400000,0x00000000fa544870,0x00000000fa700000)
  to   space 22016K, 0% used [0x00000000fba00000,0x00000000fba00000,0x00000000fcf80000)
 ParOldGen       total 64000K, used 48134K [0x00000000d0000000, 0x00000000d3e80000, 0x00000000f0000000)
  object space 64000K, 75% used [0x00000000d0000000,0x00000000d2f018a8,0x00000000d3e80000)
 Metaspace       used 51417K, capacity 52616K, committed 52864K, reserved 1095680K
  class space    used 5867K, capacity 6270K, committed 6272K, reserved 1048576K
}
Event: 8,222 GC heap before
{Heap before GC invocations=36 (full 2):
 PSYoungGen      total 171008K, used 169234K [0x00000000f0000000, 0x00000000fcf80000, 0x0000000100000000)
  eden space 151552K, 100% used [0x00000000f0000000,0x00000000f9400000,0x00000000f9400000)
  from space 19456K, 90% used [0x00000000f9400000,0x00000000fa544870,0x00000000fa700000)
  to   space 22016K, 0% used [0x00000000fba00000,0x00000000fba00000,0x00000000fcf80000)
 ParOldGen       total 64000K, used 48134K [0x00000000d0000000, 0x00000000d3e80000, 0x00000000f0000000)
  object space 64000K, 75% used [0x00000000d0000000,0x00000000d2f018a8,0x00000000d3e80000)
 Metaspace       used 52239K, capacity 53592K, committed 53888K, reserved 1097728K
  class space    used 5973K, capacity 6414K, committed 6528K, reserved 1048576K
Event: 8,253 GC heap after
Heap after GC invocations=36 (full 2):
 PSYoungGen      total 186880K, used 21998K [0x00000000f0000000, 0x00000000fd800000, 0x0000000100000000)
  eden space 164864K, 0% used [0x00000000f0000000,0x00000000f0000000,0x00000000fa100000)
  from space 22016K, 99% used [0x00000000fba00000,0x00000000fcf7b968,0x00000000fcf80000)
  to   space 25600K, 0% used [0x00000000fa100000,0x00000000fa100000,0x00000000fba00000)
 ParOldGen       total 64000K, used 49124K [0x00000000d0000000, 0x00000000d3e80000, 0x00000000f0000000)
  object space 64000K, 76% used [0x00000000d0000000,0x00000000d2ff9078,0x00000000d3e80000)
 Metaspace       used 52239K, capacity 53592K, committed 53888K, reserved 1097728K
  class space    used 5973K, capacity 6414K, committed 6528K, reserved 1048576K
}
Event: 8,846 GC heap before
{Heap before GC invocations=37 (full 2):
 PSYoungGen      total 186880K, used 186862K [0x00000000f0000000, 0x00000000fd800000, 0x0000000100000000)
  eden space 164864K, 100% used [0x00000000f0000000,0x00000000fa100000,0x00000000fa100000)
  from space 22016K, 99% used [0x00000000fba00000,0x00000000fcf7b968,0x00000000fcf80000)
  to   space 25600K, 0% used [0x00000000fa100000,0x00000000fa100000,0x00000000fba00000)
 ParOldGen       total 64000K, used 49124K [0x00000000d0000000, 0x00000000d3e80000, 0x00000000f0000000)
  object space 64000K, 76% used [0x00000000d0000000,0x00000000d2ff9078,0x00000000d3e80000)
 Metaspace       used 53721K, capacity 55108K, committed 55168K, reserved 1097728K
  class space    used 6090K, capacity 6513K, committed 6528K, reserved 1048576K
Event: 8,877 GC heap after
Heap after GC invocations=37 (full 2):
 PSYoungGen      total 190464K, used 24144K [0x00000000f0000000, 0x00000000fed80000, 0x0000000100000000)
  eden space 164864K, 0% used [0x00000000f0000000,0x00000000f0000000,0x00000000fa100000)
  from space 25600K, 94% used [0x00000000fa100000,0x00000000fb8940f0,0x00000000fba00000)
  to   space 29184K, 0% used [0x00000000fd100000,0x00000000fd100000,0x00000000fed80000)
 ParOldGen       total 64000K, used 56402K [0x00000000d0000000, 0x00000000d3e80000, 0x00000000f0000000)
  object space 64000K, 88% used [0x00000000d0000000,0x00000000d37149d8,0x00000000d3e80000)
 Metaspace       used 53721K, capacity 55108K, committed 55168K, reserved 1097728K
  class space    used 6090K, capacity 6513K, committed 6528K, reserved 1048576K
}
Event: 8,877 GC heap before
{Heap before GC invocations=38 (full 3):
 PSYoungGen      total 190464K, used 24144K [0x00000000f0000000, 0x00000000fed80000, 0x0000000100000000)
  eden space 164864K, 0% used [0x00000000f0000000,0x00000000f0000000,0x00000000fa100000)
  from space 25600K, 94% used [0x00000000fa100000,0x00000000fb8940f0,0x00000000fba00000)
  to   space 29184K, 0% used [0x00000000fd100000,0x00000000fd100000,0x00000000fed80000)
 ParOldGen       total 64000K, used 56402K [0x00000000d0000000, 0x00000000d3e80000, 0x00000000f0000000)
  object space 64000K, 88% used [0x00000000d0000000,0x00000000d37149d8,0x00000000d3e80000)
 Metaspace       used 53721K, capacity 55108K, committed 55168K, reserved 1097728K
  class space    used 6090K, capacity 6513K, committed 6528K, reserved 1048576K
Event: 9,318 GC heap after
Heap after GC invocations=38 (full 3):
 PSYoungGen      total 190464K, used 14246K [0x00000000f0000000, 0x00000000fed80000, 0x0000000100000000)
  eden space 164864K, 0% used [0x00000000f0000000,0x00000000f0000000,0x00000000fa100000)
  from space 25600K, 55% used [0x00000000fa100000,0x00000000faee98d8,0x00000000fba00000)
  to   space 29184K, 0% used [0x00000000fd100000,0x00000000fd100000,0x00000000fed80000)
 ParOldGen       total 76288K, used 63923K [0x00000000d0000000, 0x00000000d4a80000, 0x00000000f0000000)
  object space 76288K, 83% used [0x00000000d0000000,0x00000000d3e6ce20,0x00000000d4a80000)
 Metaspace       used 53721K, capacity 55108K, committed 55168K, reserved 1097728K
  class space    used 6090K, capacity 6513K, committed 6528K, reserved 1048576K
}

