# JRE version: Java(TM) SE Runtime Environment (8.0_05-b13) (build 1.8.0_05-b13)
# Java VM: Java HotSpot(TM) 64-Bit Server VM (25.5-b02 mixed mode linux-amd64 compressed oops)
Heap:
 PSYoungGen      total 234496K, used 52321K [0x00000000f0000000, 0x0000000100000000, 0x0000000100000000)
  eden space 206848K, 11% used [0x00000000f0000000,0x00000000f181d0b8,0x00000000fca00000)
  from space 27648K, 99% used [0x00000000fca00000,0x00000000fe4fb450,0x00000000fe500000)
  to   space 27648K, 0% used [0x00000000fe500000,0x00000000fe500000,0x0000000100000000)
 ParOldGen       total 77312K, used 61506K [0x00000000d0000000, 0x00000000d4b80000, 0x00000000f0000000)
  object space 77312K, 79% used [0x00000000d0000000,0x00000000d3c10b20,0x00000000d4b80000)
 Metaspace       used 55088K, capacity 56426K, committed 56704K, reserved 1099776K
  class space    used 6357K, capacity 6741K, committed 6784K, reserved 1048576K
GC Heap History (10 events):
Event: 7,521 GC heap before
{Heap before GC invocations=67 (full 8):
 PSYoungGen      total 206848K, used 174062K [0x00000000f0000000, 0x00000000fe580000, 0x0000000100000000)
  eden space 181760K, 95% used [0x00000000f0000000,0x00000000fa9fb8a0,0x00000000fb180000)
  from space 25088K, 0% used [0x00000000fcd00000,0x00000000fcd00000,0x00000000fe580000)
  to   space 26624K, 0% used [0x00000000fb180000,0x00000000fb180000,0x00000000fcb80000)
 ParOldGen       total 77312K, used 57652K [0x00000000d0000000, 0x00000000d4b80000, 0x00000000f0000000)
  object space 77312K, 74% used [0x00000000d0000000,0x00000000d384d148,0x00000000d4b80000)
 Metaspace       used 49678K, capacity 50886K, committed 51200K, reserved 1093632K
  class space    used 5651K, capacity 6060K, committed 6144K, reserved 1048576K
Event: 7,525 GC heap after
Heap after GC invocations=67 (full 8):
 PSYoungGen      total 208384K, used 3374K [0x00000000f0000000, 0x00000000ff600000, 0x0000000100000000)
  eden space 181760K, 0% used [0x00000000f0000000,0x00000000f0000000,0x00000000fb180000)
  from space 26624K, 12% used [0x00000000fb180000,0x00000000fb4cb990,0x00000000fcb80000)
  to   space 26624K, 0% used [0x00000000fdc00000,0x00000000fdc00000,0x00000000ff600000)
 ParOldGen       total 77312K, used 57660K [0x00000000d0000000, 0x00000000d4b80000, 0x00000000f0000000)
  object space 77312K, 74% used [0x00000000d0000000,0x00000000d384f148,0x00000000d4b80000)
 Metaspace       used 49678K, capacity 50886K, committed 51200K, reserved 1093632K
  class space    used 5651K, capacity 6060K, committed 6144K, reserved 1048576K
}
Event: 7,798 GC heap before
{Heap before GC invocations=68 (full 8):
 PSYoungGen      total 208384K, used 177125K [0x00000000f0000000, 0x00000000ff600000, 0x0000000100000000)
  eden space 181760K, 95% used [0x00000000f0000000,0x00000000fa9add48,0x00000000fb180000)
  from space 26624K, 12% used [0x00000000fb180000,0x00000000fb4cb990,0x00000000fcb80000)
  to   space 26624K, 0% used [0x00000000fdc00000,0x00000000fdc00000,0x00000000ff600000)
 ParOldGen       total 77312K, used 57660K [0x00000000d0000000, 0x00000000d4b80000, 0x00000000f0000000)
  object space 77312K, 74% used [0x00000000d0000000,0x00000000d384f148,0x00000000d4b80000)
 Metaspace       used 50636K, capacity 51910K, committed 52096K, reserved 1095680K
  class space    used 5788K, capacity 6188K, committed 6272K, reserved 1048576K
Event: 7,806 GC heap after
Heap after GC invocations=68 (full 8):
 PSYoungGen      total 220160K, used 5835K [0x00000000f0000000, 0x00000000ff280000, 0x0000000100000000)
  eden space 197120K, 0% used [0x00000000f0000000,0x00000000f0000000,0x00000000fc080000)
  from space 23040K, 25% used [0x00000000fdc00000,0x00000000fe1b2f98,0x00000000ff280000)
  to   space 25600K, 0% used [0x00000000fc080000,0x00000000fc080000,0x00000000fd980000)
 ParOldGen       total 77312K, used 57668K [0x00000000d0000000, 0x00000000d4b80000, 0x00000000f0000000)
  object space 77312K, 74% used [0x00000000d0000000,0x00000000d3851148,0x00000000d4b80000)
 Metaspace       used 50636K, capacity 51910K, committed 52096K, reserved 1095680K
  class space    used 5788K, capacity 6188K, committed 6272K, reserved 1048576K
}
Event: 8,240 GC heap before
{Heap before GC invocations=69 (full 8):
 PSYoungGen      total 220160K, used 202955K [0x00000000f0000000, 0x00000000ff280000, 0x0000000100000000)
  eden space 197120K, 100% used [0x00000000f0000000,0x00000000fc080000,0x00000000fc080000)
  from space 23040K, 25% used [0x00000000fdc00000,0x00000000fe1b2f98,0x00000000ff280000)
  to   space 25600K, 0% used [0x00000000fc080000,0x00000000fc080000,0x00000000fd980000)
 ParOldGen       total 77312K, used 57668K [0x00000000d0000000, 0x00000000d4b80000, 0x00000000f0000000)
  object space 77312K, 74% used [0x00000000d0000000,0x00000000d3851148,0x00000000d4b80000)
 Metaspace       used 51441K, capacity 52702K, committed 52864K, reserved 1095680K
  class space    used 5883K, capacity 6272K, committed 6272K, reserved 1048576K
Event: 8,264 GC heap after
Heap after GC invocations=69 (full 8):
 PSYoungGen      total 222720K, used 11762K [0x00000000f0000000, 0x0000000100000000, 0x0000000100000000)
  eden space 197120K, 0% used [0x00000000f0000000,0x00000000f0000000,0x00000000fc080000)
  from space 25600K, 45% used [0x00000000fc080000,0x00000000fcbfc958,0x00000000fd980000)
  to   space 24576K, 0% used [0x00000000fe800000,0x00000000fe800000,0x0000000100000000)
 ParOldGen       total 77312K, used 57676K [0x00000000d0000000, 0x00000000d4b80000, 0x00000000f0000000)
  object space 77312K, 74% used [0x00000000d0000000,0x00000000d3853148,0x00000000d4b80000)
 Metaspace       used 51441K, capacity 52702K, committed 52864K, reserved 1095680K
  class space    used 5883K, capacity 6272K, committed 6272K, reserved 1048576K
}
Event: 8,787 GC heap before
{Heap before GC invocations=70 (full 8):
 PSYoungGen      total 222720K, used 208882K [0x00000000f0000000, 0x0000000100000000, 0x0000000100000000)
  eden space 197120K, 100% used [0x00000000f0000000,0x00000000fc080000,0x00000000fc080000)
  from space 25600K, 45% used [0x00000000fc080000,0x00000000fcbfc958,0x00000000fd980000)
  to   space 24576K, 0% used [0x00000000fe800000,0x00000000fe800000,0x0000000100000000)
 ParOldGen       total 77312K, used 57676K [0x00000000d0000000, 0x00000000d4b80000, 0x00000000f0000000)
  object space 77312K, 74% used [0x00000000d0000000,0x00000000d3853148,0x00000000d4b80000)
 Metaspace       used 52970K, capacity 54274K, committed 54656K, reserved 1097728K
  class space    used 6019K, capacity 6406K, committed 6528K, reserved 1048576K
Event: 8,804 GC heap after
Heap after GC invocations=70 (full 8):
 PSYoungGen      total 231424K, used 21074K [0x00000000f0000000, 0x0000000100000000, 0x0000000100000000)
  eden space 206848K, 0% used [0x00000000f0000000,0x00000000f0000000,0x00000000fca00000)
  from space 24576K, 85% used [0x00000000fe800000,0x00000000ffc94b30,0x0000000100000000)
  to   space 27648K, 0% used [0x00000000fca00000,0x00000000fca00000,0x00000000fe500000)
 ParOldGen       total 77312K, used 57684K [0x00000000d0000000, 0x00000000d4b80000, 0x00000000f0000000)
  object space 77312K, 74% used [0x00000000d0000000,0x00000000d3855148,0x00000000d4b80000)
 Metaspace       used 52970K, capacity 54274K, committed 54656K, reserved 1097728K
  class space    used 6019K, capacity 6406K, committed 6528K, reserved 1048576K
}
Event: 9,310 GC heap before
{Heap before GC invocations=71 (full 8):
 PSYoungGen      total 231424K, used 226240K [0x00000000f0000000, 0x0000000100000000, 0x0000000100000000)
  eden space 206848K, 99% used [0x00000000f0000000,0x00000000fc85b530,0x00000000fca00000)
  from space 24576K, 85% used [0x00000000fe800000,0x00000000ffc94b30,0x0000000100000000)
  to   space 27648K, 0% used [0x00000000fca00000,0x00000000fca00000,0x00000000fe500000)
 ParOldGen       total 77312K, used 57684K [0x00000000d0000000, 0x00000000d4b80000, 0x00000000f0000000)
  object space 77312K, 74% used [0x00000000d0000000,0x00000000d3855148,0x00000000d4b80000)
 Metaspace       used 55030K, capacity 56360K, committed 56704K, reserved 1099776K
  class space    used 6346K, capacity 6739K, committed 6784K, reserved 1048576K
Event: 9,332 GC heap after
Heap after GC invocations=71 (full 8):
 PSYoungGen      total 234496K, used 27629K [0x00000000f0000000, 0x0000000100000000, 0x0000000100000000)
  eden space 206848K, 0% used [0x00000000f0000000,0x00000000f0000000,0x00000000fca00000)
  from space 27648K, 99% used [0x00000000fca00000,0x00000000fe4fb450,0x00000000fe500000)
  to   space 27648K, 0% used [0x00000000fe500000,0x00000000fe500000,0x0000000100000000)
 ParOldGen       total 77312K, used 61506K [0x00000000d0000000, 0x00000000d4b80000, 0x00000000f0000000)
  object space 77312K, 79% used [0x00000000d0000000,0x00000000d3c10b20,0x00000000d4b80000)
 Metaspace       used 55030K, capacity 56360K, committed 56704K, reserved 1099776K
  class space    used 6346K, capacity 6739K, committed 6784K, reserved 1048576K
}

